ARM GAS  /tmp/ccvcVqP0.s 			page 1


   1              		.cpu cortex-m4
   2              		.arch armv7e-m
   3              		.fpu fpv4-sp-d16
   4              		.eabi_attribute 27, 1
   5              		.eabi_attribute 28, 1
   6              		.eabi_attribute 20, 1
   7              		.eabi_attribute 21, 1
   8              		.eabi_attribute 23, 3
   9              		.eabi_attribute 24, 1
  10              		.eabi_attribute 25, 1
  11              		.eabi_attribute 26, 1
  12              		.eabi_attribute 30, 1
  13              		.eabi_attribute 34, 1
  14              		.eabi_attribute 18, 4
  15              		.file	"face_detector.c"
  16              		.text
  17              	.Ltext0:
  18              		.cfi_sections	.debug_frame
  19              		.file 1 "External/FaceDetector/Src/face_detector.c"
  20              		.section	.text.face_detector_reset_faces_arrays,"ax",%progbits
  21              		.align	1
  22              		.syntax unified
  23              		.thumb
  24              		.thumb_func
  26              	face_detector_reset_faces_arrays:
  27              	.LFB4:
   1:External/FaceDetector/Src/face_detector.c **** #include "face_detector.h"
   2:External/FaceDetector/Src/face_detector.c **** #include "face_detector_defs.h"
   3:External/FaceDetector/Src/face_detector.c **** #include "integral_image.h"
   4:External/FaceDetector/Src/face_detector.c **** #include <stdlib.h>
   5:External/FaceDetector/Src/face_detector.c **** 
   6:External/FaceDetector/Src/face_detector.c **** // Defines -------------------------------------------------------------------
   7:External/FaceDetector/Src/face_detector.c **** 
   8:External/FaceDetector/Src/face_detector.c **** #define MIN(a, b) \
   9:External/FaceDetector/Src/face_detector.c ****   ({ \
  10:External/FaceDetector/Src/face_detector.c ****     __typeof__(a) _a = (a); \
  11:External/FaceDetector/Src/face_detector.c ****     __typeof__(b) _b = (b); \
  12:External/FaceDetector/Src/face_detector.c ****     (_a > _b) ? _b : _a; \
  13:External/FaceDetector/Src/face_detector.c ****   })
  14:External/FaceDetector/Src/face_detector.c **** 
  15:External/FaceDetector/Src/face_detector.c **** // Static variables ----------------------------------------------------------
  16:External/FaceDetector/Src/face_detector.c **** 
  17:External/FaceDetector/Src/face_detector.c **** static face_detector_stage_handler stage_handler; 
  18:External/FaceDetector/Src/face_detector.c **** static stage *stages;
  19:External/FaceDetector/Src/face_detector.c **** static uint8_t current_stages_amount;
  20:External/FaceDetector/Src/face_detector.c **** static float scales[FACE_DETECTOR_SCALES_ARRAY_SIZE];
  21:External/FaceDetector/Src/face_detector.c **** static uint8_t scales_amount;
  22:External/FaceDetector/Src/face_detector.c **** 
  23:External/FaceDetector/Src/face_detector.c **** static area faces_areas[FACE_DETECTOR_MAX_FACE_AREAS];
  24:External/FaceDetector/Src/face_detector.c **** static uint8_t faces_amount;
  25:External/FaceDetector/Src/face_detector.c **** static area result_faces[FACE_DETECTOR_MAX_FACE_AREAS];
  26:External/FaceDetector/Src/face_detector.c **** static uint8_t result_faces_amount;
  27:External/FaceDetector/Src/face_detector.c **** 
  28:External/FaceDetector/Src/face_detector.c **** // Static prototypes ---------------------------------------------------------
  29:External/FaceDetector/Src/face_detector.c **** 
  30:External/FaceDetector/Src/face_detector.c **** static void face_detector_reset_faces_arrays(void);
  31:External/FaceDetector/Src/face_detector.c **** static float *face_detector_calculate_scales(
ARM GAS  /tmp/ccvcVqP0.s 			page 2


  32:External/FaceDetector/Src/face_detector.c ****   float base_scale,
  33:External/FaceDetector/Src/face_detector.c ****   float scale_increment,
  34:External/FaceDetector/Src/face_detector.c ****   const uint8_t image_size_x,
  35:External/FaceDetector/Src/face_detector.c ****   const uint8_t image_size_y
  36:External/FaceDetector/Src/face_detector.c **** );
  37:External/FaceDetector/Src/face_detector.c **** static void face_detector_calculate_scaled_features(void);
  38:External/FaceDetector/Src/face_detector.c **** static void face_detector_detect_faces(
  39:External/FaceDetector/Src/face_detector.c ****   const face_detector_arguments *const arguments
  40:External/FaceDetector/Src/face_detector.c **** );
  41:External/FaceDetector/Src/face_detector.c **** __attribute__((always_inline))
  42:External/FaceDetector/Src/face_detector.c **** inline static void face_detector_detect_face_window(
  43:External/FaceDetector/Src/face_detector.c ****   const lbp_feature_arguments *const feature_arguments,
  44:External/FaceDetector/Src/face_detector.c ****   uint8_t feature_size
  45:External/FaceDetector/Src/face_detector.c **** );
  46:External/FaceDetector/Src/face_detector.c **** static void face_detector_merge_faces_areas(uint8_t min_neighbours);
  47:External/FaceDetector/Src/face_detector.c **** static void face_detector_calculate_indexes_of_neighbours(
  48:External/FaceDetector/Src/face_detector.c ****   uint8_t *const similar_areas_indexes
  49:External/FaceDetector/Src/face_detector.c **** );
  50:External/FaceDetector/Src/face_detector.c **** static void face_detector_merge_neighbours(
  51:External/FaceDetector/Src/face_detector.c ****   uint8_t *const similar_areas_indexes,
  52:External/FaceDetector/Src/face_detector.c ****   uint8_t min_neighbours
  53:External/FaceDetector/Src/face_detector.c **** );
  54:External/FaceDetector/Src/face_detector.c **** __attribute__((always_inline))
  55:External/FaceDetector/Src/face_detector.c **** inline static area face_detector_combine_neighbours(
  56:External/FaceDetector/Src/face_detector.c ****   const uint8_t *const indexes,
  57:External/FaceDetector/Src/face_detector.c ****   const uint8_t amount
  58:External/FaceDetector/Src/face_detector.c **** );
  59:External/FaceDetector/Src/face_detector.c **** 
  60:External/FaceDetector/Src/face_detector.c **** // Implementations -----------------------------------------------------------
  61:External/FaceDetector/Src/face_detector.c **** 
  62:External/FaceDetector/Src/face_detector.c **** void face_detector_create(
  63:External/FaceDetector/Src/face_detector.c ****   uint8_t *const binary_classifiers_source,
  64:External/FaceDetector/Src/face_detector.c ****   const uint8_t stages_amount,
  65:External/FaceDetector/Src/face_detector.c ****   face_detector_stage_handler handler
  66:External/FaceDetector/Src/face_detector.c **** )
  67:External/FaceDetector/Src/face_detector.c **** {
  68:External/FaceDetector/Src/face_detector.c ****   stage_handler = handler;
  69:External/FaceDetector/Src/face_detector.c ****   current_stages_amount = stages_amount;
  70:External/FaceDetector/Src/face_detector.c **** 
  71:External/FaceDetector/Src/face_detector.c ****   stages = stage_handler.create_stage_from_source(
  72:External/FaceDetector/Src/face_detector.c ****     binary_classifiers_source,
  73:External/FaceDetector/Src/face_detector.c ****     stages_amount
  74:External/FaceDetector/Src/face_detector.c ****   );
  75:External/FaceDetector/Src/face_detector.c **** }
  76:External/FaceDetector/Src/face_detector.c **** 
  77:External/FaceDetector/Src/face_detector.c **** void face_detector_destroy()
  78:External/FaceDetector/Src/face_detector.c **** {
  79:External/FaceDetector/Src/face_detector.c ****   stage_handler = (face_detector_stage_handler) { 0 };
  80:External/FaceDetector/Src/face_detector.c ****   face_detector_reset_faces_arrays();
  81:External/FaceDetector/Src/face_detector.c **** 
  82:External/FaceDetector/Src/face_detector.c ****   scales_amount = 0;
  83:External/FaceDetector/Src/face_detector.c ****   scales_amount = 0;
  84:External/FaceDetector/Src/face_detector.c ****   current_stages_amount = 0;
  85:External/FaceDetector/Src/face_detector.c **** }
  86:External/FaceDetector/Src/face_detector.c **** 
  87:External/FaceDetector/Src/face_detector.c **** void face_detector_detect(
  88:External/FaceDetector/Src/face_detector.c ****   const face_detector_arguments *const arguments
ARM GAS  /tmp/ccvcVqP0.s 			page 3


  89:External/FaceDetector/Src/face_detector.c **** )
  90:External/FaceDetector/Src/face_detector.c **** {
  91:External/FaceDetector/Src/face_detector.c ****   face_detector_reset_faces_arrays();
  92:External/FaceDetector/Src/face_detector.c **** 
  93:External/FaceDetector/Src/face_detector.c ****   face_detector_calculate_scales(
  94:External/FaceDetector/Src/face_detector.c ****     arguments->base_scale,
  95:External/FaceDetector/Src/face_detector.c ****     arguments->scale_increment,
  96:External/FaceDetector/Src/face_detector.c ****     arguments->image_size_x,
  97:External/FaceDetector/Src/face_detector.c ****     arguments->image_size_y
  98:External/FaceDetector/Src/face_detector.c ****   );
  99:External/FaceDetector/Src/face_detector.c ****   face_detector_calculate_scaled_features();
 100:External/FaceDetector/Src/face_detector.c **** 
 101:External/FaceDetector/Src/face_detector.c ****   face_detector_detect_faces(arguments);
 102:External/FaceDetector/Src/face_detector.c ****   face_detector_merge_faces_areas(arguments->min_neighbours);
 103:External/FaceDetector/Src/face_detector.c **** 
 104:External/FaceDetector/Src/face_detector.c ****   scales_amount = 0;
 105:External/FaceDetector/Src/face_detector.c ****   integral_image_destroy();
 106:External/FaceDetector/Src/face_detector.c **** }
 107:External/FaceDetector/Src/face_detector.c **** 
 108:External/FaceDetector/Src/face_detector.c **** static void face_detector_reset_faces_arrays()
 109:External/FaceDetector/Src/face_detector.c **** {
  28              		.loc 1 109 1 view -0
  29              		.cfi_startproc
  30              		@ args = 0, pretend = 0, frame = 0
  31              		@ frame_needed = 0, uses_anonymous_args = 0
  32              		@ link register save eliminated.
 110:External/FaceDetector/Src/face_detector.c ****   faces_amount = 0;
  33              		.loc 1 110 3 view .LVU1
  34              		.loc 1 110 16 is_stmt 0 view .LVU2
  35 0000 0023     		movs	r3, #0
  36 0002 024A     		ldr	r2, .L2
  37 0004 1370     		strb	r3, [r2]
 111:External/FaceDetector/Src/face_detector.c ****   result_faces_amount = 0;
  38              		.loc 1 111 3 is_stmt 1 view .LVU3
  39              		.loc 1 111 23 is_stmt 0 view .LVU4
  40 0006 024A     		ldr	r2, .L2+4
  41 0008 1370     		strb	r3, [r2]
 112:External/FaceDetector/Src/face_detector.c **** }
  42              		.loc 1 112 1 view .LVU5
  43 000a 7047     		bx	lr
  44              	.L3:
  45              		.align	2
  46              	.L2:
  47 000c 00000000 		.word	faces_amount
  48 0010 00000000 		.word	result_faces_amount
  49              		.cfi_endproc
  50              	.LFE4:
  52              		.section	.text.face_detector_calculate_scales,"ax",%progbits
  53              		.align	1
  54              		.syntax unified
  55              		.thumb
  56              		.thumb_func
  58              	face_detector_calculate_scales:
  59              	.LVL0:
  60              	.LFB5:
 113:External/FaceDetector/Src/face_detector.c **** 
 114:External/FaceDetector/Src/face_detector.c **** static float *face_detector_calculate_scales(
ARM GAS  /tmp/ccvcVqP0.s 			page 4


 115:External/FaceDetector/Src/face_detector.c ****   float base_scale,
 116:External/FaceDetector/Src/face_detector.c ****   float scale_increment,
 117:External/FaceDetector/Src/face_detector.c ****   const uint8_t image_size_x,
 118:External/FaceDetector/Src/face_detector.c ****   const uint8_t image_size_y
 119:External/FaceDetector/Src/face_detector.c **** )
 120:External/FaceDetector/Src/face_detector.c **** {
  61              		.loc 1 120 1 is_stmt 1 view -0
  62              		.cfi_startproc
  63              		@ args = 0, pretend = 0, frame = 0
  64              		@ frame_needed = 0, uses_anonymous_args = 0
  65              		@ link register save eliminated.
 121:External/FaceDetector/Src/face_detector.c ****   uint8_t min_image_side = MIN(image_size_x, image_size_y);
  66              		.loc 1 121 3 view .LVU7
  67              	.LBB19:
  68              		.loc 1 121 28 view .LVU8
  69              		.loc 1 121 28 view .LVU9
  70              		.loc 1 121 28 view .LVU10
  71 0000 8842     		cmp	r0, r1
  72 0002 28BF     		it	cs
  73 0004 0846     		movcs	r0, r1
  74              	.LVL1:
  75              		.loc 1 121 28 is_stmt 0 view .LVU11
  76              	.LBE19:
 122:External/FaceDetector/Src/face_detector.c ****   float max_scale = (float)MIN(min_image_side, FACE_DETECTOR_MAX_WINDOW_SIZE) /
  77              		.loc 1 122 3 is_stmt 1 view .LVU12
  78              	.LBB20:
  79              		.loc 1 122 28 view .LVU13
  80              		.loc 1 122 28 view .LVU14
  81              		.loc 1 122 28 view .LVU15
  82 0006 6028     		cmp	r0, #96
  83 0008 A8BF     		it	ge
  84 000a 6020     		movge	r0, #96
  85              	.LVL2:
  86              		.loc 1 122 28 is_stmt 0 view .LVU16
  87              	.LBE20:
  88              		.loc 1 122 21 view .LVU17
  89 000c 07EE900A 		vmov	s15, r0	@ int
  90 0010 B8EEE77A 		vcvt.f32.s32	s14, s15
  91              		.loc 1 122 9 view .LVU18
  92 0014 DFED136A 		vldr.32	s13, .L8
  93 0018 C7EE267A 		vdiv.f32	s15, s14, s13
  94              	.LVL3:
 123:External/FaceDetector/Src/face_detector.c ****     FACE_DETECTOR_FEATURE_SIZE;
 124:External/FaceDetector/Src/face_detector.c ****   float current_scale = base_scale;
  95              		.loc 1 124 3 is_stmt 1 view .LVU19
 125:External/FaceDetector/Src/face_detector.c ****   scales_amount = 0;
  96              		.loc 1 125 3 view .LVU20
  97              		.loc 1 125 17 is_stmt 0 view .LVU21
  98 001c 124B     		ldr	r3, .L8+4
  99 001e 0022     		movs	r2, #0
 100 0020 1A70     		strb	r2, [r3]
 126:External/FaceDetector/Src/face_detector.c **** 
 127:External/FaceDetector/Src/face_detector.c ****   while (scales_amount < UINT8_MAX - 1)
 101              		.loc 1 127 3 is_stmt 1 view .LVU22
 102              	.LVL4:
 103              	.L5:
 104              		.loc 1 127 24 view .LVU23
ARM GAS  /tmp/ccvcVqP0.s 			page 5


 105 0022 114B     		ldr	r3, .L8+4
 106 0024 1B78     		ldrb	r3, [r3]	@ zero_extendqisi2
 107 0026 FD2B     		cmp	r3, #253
 108 0028 11D8     		bhi	.L6
 128:External/FaceDetector/Src/face_detector.c ****   {
 129:External/FaceDetector/Src/face_detector.c ****     scales[scales_amount] = current_scale;
 109              		.loc 1 129 5 view .LVU24
 110              		.loc 1 129 27 is_stmt 0 view .LVU25
 111 002a 104A     		ldr	r2, .L8+8
 112 002c 02EB8302 		add	r2, r2, r3, lsl #2
 113 0030 82ED000A 		vstr.32	s0, [r2]
 130:External/FaceDetector/Src/face_detector.c ****     current_scale *= scale_increment;
 114              		.loc 1 130 5 is_stmt 1 view .LVU26
 115              		.loc 1 130 19 is_stmt 0 view .LVU27
 116 0034 20EE200A 		vmul.f32	s0, s0, s1
 117              	.LVL5:
 131:External/FaceDetector/Src/face_detector.c **** 
 132:External/FaceDetector/Src/face_detector.c ****     if (current_scale >= max_scale)
 118              		.loc 1 132 5 is_stmt 1 view .LVU28
 119              		.loc 1 132 8 is_stmt 0 view .LVU29
 120 0038 F4EEC07A 		vcmpe.f32	s15, s0
 121 003c F1EE10FA 		vmrs	APSR_nzcv, FPSCR
 122 0040 05D9     		bls	.L6
 133:External/FaceDetector/Src/face_detector.c ****       break;
 134:External/FaceDetector/Src/face_detector.c ****     scales_amount++;
 123              		.loc 1 134 5 is_stmt 1 view .LVU30
 124              		.loc 1 134 18 is_stmt 0 view .LVU31
 125 0042 0133     		adds	r3, r3, #1
 126 0044 DBB2     		uxtb	r3, r3
 127 0046 084A     		ldr	r2, .L8+4
 128 0048 1370     		strb	r3, [r2]
 135:External/FaceDetector/Src/face_detector.c ****   
 136:External/FaceDetector/Src/face_detector.c ****     if (scales_amount >= FACE_DETECTOR_SCALES_ARRAY_SIZE - 1)
 129              		.loc 1 136 5 is_stmt 1 view .LVU32
 130              		.loc 1 136 8 is_stmt 0 view .LVU33
 131 004a 262B     		cmp	r3, #38
 132 004c E9D9     		bls	.L5
 133              	.L6:
 137:External/FaceDetector/Src/face_detector.c ****       break;
 138:External/FaceDetector/Src/face_detector.c ****   }
 139:External/FaceDetector/Src/face_detector.c ****   scales[scales_amount++] = max_scale;
 134              		.loc 1 139 3 is_stmt 1 view .LVU34
 135              		.loc 1 139 23 is_stmt 0 view .LVU35
 136 004e 064A     		ldr	r2, .L8+4
 137 0050 1378     		ldrb	r3, [r2]	@ zero_extendqisi2
 138 0052 591C     		adds	r1, r3, #1
 139              	.LVL6:
 140              		.loc 1 139 23 view .LVU36
 141 0054 1170     		strb	r1, [r2]
 142              		.loc 1 139 27 view .LVU37
 143 0056 0548     		ldr	r0, .L8+8
 144 0058 00EB8303 		add	r3, r0, r3, lsl #2
 145 005c C3ED007A 		vstr.32	s15, [r3]
 140:External/FaceDetector/Src/face_detector.c **** 
 141:External/FaceDetector/Src/face_detector.c ****   return scales;
 146              		.loc 1 141 3 is_stmt 1 view .LVU38
 142:External/FaceDetector/Src/face_detector.c **** }
ARM GAS  /tmp/ccvcVqP0.s 			page 6


 147              		.loc 1 142 1 is_stmt 0 view .LVU39
 148 0060 7047     		bx	lr
 149              	.L9:
 150 0062 00BF     		.align	2
 151              	.L8:
 152 0064 00003442 		.word	1110704128
 153 0068 00000000 		.word	scales_amount
 154 006c 00000000 		.word	scales
 155              		.cfi_endproc
 156              	.LFE5:
 158              		.section	.text.face_detector_calculate_scaled_features,"ax",%progbits
 159              		.align	1
 160              		.syntax unified
 161              		.thumb
 162              		.thumb_func
 164              	face_detector_calculate_scaled_features:
 165              	.LFB6:
 143:External/FaceDetector/Src/face_detector.c **** 
 144:External/FaceDetector/Src/face_detector.c **** static void face_detector_calculate_scaled_features()
 145:External/FaceDetector/Src/face_detector.c **** {
 166              		.loc 1 145 1 is_stmt 1 view -0
 167              		.cfi_startproc
 168              		@ args = 0, pretend = 0, frame = 0
 169              		@ frame_needed = 0, uses_anonymous_args = 0
 170 0000 10B5     		push	{r4, lr}
 171              	.LCFI0:
 172              		.cfi_def_cfa_offset 8
 173              		.cfi_offset 4, -8
 174              		.cfi_offset 14, -4
 146:External/FaceDetector/Src/face_detector.c ****   for (uint8_t i = 0; i < current_stages_amount; i++)
 175              		.loc 1 146 3 view .LVU41
 176              	.LBB21:
 177              		.loc 1 146 8 view .LVU42
 178              	.LVL7:
 179              		.loc 1 146 16 is_stmt 0 view .LVU43
 180 0002 0024     		movs	r4, #0
 181              		.loc 1 146 3 view .LVU44
 182 0004 0BE0     		b	.L11
 183              	.LVL8:
 184              	.L12:
 147:External/FaceDetector/Src/face_detector.c ****   {
 148:External/FaceDetector/Src/face_detector.c ****     stage_handler.calculate_scaled_features(
 185              		.loc 1 148 5 is_stmt 1 view .LVU45
 186              		.loc 1 148 18 is_stmt 0 view .LVU46
 187 0006 084B     		ldr	r3, .L14
 188 0008 5B68     		ldr	r3, [r3, #4]
 189              		.loc 1 148 5 view .LVU47
 190 000a 084A     		ldr	r2, .L14+4
 191 000c 1068     		ldr	r0, [r2]
 192 000e 084A     		ldr	r2, .L14+8
 193 0010 1278     		ldrb	r2, [r2]	@ zero_extendqisi2
 194 0012 0849     		ldr	r1, .L14+12
 195 0014 00EBC400 		add	r0, r0, r4, lsl #3
 196 0018 9847     		blx	r3
 197              	.LVL9:
 146:External/FaceDetector/Src/face_detector.c ****   for (uint8_t i = 0; i < current_stages_amount; i++)
 198              		.loc 1 146 51 is_stmt 1 discriminator 3 view .LVU48
ARM GAS  /tmp/ccvcVqP0.s 			page 7


 199 001a 0134     		adds	r4, r4, #1
 200              	.LVL10:
 146:External/FaceDetector/Src/face_detector.c ****   for (uint8_t i = 0; i < current_stages_amount; i++)
 201              		.loc 1 146 51 is_stmt 0 discriminator 3 view .LVU49
 202 001c E4B2     		uxtb	r4, r4
 203              	.LVL11:
 204              	.L11:
 146:External/FaceDetector/Src/face_detector.c ****   for (uint8_t i = 0; i < current_stages_amount; i++)
 205              		.loc 1 146 25 is_stmt 1 discriminator 1 view .LVU50
 206 001e 064B     		ldr	r3, .L14+16
 207 0020 1B78     		ldrb	r3, [r3]	@ zero_extendqisi2
 208 0022 A342     		cmp	r3, r4
 209 0024 EFD8     		bhi	.L12
 210              	.LBE21:
 149:External/FaceDetector/Src/face_detector.c ****       &stages[i],
 150:External/FaceDetector/Src/face_detector.c ****       scales,
 151:External/FaceDetector/Src/face_detector.c ****       scales_amount
 152:External/FaceDetector/Src/face_detector.c ****     );
 153:External/FaceDetector/Src/face_detector.c ****   }
 154:External/FaceDetector/Src/face_detector.c **** }
 211              		.loc 1 154 1 is_stmt 0 view .LVU51
 212 0026 10BD     		pop	{r4, pc}
 213              	.LVL12:
 214              	.L15:
 215              		.loc 1 154 1 view .LVU52
 216              		.align	2
 217              	.L14:
 218 0028 00000000 		.word	stage_handler
 219 002c 00000000 		.word	stages
 220 0030 00000000 		.word	scales_amount
 221 0034 00000000 		.word	scales
 222 0038 00000000 		.word	current_stages_amount
 223              		.cfi_endproc
 224              	.LFE6:
 226              		.section	.text.face_detector_detect_faces,"ax",%progbits
 227              		.align	1
 228              		.syntax unified
 229              		.thumb
 230              		.thumb_func
 232              	face_detector_detect_faces:
 233              	.LVL13:
 234              	.LFB7:
 155:External/FaceDetector/Src/face_detector.c **** 
 156:External/FaceDetector/Src/face_detector.c **** static void face_detector_detect_faces(
 157:External/FaceDetector/Src/face_detector.c ****   const face_detector_arguments *const arguments
 158:External/FaceDetector/Src/face_detector.c **** )
 159:External/FaceDetector/Src/face_detector.c **** {
 235              		.loc 1 159 1 is_stmt 1 view -0
 236              		.cfi_startproc
 237              		@ args = 0, pretend = 0, frame = 16
 238              		@ frame_needed = 0, uses_anonymous_args = 0
 239              		.loc 1 159 1 is_stmt 0 view .LVU54
 240 0000 2DE9F041 		push	{r4, r5, r6, r7, r8, lr}
 241              	.LCFI1:
 242              		.cfi_def_cfa_offset 24
 243              		.cfi_offset 4, -24
 244              		.cfi_offset 5, -20
ARM GAS  /tmp/ccvcVqP0.s 			page 8


 245              		.cfi_offset 6, -16
 246              		.cfi_offset 7, -12
 247              		.cfi_offset 8, -8
 248              		.cfi_offset 14, -4
 249 0004 84B0     		sub	sp, sp, #16
 250              	.LCFI2:
 251              		.cfi_def_cfa_offset 40
 252 0006 0646     		mov	r6, r0
 160:External/FaceDetector/Src/face_detector.c ****   lbp_feature_arguments feature_arguments = { 0 };
 253              		.loc 1 160 3 is_stmt 1 view .LVU55
 254              		.loc 1 160 25 is_stmt 0 view .LVU56
 255 0008 4FF00008 		mov	r8, #0
 256 000c ADF80C80 		strh	r8, [sp, #12]	@ movhi
 257 0010 8DF80E80 		strb	r8, [sp, #14]
 161:External/FaceDetector/Src/face_detector.c **** 
 162:External/FaceDetector/Src/face_detector.c ****   for (uint8_t scale_index = 0; scale_index < scales_amount; scale_index++)
 258              		.loc 1 162 3 is_stmt 1 view .LVU57
 259              	.LBB22:
 260              		.loc 1 162 8 view .LVU58
 261              	.LVL14:
 262              		.loc 1 162 3 is_stmt 0 view .LVU59
 263 0014 42E0     		b	.L17
 264              	.LVL15:
 265              	.L28:
 266              	.LBB23:
 267              	.LBB24:
 268              	.LBB25:
 269              	.LBB26:
 163:External/FaceDetector/Src/face_detector.c ****   {
 164:External/FaceDetector/Src/face_detector.c ****     uint8_t feature_size = scales[scale_index] * FACE_DETECTOR_FEATURE_SIZE;
 165:External/FaceDetector/Src/face_detector.c ****     uint8_t step = feature_size * arguments->position_increment;
 166:External/FaceDetector/Src/face_detector.c ****     feature_arguments.scale_index = scale_index;
 167:External/FaceDetector/Src/face_detector.c **** 
 168:External/FaceDetector/Src/face_detector.c ****     for (
 169:External/FaceDetector/Src/face_detector.c ****       feature_arguments.offset_x = 0;
 170:External/FaceDetector/Src/face_detector.c ****       feature_arguments.offset_x < 
 171:External/FaceDetector/Src/face_detector.c ****         arguments->image_size_x - feature_size + 1;
 172:External/FaceDetector/Src/face_detector.c ****       feature_arguments.offset_x += step
 173:External/FaceDetector/Src/face_detector.c ****     )
 174:External/FaceDetector/Src/face_detector.c ****     {
 175:External/FaceDetector/Src/face_detector.c ****       for (
 176:External/FaceDetector/Src/face_detector.c ****         feature_arguments.offset_y = 0;
 177:External/FaceDetector/Src/face_detector.c ****         feature_arguments.offset_y < 
 178:External/FaceDetector/Src/face_detector.c ****           arguments->image_size_y - feature_size + 1;
 179:External/FaceDetector/Src/face_detector.c ****         feature_arguments.offset_y += step
 180:External/FaceDetector/Src/face_detector.c ****       )
 181:External/FaceDetector/Src/face_detector.c ****       {
 182:External/FaceDetector/Src/face_detector.c ****         face_detector_detect_face_window(&feature_arguments, feature_size);
 183:External/FaceDetector/Src/face_detector.c ****       }
 184:External/FaceDetector/Src/face_detector.c ****     }
 185:External/FaceDetector/Src/face_detector.c ****   }
 186:External/FaceDetector/Src/face_detector.c **** }
 187:External/FaceDetector/Src/face_detector.c **** 
 188:External/FaceDetector/Src/face_detector.c **** __attribute__((always_inline))
 189:External/FaceDetector/Src/face_detector.c **** inline static void face_detector_detect_face_window(
 190:External/FaceDetector/Src/face_detector.c ****   const lbp_feature_arguments *const feature_arguments,
 191:External/FaceDetector/Src/face_detector.c ****   uint8_t feature_size
ARM GAS  /tmp/ccvcVqP0.s 			page 9


 192:External/FaceDetector/Src/face_detector.c **** )
 193:External/FaceDetector/Src/face_detector.c **** {
 194:External/FaceDetector/Src/face_detector.c ****   for (uint8_t i = 0; i < current_stages_amount; i++)
 270              		.loc 1 194 51 is_stmt 1 discriminator 2 view .LVU60
 271 0016 0134     		adds	r4, r4, #1
 272              	.LVL16:
 273              		.loc 1 194 51 is_stmt 0 discriminator 2 view .LVU61
 274 0018 E4B2     		uxtb	r4, r4
 275              	.LVL17:
 276              	.L22:
 277              		.loc 1 194 25 is_stmt 1 discriminator 1 view .LVU62
 278 001a 354B     		ldr	r3, .L32
 279 001c 1B78     		ldrb	r3, [r3]	@ zero_extendqisi2
 280 001e A342     		cmp	r3, r4
 281 0020 16D9     		bls	.L27
 195:External/FaceDetector/Src/face_detector.c ****   {
 196:External/FaceDetector/Src/face_detector.c ****     if (
 282              		.loc 1 196 5 view .LVU63
 197:External/FaceDetector/Src/face_detector.c ****       !stage_handler.calculate_prediction(&stages[i], feature_arguments)
 283              		.loc 1 197 21 is_stmt 0 view .LVU64
 284 0022 344B     		ldr	r3, .L32+4
 285 0024 9B68     		ldr	r3, [r3, #8]
 286              		.loc 1 197 8 view .LVU65
 287 0026 344A     		ldr	r2, .L32+8
 288 0028 1068     		ldr	r0, [r2]
 289 002a 03A9     		add	r1, sp, #12
 290 002c 00EBC400 		add	r0, r0, r4, lsl #3
 291 0030 9847     		blx	r3
 292              	.LVL18:
 196:External/FaceDetector/Src/face_detector.c ****       !stage_handler.calculate_prediction(&stages[i], feature_arguments)
 293              		.loc 1 196 8 view .LVU66
 294 0032 0028     		cmp	r0, #0
 295 0034 EFD1     		bne	.L28
 296              	.LVL19:
 297              	.L20:
 196:External/FaceDetector/Src/face_detector.c ****       !stage_handler.calculate_prediction(&stages[i], feature_arguments)
 298              		.loc 1 196 8 view .LVU67
 299              	.LBE26:
 300              	.LBE25:
 301              	.LBE24:
 179:External/FaceDetector/Src/face_detector.c ****       )
 302              		.loc 1 179 36 is_stmt 1 view .LVU68
 179:External/FaceDetector/Src/face_detector.c ****       )
 303              		.loc 1 179 26 is_stmt 0 view .LVU69
 304 0036 9DF80D30 		ldrb	r3, [sp, #13]	@ zero_extendqisi2
 179:External/FaceDetector/Src/face_detector.c ****       )
 305              		.loc 1 179 36 view .LVU70
 306 003a 3B44     		add	r3, r3, r7
 307 003c 8DF80D30 		strb	r3, [sp, #13]
 308              	.L19:
 177:External/FaceDetector/Src/face_detector.c ****           arguments->image_size_y - feature_size + 1;
 309              		.loc 1 177 36 is_stmt 1 view .LVU71
 178:External/FaceDetector/Src/face_detector.c ****         feature_arguments.offset_y += step
 310              		.loc 1 178 20 is_stmt 0 view .LVU72
 311 0040 7378     		ldrb	r3, [r6, #1]	@ zero_extendqisi2
 178:External/FaceDetector/Src/face_detector.c ****         feature_arguments.offset_y += step
 312              		.loc 1 178 35 view .LVU73
ARM GAS  /tmp/ccvcVqP0.s 			page 10


 313 0042 5B1B     		subs	r3, r3, r5
 177:External/FaceDetector/Src/face_detector.c ****           arguments->image_size_y - feature_size + 1;
 314              		.loc 1 177 26 view .LVU74
 315 0044 9DF80D20 		ldrb	r2, [sp, #13]	@ zero_extendqisi2
 177:External/FaceDetector/Src/face_detector.c ****           arguments->image_size_y - feature_size + 1;
 316              		.loc 1 177 36 view .LVU75
 317 0048 9342     		cmp	r3, r2
 318 004a 14DB     		blt	.L29
 319              	.LBB29:
 320              	.LBB28:
 321              	.LBB27:
 194:External/FaceDetector/Src/face_detector.c ****   {
 322              		.loc 1 194 16 view .LVU76
 323 004c 0024     		movs	r4, #0
 324 004e E4E7     		b	.L22
 325              	.LVL20:
 326              	.L27:
 194:External/FaceDetector/Src/face_detector.c ****   {
 327              		.loc 1 194 16 view .LVU77
 328              	.LBE27:
 198:External/FaceDetector/Src/face_detector.c ****     )
 199:External/FaceDetector/Src/face_detector.c ****       return;
 200:External/FaceDetector/Src/face_detector.c ****   }
 201:External/FaceDetector/Src/face_detector.c **** 
 202:External/FaceDetector/Src/face_detector.c ****   if (faces_amount >= FACE_DETECTOR_MAX_FACE_AREAS)
 329              		.loc 1 202 3 is_stmt 1 view .LVU78
 330              		.loc 1 202 20 is_stmt 0 view .LVU79
 331 0050 2A4B     		ldr	r3, .L32+12
 332 0052 1B78     		ldrb	r3, [r3]	@ zero_extendqisi2
 333              		.loc 1 202 6 view .LVU80
 334 0054 272B     		cmp	r3, #39
 335 0056 EED8     		bhi	.L20
 203:External/FaceDetector/Src/face_detector.c ****     return;
 204:External/FaceDetector/Src/face_detector.c **** 
 205:External/FaceDetector/Src/face_detector.c ****   faces_areas[faces_amount++] = (area) {
 336              		.loc 1 205 3 is_stmt 1 view .LVU81
 337              		.loc 1 205 27 is_stmt 0 view .LVU82
 338 0058 591C     		adds	r1, r3, #1
 339 005a 284A     		ldr	r2, .L32+12
 340 005c 1170     		strb	r1, [r2]
 206:External/FaceDetector/Src/face_detector.c ****     .x = feature_arguments->offset_x,
 341              		.loc 1 206 27 view .LVU83
 342 005e 9DF80C40 		ldrb	r4, [sp, #12]	@ zero_extendqisi2
 343              	.LVL21:
 207:External/FaceDetector/Src/face_detector.c ****     .y = feature_arguments->offset_y,
 344              		.loc 1 207 27 view .LVU84
 345 0062 9DF80D00 		ldrb	r0, [sp, #13]	@ zero_extendqisi2
 205:External/FaceDetector/Src/face_detector.c ****     .x = feature_arguments->offset_x,
 346              		.loc 1 205 31 view .LVU85
 347 0066 2649     		ldr	r1, .L32+16
 348 0068 03EB4303 		add	r3, r3, r3, lsl #1
 349 006c CA18     		adds	r2, r1, r3
 350 006e CC54     		strb	r4, [r1, r3]
 351 0070 5070     		strb	r0, [r2, #1]
 352 0072 9570     		strb	r5, [r2, #2]
 353 0074 DFE7     		b	.L20
 354              	.LVL22:
ARM GAS  /tmp/ccvcVqP0.s 			page 11


 355              	.L29:
 205:External/FaceDetector/Src/face_detector.c ****     .x = feature_arguments->offset_x,
 356              		.loc 1 205 31 view .LVU86
 357              	.LBE28:
 358              	.LBE29:
 172:External/FaceDetector/Src/face_detector.c ****     )
 359              		.loc 1 172 34 is_stmt 1 view .LVU87
 172:External/FaceDetector/Src/face_detector.c ****     )
 360              		.loc 1 172 24 is_stmt 0 view .LVU88
 361 0076 9DF80C30 		ldrb	r3, [sp, #12]	@ zero_extendqisi2
 172:External/FaceDetector/Src/face_detector.c ****     )
 362              		.loc 1 172 34 view .LVU89
 363 007a 3B44     		add	r3, r3, r7
 364 007c 8DF80C30 		strb	r3, [sp, #12]
 365              	.L18:
 170:External/FaceDetector/Src/face_detector.c ****         arguments->image_size_x - feature_size + 1;
 366              		.loc 1 170 34 is_stmt 1 view .LVU90
 171:External/FaceDetector/Src/face_detector.c ****       feature_arguments.offset_x += step
 367              		.loc 1 171 18 is_stmt 0 view .LVU91
 368 0080 3378     		ldrb	r3, [r6]	@ zero_extendqisi2
 171:External/FaceDetector/Src/face_detector.c ****       feature_arguments.offset_x += step
 369              		.loc 1 171 33 view .LVU92
 370 0082 5B1B     		subs	r3, r3, r5
 170:External/FaceDetector/Src/face_detector.c ****         arguments->image_size_x - feature_size + 1;
 371              		.loc 1 170 24 view .LVU93
 372 0084 9DF80C20 		ldrb	r2, [sp, #12]	@ zero_extendqisi2
 170:External/FaceDetector/Src/face_detector.c ****         arguments->image_size_x - feature_size + 1;
 373              		.loc 1 170 34 view .LVU94
 374 0088 9342     		cmp	r3, r2
 375 008a 03DB     		blt	.L30
 175:External/FaceDetector/Src/face_detector.c ****         feature_arguments.offset_y = 0;
 376              		.loc 1 175 7 is_stmt 1 view .LVU95
 176:External/FaceDetector/Src/face_detector.c ****         feature_arguments.offset_y < 
 377              		.loc 1 176 36 is_stmt 0 view .LVU96
 378 008c 0023     		movs	r3, #0
 379 008e 8DF80D30 		strb	r3, [sp, #13]
 175:External/FaceDetector/Src/face_detector.c ****         feature_arguments.offset_y = 0;
 380              		.loc 1 175 7 view .LVU97
 381 0092 D5E7     		b	.L19
 382              	.L30:
 383              	.LBE23:
 162:External/FaceDetector/Src/face_detector.c ****   {
 384              		.loc 1 162 73 is_stmt 1 discriminator 2 view .LVU98
 385 0094 08F10108 		add	r8, r8, #1
 386              	.LVL23:
 162:External/FaceDetector/Src/face_detector.c ****   {
 387              		.loc 1 162 73 is_stmt 0 discriminator 2 view .LVU99
 388 0098 5FFA88F8 		uxtb	r8, r8
 389              	.LVL24:
 390              	.L17:
 162:External/FaceDetector/Src/face_detector.c ****   {
 391              		.loc 1 162 45 is_stmt 1 discriminator 1 view .LVU100
 392 009c 194B     		ldr	r3, .L32+20
 393 009e 1B78     		ldrb	r3, [r3]	@ zero_extendqisi2
 394 00a0 4345     		cmp	r3, r8
 395 00a2 22D9     		bls	.L31
 396              	.LBB30:
ARM GAS  /tmp/ccvcVqP0.s 			page 12


 164:External/FaceDetector/Src/face_detector.c ****     uint8_t step = feature_size * arguments->position_increment;
 397              		.loc 1 164 5 view .LVU101
 164:External/FaceDetector/Src/face_detector.c ****     uint8_t step = feature_size * arguments->position_increment;
 398              		.loc 1 164 34 is_stmt 0 view .LVU102
 399 00a4 184B     		ldr	r3, .L32+24
 400 00a6 03EB8803 		add	r3, r3, r8, lsl #2
 401 00aa D3ED007A 		vldr.32	s15, [r3]
 164:External/FaceDetector/Src/face_detector.c ****     uint8_t step = feature_size * arguments->position_increment;
 402              		.loc 1 164 48 view .LVU103
 403 00ae 9FED177A 		vldr.32	s14, .L32+28
 404 00b2 67EE877A 		vmul.f32	s15, s15, s14
 164:External/FaceDetector/Src/face_detector.c ****     uint8_t step = feature_size * arguments->position_increment;
 405              		.loc 1 164 13 view .LVU104
 406 00b6 FCEEE77A 		vcvt.u32.f32	s15, s15
 407 00ba CDED017A 		vstr.32	s15, [sp, #4]	@ int
 408 00be 9DF80450 		ldrb	r5, [sp, #4]	@ zero_extendqisi2
 409              	.LVL25:
 165:External/FaceDetector/Src/face_detector.c ****     feature_arguments.scale_index = scale_index;
 410              		.loc 1 165 5 is_stmt 1 view .LVU105
 165:External/FaceDetector/Src/face_detector.c ****     feature_arguments.scale_index = scale_index;
 411              		.loc 1 165 44 is_stmt 0 view .LVU106
 412 00c2 96ED037A 		vldr.32	s14, [r6, #12]
 165:External/FaceDetector/Src/face_detector.c ****     feature_arguments.scale_index = scale_index;
 413              		.loc 1 165 33 view .LVU107
 414 00c6 07EE905A 		vmov	s15, r5	@ int
 415 00ca F8EEE77A 		vcvt.f32.s32	s15, s15
 416 00ce 67EE877A 		vmul.f32	s15, s15, s14
 165:External/FaceDetector/Src/face_detector.c ****     feature_arguments.scale_index = scale_index;
 417              		.loc 1 165 13 view .LVU108
 418 00d2 FCEEE77A 		vcvt.u32.f32	s15, s15
 419 00d6 CDED017A 		vstr.32	s15, [sp, #4]	@ int
 420 00da 9DF80470 		ldrb	r7, [sp, #4]	@ zero_extendqisi2
 421              	.LVL26:
 166:External/FaceDetector/Src/face_detector.c **** 
 422              		.loc 1 166 5 is_stmt 1 view .LVU109
 166:External/FaceDetector/Src/face_detector.c **** 
 423              		.loc 1 166 35 is_stmt 0 view .LVU110
 424 00de 8DF80E80 		strb	r8, [sp, #14]
 168:External/FaceDetector/Src/face_detector.c ****       feature_arguments.offset_x = 0;
 425              		.loc 1 168 5 is_stmt 1 view .LVU111
 169:External/FaceDetector/Src/face_detector.c ****       feature_arguments.offset_x < 
 426              		.loc 1 169 34 is_stmt 0 view .LVU112
 427 00e2 0023     		movs	r3, #0
 428 00e4 8DF80C30 		strb	r3, [sp, #12]
 168:External/FaceDetector/Src/face_detector.c ****       feature_arguments.offset_x = 0;
 429              		.loc 1 168 5 view .LVU113
 430 00e8 CAE7     		b	.L18
 431              	.LVL27:
 432              	.L31:
 168:External/FaceDetector/Src/face_detector.c ****       feature_arguments.offset_x = 0;
 433              		.loc 1 168 5 view .LVU114
 434              	.LBE30:
 435              	.LBE22:
 186:External/FaceDetector/Src/face_detector.c **** 
 436              		.loc 1 186 1 view .LVU115
 437 00ea 04B0     		add	sp, sp, #16
 438              	.LCFI3:
ARM GAS  /tmp/ccvcVqP0.s 			page 13


 439              		.cfi_def_cfa_offset 24
 440              		@ sp needed
 441 00ec BDE8F081 		pop	{r4, r5, r6, r7, r8, pc}
 442              	.LVL28:
 443              	.L33:
 186:External/FaceDetector/Src/face_detector.c **** 
 444              		.loc 1 186 1 view .LVU116
 445              		.align	2
 446              	.L32:
 447 00f0 00000000 		.word	current_stages_amount
 448 00f4 00000000 		.word	stage_handler
 449 00f8 00000000 		.word	stages
 450 00fc 00000000 		.word	faces_amount
 451 0100 00000000 		.word	faces_areas
 452 0104 00000000 		.word	scales_amount
 453 0108 00000000 		.word	scales
 454 010c 00003442 		.word	1110704128
 455              		.cfi_endproc
 456              	.LFE7:
 458              		.section	.text.face_detector_calculate_indexes_of_neighbours,"ax",%progbits
 459              		.align	1
 460              		.syntax unified
 461              		.thumb
 462              		.thumb_func
 464              	face_detector_calculate_indexes_of_neighbours:
 465              	.LVL29:
 466              	.LFB10:
 208:External/FaceDetector/Src/face_detector.c ****     .size = feature_size
 209:External/FaceDetector/Src/face_detector.c ****   };
 210:External/FaceDetector/Src/face_detector.c **** }
 211:External/FaceDetector/Src/face_detector.c **** 
 212:External/FaceDetector/Src/face_detector.c **** static void face_detector_merge_faces_areas(uint8_t min_neighbours)
 213:External/FaceDetector/Src/face_detector.c **** {
 214:External/FaceDetector/Src/face_detector.c ****   uint8_t similar_areas_indexes[FACE_DETECTOR_MAX_FACE_AREAS];
 215:External/FaceDetector/Src/face_detector.c ****   
 216:External/FaceDetector/Src/face_detector.c ****   face_detector_calculate_indexes_of_neighbours(
 217:External/FaceDetector/Src/face_detector.c ****     similar_areas_indexes
 218:External/FaceDetector/Src/face_detector.c ****   );
 219:External/FaceDetector/Src/face_detector.c ****   face_detector_merge_neighbours(
 220:External/FaceDetector/Src/face_detector.c ****     similar_areas_indexes,
 221:External/FaceDetector/Src/face_detector.c ****     min_neighbours
 222:External/FaceDetector/Src/face_detector.c ****   );
 223:External/FaceDetector/Src/face_detector.c **** }
 224:External/FaceDetector/Src/face_detector.c **** 
 225:External/FaceDetector/Src/face_detector.c **** static void face_detector_calculate_indexes_of_neighbours(
 226:External/FaceDetector/Src/face_detector.c ****   uint8_t *const similar_areas_indexes
 227:External/FaceDetector/Src/face_detector.c **** )
 228:External/FaceDetector/Src/face_detector.c **** {
 467              		.loc 1 228 1 is_stmt 1 view -0
 468              		.cfi_startproc
 469              		@ args = 0, pretend = 0, frame = 0
 470              		@ frame_needed = 0, uses_anonymous_args = 0
 471              		.loc 1 228 1 is_stmt 0 view .LVU118
 472 0000 2DE9F043 		push	{r4, r5, r6, r7, r8, r9, lr}
 473              	.LCFI4:
 474              		.cfi_def_cfa_offset 28
 475              		.cfi_offset 4, -28
ARM GAS  /tmp/ccvcVqP0.s 			page 14


 476              		.cfi_offset 5, -24
 477              		.cfi_offset 6, -20
 478              		.cfi_offset 7, -16
 479              		.cfi_offset 8, -12
 480              		.cfi_offset 9, -8
 481              		.cfi_offset 14, -4
 482 0004 8046     		mov	r8, r0
 229:External/FaceDetector/Src/face_detector.c ****   uint8_t number_of_similar_areas = 0;
 483              		.loc 1 229 3 is_stmt 1 view .LVU119
 484              	.LVL30:
 230:External/FaceDetector/Src/face_detector.c **** 
 231:External/FaceDetector/Src/face_detector.c ****   for (
 485              		.loc 1 231 3 view .LVU120
 486              	.LBB31:
 232:External/FaceDetector/Src/face_detector.c ****     uint8_t area_index = 0;
 487              		.loc 1 232 5 view .LVU121
 488              		.loc 1 232 13 is_stmt 0 view .LVU122
 489 0006 0024     		movs	r4, #0
 490              	.LBE31:
 229:External/FaceDetector/Src/face_detector.c ****   uint8_t number_of_similar_areas = 0;
 491              		.loc 1 229 11 view .LVU123
 492 0008 A146     		mov	r9, r4
 493              	.LBB38:
 231:External/FaceDetector/Src/face_detector.c ****     uint8_t area_index = 0;
 494              		.loc 1 231 3 view .LVU124
 495 000a 56E0     		b	.L35
 496              	.LVL31:
 497              	.L38:
 498              	.LBB32:
 499              	.LBB33:
 233:External/FaceDetector/Src/face_detector.c ****     area_index < faces_amount;
 234:External/FaceDetector/Src/face_detector.c ****     area_index++
 235:External/FaceDetector/Src/face_detector.c ****   )
 236:External/FaceDetector/Src/face_detector.c ****   {
 237:External/FaceDetector/Src/face_detector.c ****     bool found = false;
 238:External/FaceDetector/Src/face_detector.c **** 
 239:External/FaceDetector/Src/face_detector.c ****     for (
 240:External/FaceDetector/Src/face_detector.c ****       uint8_t comparable_read_index = 0;
 241:External/FaceDetector/Src/face_detector.c ****       comparable_read_index < area_index;
 242:External/FaceDetector/Src/face_detector.c ****       comparable_read_index++
 500              		.loc 1 242 28 is_stmt 1 view .LVU125
 501 000c 0EF1010E 		add	lr, lr, #1
 502              	.LVL32:
 503              		.loc 1 242 28 is_stmt 0 view .LVU126
 504 0010 5FFA8EFE 		uxtb	lr, lr
 505              	.LVL33:
 506              	.L41:
 241:External/FaceDetector/Src/face_detector.c ****       comparable_read_index++
 507              		.loc 1 241 29 is_stmt 1 view .LVU127
 508 0014 7445     		cmp	r4, lr
 509 0016 57D9     		bls	.L44
 243:External/FaceDetector/Src/face_detector.c ****     )
 244:External/FaceDetector/Src/face_detector.c ****     {
 245:External/FaceDetector/Src/face_detector.c ****       if (
 510              		.loc 1 245 7 view .LVU128
 511              	.LVL34:
 512              	.LBB34:
ARM GAS  /tmp/ccvcVqP0.s 			page 15


 513              	.LBI34:
 514              		.file 2 "External/Area/Inc/area.h"
   1:External/Area/Inc/area.h **** #ifndef AREA_H
   2:External/Area/Inc/area.h **** #define AREA_H
   3:External/Area/Inc/area.h **** 
   4:External/Area/Inc/area.h **** #include <stdint.h>
   5:External/Area/Inc/area.h **** #include <stdbool.h>
   6:External/Area/Inc/area.h **** #include <stdlib.h>
   7:External/Area/Inc/area.h **** 
   8:External/Area/Inc/area.h **** typedef struct
   9:External/Area/Inc/area.h **** {
  10:External/Area/Inc/area.h **** 	uint8_t x;
  11:External/Area/Inc/area.h **** 	uint8_t y;
  12:External/Area/Inc/area.h ****   uint8_t size;
  13:External/Area/Inc/area.h **** } area;
  14:External/Area/Inc/area.h **** 
  15:External/Area/Inc/area.h **** __attribute__((always_inline))
  16:External/Area/Inc/area.h **** inline static bool area_is_similar(
 515              		.loc 2 16 20 view .LVU129
 516              	.LBB35:
  17:External/Area/Inc/area.h ****   const area *const first_area,
  18:External/Area/Inc/area.h ****   const area *const second_area
  19:External/Area/Inc/area.h **** )
  20:External/Area/Inc/area.h **** {
  21:External/Area/Inc/area.h ****   int16_t threshold = first_area->size * 0.2f;
 517              		.loc 2 21 3 view .LVU130
 518              		.loc 2 21 33 is_stmt 0 view .LVU131
 519 0018 304A     		ldr	r2, .L46
 520 001a 0EEB4E03 		add	r3, lr, lr, lsl #1
 521 001e D718     		adds	r7, r2, r3
 522 0020 B878     		ldrb	r0, [r7, #2]	@ zero_extendqisi2
 523              		.loc 2 21 40 view .LVU132
 524 0022 07EE900A 		vmov	s15, r0	@ int
 525 0026 F8EEE77A 		vcvt.f32.s32	s15, s15
 526 002a 9FED2D7A 		vldr.32	s14, .L46+4
 527 002e 67EE877A 		vmul.f32	s15, s15, s14
 528              		.loc 2 21 11 view .LVU133
 529 0032 FDEEE77A 		vcvt.s32.f32	s15, s15
 530 0036 17EE901A 		vmov	r1, s15	@ int
 531 003a 09B2     		sxth	r1, r1
 532              	.LVL35:
  22:External/Area/Inc/area.h **** 
  23:External/Area/Inc/area.h ****   int16_t delta_x = first_area->x - second_area->x;
 533              		.loc 2 23 3 is_stmt 1 view .LVU134
 534              		.loc 2 23 31 is_stmt 0 view .LVU135
 535 003c D35C     		ldrb	r3, [r2, r3]	@ zero_extendqisi2
 536              		.loc 2 23 48 view .LVU136
 537 003e 04EB4405 		add	r5, r4, r4, lsl #1
 538 0042 5619     		adds	r6, r2, r5
 539 0044 525D     		ldrb	r2, [r2, r5]	@ zero_extendqisi2
 540              		.loc 2 23 35 view .LVU137
 541 0046 9B1A     		subs	r3, r3, r2
 542              		.loc 2 23 11 view .LVU138
 543 0048 1D46     		mov	r5, r3
 544              	.LVL36:
  24:External/Area/Inc/area.h ****   int16_t delta_y = first_area->y - second_area->y;
 545              		.loc 2 24 3 is_stmt 1 view .LVU139
ARM GAS  /tmp/ccvcVqP0.s 			page 16


 546              		.loc 2 24 31 is_stmt 0 view .LVU140
 547 004a 7A78     		ldrb	r2, [r7, #1]	@ zero_extendqisi2
 548              		.loc 2 24 48 view .LVU141
 549 004c 7778     		ldrb	r7, [r6, #1]	@ zero_extendqisi2
 550              		.loc 2 24 35 view .LVU142
 551 004e D21B     		subs	r2, r2, r7
 552              		.loc 2 24 11 view .LVU143
 553 0050 1746     		mov	r7, r2
 554              	.LVL37:
  25:External/Area/Inc/area.h ****   int16_t delta_size = second_area->size - first_area->size;
 555              		.loc 2 25 3 is_stmt 1 view .LVU144
 556              		.loc 2 25 35 is_stmt 0 view .LVU145
 557 0052 96F802C0 		ldrb	ip, [r6, #2]	@ zero_extendqisi2
 558              		.loc 2 25 11 view .LVU146
 559 0056 ACEB0006 		sub	r6, ip, r0
 560              	.LVL38:
  26:External/Area/Inc/area.h ****   int16_t delta_size_x = second_area->size - (delta_x + first_area->size);
 561              		.loc 2 26 3 is_stmt 1 view .LVU147
 562              		.loc 2 26 55 is_stmt 0 view .LVU148
 563 005a 10FA83F3 		uxtah	r3, r0, r3
 564              	.LVL39:
 565              		.loc 2 26 55 view .LVU149
 566 005e 9BB2     		uxth	r3, r3
 567              		.loc 2 26 44 view .LVU150
 568 0060 ACEB0303 		sub	r3, ip, r3
 569              		.loc 2 26 11 view .LVU151
 570 0064 1BB2     		sxth	r3, r3
 571              	.LVL40:
  27:External/Area/Inc/area.h ****   int16_t delta_size_y = second_area->size - (delta_y + first_area->size);
 572              		.loc 2 27 3 is_stmt 1 view .LVU152
 573              		.loc 2 27 55 is_stmt 0 view .LVU153
 574 0066 10FA82F2 		uxtah	r2, r0, r2
 575              	.LVL41:
 576              		.loc 2 27 55 view .LVU154
 577 006a 92B2     		uxth	r2, r2
 578              		.loc 2 27 44 view .LVU155
 579 006c ACEB020C 		sub	ip, ip, r2
 580              		.loc 2 27 11 view .LVU156
 581 0070 0FFA8CFC 		sxth	ip, ip
 582              	.LVL42:
  28:External/Area/Inc/area.h **** 
  29:External/Area/Inc/area.h ****   // Similar in position and size
  30:External/Area/Inc/area.h ****   if (abs(delta_x) <= threshold && abs(delta_y) <= threshold &&
 583              		.loc 2 30 3 is_stmt 1 view .LVU157
 584              		.loc 2 30 7 is_stmt 0 view .LVU158
 585 0074 85EAE572 		eor	r2, r5, r5, asr #31
 586 0078 A2EBE572 		sub	r2, r2, r5, asr #31
 587 007c 92B2     		uxth	r2, r2
 588              		.loc 2 30 6 view .LVU159
 589 007e 8A42     		cmp	r2, r1
 590 0080 0CDC     		bgt	.L36
 591              		.loc 2 30 36 discriminator 1 view .LVU160
 592 0082 87EAE772 		eor	r2, r7, r7, asr #31
 593 0086 A2EBE772 		sub	r2, r2, r7, asr #31
 594 008a 92B2     		uxth	r2, r2
 595              		.loc 2 30 33 discriminator 1 view .LVU161
 596 008c 9142     		cmp	r1, r2
ARM GAS  /tmp/ccvcVqP0.s 			page 17


 597 008e 05DB     		blt	.L36
  31:External/Area/Inc/area.h ****     abs(delta_size) <= threshold)
 598              		.loc 2 31 5 view .LVU162
 599 0090 002E     		cmp	r6, #0
 600 0092 B8BF     		it	lt
 601 0094 7642     		rsblt	r6, r6, #0
 602              	.LVL43:
 603              		.loc 2 31 5 view .LVU163
 604 0096 B6B2     		uxth	r6, r6
  30:External/Area/Inc/area.h ****     abs(delta_size) <= threshold)
 605              		.loc 2 30 62 discriminator 2 view .LVU164
 606 0098 B142     		cmp	r1, r6
 607 009a 08DA     		bge	.L37
 608              	.L36:
  32:External/Area/Inc/area.h ****     return true;
  33:External/Area/Inc/area.h **** 
  34:External/Area/Inc/area.h ****   // The second area includes the first
  35:External/Area/Inc/area.h ****   if (delta_x >= 0 && delta_y >= 0 && delta_size_x >= 0 && delta_size_y >= 0)
 609              		.loc 2 35 3 is_stmt 1 view .LVU165
 610              		.loc 2 35 6 is_stmt 0 view .LVU166
 611 009c 002D     		cmp	r5, #0
 612 009e B5DB     		blt	.L38
 613              		.loc 2 35 20 discriminator 1 view .LVU167
 614 00a0 002F     		cmp	r7, #0
 615 00a2 B3DB     		blt	.L38
 616              		.loc 2 35 36 discriminator 2 view .LVU168
 617 00a4 002B     		cmp	r3, #0
 618 00a6 B1DB     		blt	.L38
 619              		.loc 2 35 57 discriminator 3 view .LVU169
 620 00a8 BCF1000F 		cmp	ip, #0
 621 00ac AEDB     		blt	.L38
 622              	.L37:
 623              	.LVL44:
 624              		.loc 2 35 57 discriminator 3 view .LVU170
 625              	.LBE35:
 626              	.LBE34:
 246:External/FaceDetector/Src/face_detector.c ****         area_is_similar(
 247:External/FaceDetector/Src/face_detector.c ****           &faces_areas[comparable_read_index],
 248:External/FaceDetector/Src/face_detector.c ****           &faces_areas[area_index]
 249:External/FaceDetector/Src/face_detector.c ****         )
 250:External/FaceDetector/Src/face_detector.c ****       )
 251:External/FaceDetector/Src/face_detector.c ****       {
 252:External/FaceDetector/Src/face_detector.c ****         found = true;
 627              		.loc 1 252 9 is_stmt 1 view .LVU171
 253:External/FaceDetector/Src/face_detector.c ****         similar_areas_indexes[area_index] =
 628              		.loc 1 253 9 view .LVU172
 254:External/FaceDetector/Src/face_detector.c ****           similar_areas_indexes[comparable_read_index];
 629              		.loc 1 254 32 is_stmt 0 view .LVU173
 630 00ae 18F80E30 		ldrb	r3, [r8, lr]	@ zero_extendqisi2
 253:External/FaceDetector/Src/face_detector.c ****         similar_areas_indexes[area_index] =
 631              		.loc 1 253 43 view .LVU174
 632 00b2 08F80430 		strb	r3, [r8, r4]
 255:External/FaceDetector/Src/face_detector.c ****         break;
 633              		.loc 1 255 9 is_stmt 1 view .LVU175
 634              		.loc 1 255 9 is_stmt 0 view .LVU176
 635              	.LBE33:
 256:External/FaceDetector/Src/face_detector.c ****       }
ARM GAS  /tmp/ccvcVqP0.s 			page 18


 257:External/FaceDetector/Src/face_detector.c ****     }
 258:External/FaceDetector/Src/face_detector.c **** 
 259:External/FaceDetector/Src/face_detector.c ****     if (!found)
 636              		.loc 1 259 5 is_stmt 1 view .LVU177
 637              	.LVL45:
 638              	.L39:
 639              		.loc 1 259 5 is_stmt 0 view .LVU178
 640              	.LBE32:
 234:External/FaceDetector/Src/face_detector.c ****   )
 641              		.loc 1 234 15 is_stmt 1 view .LVU179
 642 00b6 0134     		adds	r4, r4, #1
 643              	.LVL46:
 234:External/FaceDetector/Src/face_detector.c ****   )
 644              		.loc 1 234 15 is_stmt 0 view .LVU180
 645 00b8 E4B2     		uxtb	r4, r4
 646              	.LVL47:
 647              	.L35:
 233:External/FaceDetector/Src/face_detector.c ****     area_index++
 648              		.loc 1 233 16 is_stmt 1 view .LVU181
 649 00ba 0A4B     		ldr	r3, .L46+8
 650 00bc 1B78     		ldrb	r3, [r3]	@ zero_extendqisi2
 651 00be A342     		cmp	r3, r4
 652 00c0 09D9     		bls	.L45
 653              	.LBB37:
 654              	.LBB36:
 240:External/FaceDetector/Src/face_detector.c ****       comparable_read_index < area_index;
 655              		.loc 1 240 15 is_stmt 0 view .LVU182
 656 00c2 4FF0000E 		mov	lr, #0
 657 00c6 A5E7     		b	.L41
 658              	.LVL48:
 659              	.L44:
 240:External/FaceDetector/Src/face_detector.c ****       comparable_read_index < area_index;
 660              		.loc 1 240 15 view .LVU183
 661              	.LBE36:
 662              		.loc 1 259 5 is_stmt 1 view .LVU184
 260:External/FaceDetector/Src/face_detector.c ****       similar_areas_indexes[area_index] = number_of_similar_areas++;
 663              		.loc 1 260 7 view .LVU185
 664              		.loc 1 260 66 is_stmt 0 view .LVU186
 665 00c8 09F10103 		add	r3, r9, #1
 666              	.LVL49:
 667              		.loc 1 260 41 view .LVU187
 668 00cc 08F80490 		strb	r9, [r8, r4]
 669              		.loc 1 260 66 view .LVU188
 670 00d0 5FFA83F9 		uxtb	r9, r3
 671 00d4 EFE7     		b	.L39
 672              	.LVL50:
 673              	.L45:
 674              		.loc 1 260 66 view .LVU189
 675              	.LBE37:
 676              	.LBE38:
 261:External/FaceDetector/Src/face_detector.c ****   }
 262:External/FaceDetector/Src/face_detector.c **** }
 677              		.loc 1 262 1 view .LVU190
 678 00d6 BDE8F083 		pop	{r4, r5, r6, r7, r8, r9, pc}
 679              	.LVL51:
 680              	.L47:
 681              		.loc 1 262 1 view .LVU191
ARM GAS  /tmp/ccvcVqP0.s 			page 19


 682 00da 00BF     		.align	2
 683              	.L46:
 684 00dc 00000000 		.word	faces_areas
 685 00e0 CDCC4C3E 		.word	1045220557
 686 00e4 00000000 		.word	faces_amount
 687              		.cfi_endproc
 688              	.LFE10:
 690              		.section	.text.face_detector_merge_neighbours,"ax",%progbits
 691              		.align	1
 692              		.syntax unified
 693              		.thumb
 694              		.thumb_func
 696              	face_detector_merge_neighbours:
 697              	.LVL52:
 698              	.LFB11:
 263:External/FaceDetector/Src/face_detector.c **** 
 264:External/FaceDetector/Src/face_detector.c **** static void face_detector_merge_neighbours(
 265:External/FaceDetector/Src/face_detector.c ****   uint8_t *const similar_areas_indexes,
 266:External/FaceDetector/Src/face_detector.c ****   uint8_t min_neighbours
 267:External/FaceDetector/Src/face_detector.c **** )
 268:External/FaceDetector/Src/face_detector.c **** {
 699              		.loc 1 268 1 is_stmt 1 view -0
 700              		.cfi_startproc
 701              		@ args = 0, pretend = 0, frame = 56
 702              		@ frame_needed = 0, uses_anonymous_args = 0
 703              		.loc 1 268 1 is_stmt 0 view .LVU193
 704 0000 2DE9F043 		push	{r4, r5, r6, r7, r8, r9, lr}
 705              	.LCFI5:
 706              		.cfi_def_cfa_offset 28
 707              		.cfi_offset 4, -28
 708              		.cfi_offset 5, -24
 709              		.cfi_offset 6, -20
 710              		.cfi_offset 7, -16
 711              		.cfi_offset 8, -12
 712              		.cfi_offset 9, -8
 713              		.cfi_offset 14, -4
 714 0004 8FB0     		sub	sp, sp, #60
 715              	.LCFI6:
 716              		.cfi_def_cfa_offset 88
 717 0006 0C46     		mov	r4, r1
 269:External/FaceDetector/Src/face_detector.c ****   uint8_t neighbours_group_indexes[FACE_DETECTOR_MAX_FACE_AREAS];
 718              		.loc 1 269 3 is_stmt 1 view .LVU194
 270:External/FaceDetector/Src/face_detector.c **** 
 271:External/FaceDetector/Src/face_detector.c ****   for (
 719              		.loc 1 271 3 view .LVU195
 720              	.LBB39:
 272:External/FaceDetector/Src/face_detector.c ****     uint8_t area_index = 0;
 721              		.loc 1 272 5 view .LVU196
 722              	.LVL53:
 723              		.loc 1 272 13 is_stmt 0 view .LVU197
 724 0008 4FF0000E 		mov	lr, #0
 271:External/FaceDetector/Src/face_detector.c ****     uint8_t area_index = 0;
 725              		.loc 1 271 3 view .LVU198
 726 000c 15E0     		b	.L49
 727              	.LVL54:
 728              	.L50:
 729              	.LBB40:
ARM GAS  /tmp/ccvcVqP0.s 			page 20


 730              	.LBB41:
 273:External/FaceDetector/Src/face_detector.c ****     area_index < faces_amount;
 274:External/FaceDetector/Src/face_detector.c ****     area_index++
 275:External/FaceDetector/Src/face_detector.c ****   )
 276:External/FaceDetector/Src/face_detector.c ****   {
 277:External/FaceDetector/Src/face_detector.c ****     uint8_t neighbours_in_group_amount = 0;
 278:External/FaceDetector/Src/face_detector.c ****     
 279:External/FaceDetector/Src/face_detector.c ****     for (
 280:External/FaceDetector/Src/face_detector.c ****       int8_t comparable_area_index = 0;
 281:External/FaceDetector/Src/face_detector.c ****       comparable_area_index < faces_amount;
 282:External/FaceDetector/Src/face_detector.c ****       comparable_area_index++
 731              		.loc 1 282 28 is_stmt 1 view .LVU199
 732 000e 0133     		adds	r3, r3, #1
 733              	.LVL55:
 734              		.loc 1 282 28 is_stmt 0 view .LVU200
 735 0010 5BB2     		sxtb	r3, r3
 736              	.LVL56:
 737              	.L55:
 281:External/FaceDetector/Src/face_detector.c ****       comparable_area_index++
 738              		.loc 1 281 29 is_stmt 1 view .LVU201
 739 0012 8B42     		cmp	r3, r1
 740 0014 0ADA     		bge	.L58
 283:External/FaceDetector/Src/face_detector.c ****     )
 284:External/FaceDetector/Src/face_detector.c ****     {
 285:External/FaceDetector/Src/face_detector.c ****       if (similar_areas_indexes[comparable_area_index] == area_index)
 741              		.loc 1 285 7 view .LVU202
 742              		.loc 1 285 32 is_stmt 0 view .LVU203
 743 0016 10F803C0 		ldrb	ip, [r0, r3]	@ zero_extendqisi2
 744              		.loc 1 285 10 view .LVU204
 745 001a F445     		cmp	ip, lr
 746 001c F7D1     		bne	.L50
 286:External/FaceDetector/Src/face_detector.c ****       {
 287:External/FaceDetector/Src/face_detector.c ****         neighbours_group_indexes[neighbours_in_group_amount++] =
 747              		.loc 1 287 9 is_stmt 1 view .LVU205
 748              		.loc 1 287 60 is_stmt 0 view .LVU206
 749 001e 551C     		adds	r5, r2, #1
 750              	.LVL57:
 751              		.loc 1 287 64 view .LVU207
 752 0020 3832     		adds	r2, r2, #56
 753 0022 6A44     		add	r2, sp, r2
 754 0024 02F8303C 		strb	r3, [r2, #-48]
 755              		.loc 1 287 60 view .LVU208
 756 0028 EAB2     		uxtb	r2, r5
 757 002a F0E7     		b	.L50
 758              	.LVL58:
 759              	.L58:
 760              		.loc 1 287 60 view .LVU209
 761              	.LBE41:
 288:External/FaceDetector/Src/face_detector.c ****           comparable_area_index;
 289:External/FaceDetector/Src/face_detector.c ****       }
 290:External/FaceDetector/Src/face_detector.c ****     }
 291:External/FaceDetector/Src/face_detector.c **** 
 292:External/FaceDetector/Src/face_detector.c ****     if (neighbours_in_group_amount < min_neighbours)
 762              		.loc 1 292 5 is_stmt 1 view .LVU210
 763              		.loc 1 292 8 is_stmt 0 view .LVU211
 764 002c A242     		cmp	r2, r4
 765 002e 00D3     		bcc	.L52
ARM GAS  /tmp/ccvcVqP0.s 			page 21


 293:External/FaceDetector/Src/face_detector.c ****       continue;
 294:External/FaceDetector/Src/face_detector.c ****     if (neighbours_in_group_amount == 0)
 766              		.loc 1 294 5 is_stmt 1 view .LVU212
 767              		.loc 1 294 8 is_stmt 0 view .LVU213
 768 0030 52B9     		cbnz	r2, .L59
 769              	.LVL59:
 770              	.L52:
 771              		.loc 1 294 8 view .LVU214
 772              	.LBE40:
 274:External/FaceDetector/Src/face_detector.c ****   )
 773              		.loc 1 274 15 is_stmt 1 view .LVU215
 774 0032 0EF1010E 		add	lr, lr, #1
 775              	.LVL60:
 274:External/FaceDetector/Src/face_detector.c ****   )
 776              		.loc 1 274 15 is_stmt 0 view .LVU216
 777 0036 5FFA8EFE 		uxtb	lr, lr
 778              	.LVL61:
 779              	.L49:
 273:External/FaceDetector/Src/face_detector.c ****     area_index++
 780              		.loc 1 273 16 is_stmt 1 view .LVU217
 781 003a 2A4B     		ldr	r3, .L61
 782 003c 1978     		ldrb	r1, [r3]	@ zero_extendqisi2
 783 003e 7145     		cmp	r1, lr
 784 0040 4DD9     		bls	.L60
 785              	.LBB48:
 786              	.LBB42:
 280:External/FaceDetector/Src/face_detector.c ****       comparable_area_index < faces_amount;
 787              		.loc 1 280 14 is_stmt 0 view .LVU218
 788 0042 0023     		movs	r3, #0
 789              	.LBE42:
 277:External/FaceDetector/Src/face_detector.c ****     
 790              		.loc 1 277 13 view .LVU219
 791 0044 1A46     		mov	r2, r3
 792 0046 E4E7     		b	.L55
 793              	.LVL62:
 794              	.L59:
 295:External/FaceDetector/Src/face_detector.c ****       continue;
 296:External/FaceDetector/Src/face_detector.c **** 
 297:External/FaceDetector/Src/face_detector.c ****     result_faces[result_faces_amount++] = face_detector_combine_neighbours(
 795              		.loc 1 297 5 is_stmt 1 view .LVU220
 796              		.loc 1 297 37 is_stmt 0 view .LVU221
 797 0048 274B     		ldr	r3, .L61+4
 798              	.LVL63:
 799              		.loc 1 297 37 view .LVU222
 800 004a 1E78     		ldrb	r6, [r3]	@ zero_extendqisi2
 801 004c 711C     		adds	r1, r6, #1
 802 004e 1970     		strb	r1, [r3]
 803              	.LVL64:
 804              	.LBB43:
 805              	.LBI43:
 298:External/FaceDetector/Src/face_detector.c ****       neighbours_group_indexes,
 299:External/FaceDetector/Src/face_detector.c ****       neighbours_in_group_amount
 300:External/FaceDetector/Src/face_detector.c ****     );
 301:External/FaceDetector/Src/face_detector.c ****   }
 302:External/FaceDetector/Src/face_detector.c **** }
 303:External/FaceDetector/Src/face_detector.c **** 
 304:External/FaceDetector/Src/face_detector.c **** __attribute__((always_inline))
ARM GAS  /tmp/ccvcVqP0.s 			page 22


 305:External/FaceDetector/Src/face_detector.c **** inline static area face_detector_combine_neighbours(
 806              		.loc 1 305 20 is_stmt 1 view .LVU223
 807              	.LBB44:
 306:External/FaceDetector/Src/face_detector.c ****   const uint8_t *const indexes,
 307:External/FaceDetector/Src/face_detector.c ****   const uint8_t amount
 308:External/FaceDetector/Src/face_detector.c **** )
 309:External/FaceDetector/Src/face_detector.c **** {
 310:External/FaceDetector/Src/face_detector.c ****   uint16_t result_x = 0;
 808              		.loc 1 310 3 view .LVU224
 311:External/FaceDetector/Src/face_detector.c ****   uint16_t result_y = 0;
 809              		.loc 1 311 3 view .LVU225
 312:External/FaceDetector/Src/face_detector.c ****   uint16_t result_size = 0;
 810              		.loc 1 312 3 view .LVU226
 313:External/FaceDetector/Src/face_detector.c **** 
 314:External/FaceDetector/Src/face_detector.c ****   for (uint8_t i = 0; i < amount; i++)
 811              		.loc 1 314 3 view .LVU227
 812              	.LBB45:
 813              		.loc 1 314 8 view .LVU228
 814              		.loc 1 314 16 is_stmt 0 view .LVU229
 815 0050 0023     		movs	r3, #0
 816              	.LBE45:
 312:External/FaceDetector/Src/face_detector.c ****   uint16_t result_size = 0;
 817              		.loc 1 312 12 view .LVU230
 818 0052 1946     		mov	r1, r3
 311:External/FaceDetector/Src/face_detector.c ****   uint16_t result_size = 0;
 819              		.loc 1 311 12 view .LVU231
 820 0054 1F46     		mov	r7, r3
 310:External/FaceDetector/Src/face_detector.c ****   uint16_t result_y = 0;
 821              		.loc 1 310 12 view .LVU232
 822 0056 1D46     		mov	r5, r3
 823              	.LBB47:
 824              		.loc 1 314 3 view .LVU233
 825 0058 22E0     		b	.L53
 826              	.LVL65:
 827              	.L54:
 828              	.LBB46:
 315:External/FaceDetector/Src/face_detector.c ****   {
 316:External/FaceDetector/Src/face_detector.c ****     area current_area = faces_areas[indexes[i]];
 829              		.loc 1 316 5 is_stmt 1 view .LVU234
 830              		.loc 1 316 44 is_stmt 0 view .LVU235
 831 005a 03F1380C 		add	ip, r3, #56
 832 005e EC44     		add	ip, sp, ip
 833 0060 1CF830CC 		ldrb	ip, [ip, #-48]	@ zero_extendqisi2
 834              		.loc 1 316 10 view .LVU236
 835 0064 DFF88880 		ldr	r8, .L61+12
 836 0068 0CEB4C0C 		add	ip, ip, ip, lsl #1
 837 006c 08EB0C09 		add	r9, r8, ip
 838 0070 38F80C80 		ldrh	r8, [r8, ip]	@ unaligned
 839 0074 99F802C0 		ldrb	ip, [r9, #2]	@ zero_extendqisi2
 840 0078 ADF80480 		strh	r8, [sp, #4]	@ unaligned
 841 007c 8DF806C0 		strb	ip, [sp, #6]
 317:External/FaceDetector/Src/face_detector.c **** 
 318:External/FaceDetector/Src/face_detector.c ****     result_x += current_area.x;
 842              		.loc 1 318 5 is_stmt 1 view .LVU237
 843              		.loc 1 318 29 is_stmt 0 view .LVU238
 844 0080 9DF804C0 		ldrb	ip, [sp, #4]	@ zero_extendqisi2
 845              		.loc 1 318 14 view .LVU239
ARM GAS  /tmp/ccvcVqP0.s 			page 23


 846 0084 6544     		add	r5, r5, ip
 847              	.LVL66:
 848              		.loc 1 318 14 view .LVU240
 849 0086 ADB2     		uxth	r5, r5
 850              	.LVL67:
 319:External/FaceDetector/Src/face_detector.c ****     result_y += current_area.y;
 851              		.loc 1 319 5 is_stmt 1 view .LVU241
 852              		.loc 1 319 29 is_stmt 0 view .LVU242
 853 0088 9DF805C0 		ldrb	ip, [sp, #5]	@ zero_extendqisi2
 854              		.loc 1 319 14 view .LVU243
 855 008c BC44     		add	ip, ip, r7
 856 008e 1FFA8CF7 		uxth	r7, ip
 857              	.LVL68:
 320:External/FaceDetector/Src/face_detector.c ****     result_size += current_area.size;
 858              		.loc 1 320 5 is_stmt 1 view .LVU244
 859              		.loc 1 320 32 is_stmt 0 view .LVU245
 860 0092 9DF806C0 		ldrb	ip, [sp, #6]	@ zero_extendqisi2
 861              		.loc 1 320 17 view .LVU246
 862 0096 8C44     		add	ip, ip, r1
 863 0098 1FFA8CF1 		uxth	r1, ip
 864              	.LVL69:
 865              		.loc 1 320 17 view .LVU247
 866              	.LBE46:
 314:External/FaceDetector/Src/face_detector.c ****   {
 867              		.loc 1 314 36 is_stmt 1 discriminator 3 view .LVU248
 868 009c 0133     		adds	r3, r3, #1
 869              	.LVL70:
 314:External/FaceDetector/Src/face_detector.c ****   {
 870              		.loc 1 314 36 is_stmt 0 discriminator 3 view .LVU249
 871 009e DBB2     		uxtb	r3, r3
 872              	.LVL71:
 873              	.L53:
 314:External/FaceDetector/Src/face_detector.c ****   {
 874              		.loc 1 314 25 is_stmt 1 discriminator 1 view .LVU250
 875 00a0 9A42     		cmp	r2, r3
 876 00a2 DAD8     		bhi	.L54
 877              	.LBE47:
 321:External/FaceDetector/Src/face_detector.c ****   }
 322:External/FaceDetector/Src/face_detector.c **** 
 323:External/FaceDetector/Src/face_detector.c ****   return (area) {
 878              		.loc 1 323 3 view .LVU251
 324:External/FaceDetector/Src/face_detector.c ****     .x = result_x / amount,
 879              		.loc 1 324 19 is_stmt 0 view .LVU252
 880 00a4 95FBF2F5 		sdiv	r5, r5, r2
 881              	.LVL72:
 325:External/FaceDetector/Src/face_detector.c ****     .y = result_y / amount,
 882              		.loc 1 325 19 view .LVU253
 883 00a8 97FBF2F7 		sdiv	r7, r7, r2
 884              	.LVL73:
 326:External/FaceDetector/Src/face_detector.c ****     .size = result_size / amount
 885              		.loc 1 326 25 view .LVU254
 886 00ac 91FBF2F1 		sdiv	r1, r1, r2
 887              	.LVL74:
 323:External/FaceDetector/Src/face_detector.c ****     .x = result_x / amount,
 888              		.loc 1 323 10 view .LVU255
 889 00b0 8DF83450 		strb	r5, [sp, #52]
 890 00b4 8DF83570 		strb	r7, [sp, #53]
ARM GAS  /tmp/ccvcVqP0.s 			page 24


 891 00b8 8DF83610 		strb	r1, [sp, #54]
 892 00bc 0D9B     		ldr	r3, [sp, #52]
 893              	.LVL75:
 323:External/FaceDetector/Src/face_detector.c ****     .x = result_x / amount,
 894              		.loc 1 323 10 view .LVU256
 895 00be ADF83030 		strh	r3, [sp, #48]	@ movhi
 896 00c2 1B0C     		lsrs	r3, r3, #16
 897 00c4 8DF83230 		strb	r3, [sp, #50]
 898              	.LVL76:
 323:External/FaceDetector/Src/face_detector.c ****     .x = result_x / amount,
 899              		.loc 1 323 10 view .LVU257
 900              	.LBE44:
 901              	.LBE43:
 297:External/FaceDetector/Src/face_detector.c ****       neighbours_group_indexes,
 902              		.loc 1 297 43 view .LVU258
 903 00c8 084B     		ldr	r3, .L61+8
 904 00ca 06EB4606 		add	r6, r6, r6, lsl #1
 905 00ce 9A19     		adds	r2, r3, r6
 906              	.LVL77:
 297:External/FaceDetector/Src/face_detector.c ****       neighbours_group_indexes,
 907              		.loc 1 297 43 view .LVU259
 908 00d0 BDF83050 		ldrh	r5, [sp, #48]	@ unaligned
 909 00d4 9DF83210 		ldrb	r1, [sp, #50]	@ zero_extendqisi2
 910 00d8 9D53     		strh	r5, [r3, r6]	@ unaligned
 911 00da 9170     		strb	r1, [r2, #2]
 912 00dc A9E7     		b	.L52
 913              	.LVL78:
 914              	.L60:
 297:External/FaceDetector/Src/face_detector.c ****       neighbours_group_indexes,
 915              		.loc 1 297 43 view .LVU260
 916              	.LBE48:
 917              	.LBE39:
 302:External/FaceDetector/Src/face_detector.c **** 
 918              		.loc 1 302 1 view .LVU261
 919 00de 0FB0     		add	sp, sp, #60
 920              	.LCFI7:
 921              		.cfi_def_cfa_offset 28
 922              		@ sp needed
 923 00e0 BDE8F083 		pop	{r4, r5, r6, r7, r8, r9, pc}
 924              	.LVL79:
 925              	.L62:
 302:External/FaceDetector/Src/face_detector.c **** 
 926              		.loc 1 302 1 view .LVU262
 927              		.align	2
 928              	.L61:
 929 00e4 00000000 		.word	faces_amount
 930 00e8 00000000 		.word	result_faces_amount
 931 00ec 00000000 		.word	result_faces
 932 00f0 00000000 		.word	faces_areas
 933              		.cfi_endproc
 934              	.LFE11:
 936              		.section	.text.face_detector_merge_faces_areas,"ax",%progbits
 937              		.align	1
 938              		.syntax unified
 939              		.thumb
 940              		.thumb_func
 942              	face_detector_merge_faces_areas:
ARM GAS  /tmp/ccvcVqP0.s 			page 25


 943              	.LVL80:
 944              	.LFB9:
 213:External/FaceDetector/Src/face_detector.c ****   uint8_t similar_areas_indexes[FACE_DETECTOR_MAX_FACE_AREAS];
 945              		.loc 1 213 1 is_stmt 1 view -0
 946              		.cfi_startproc
 947              		@ args = 0, pretend = 0, frame = 40
 948              		@ frame_needed = 0, uses_anonymous_args = 0
 213:External/FaceDetector/Src/face_detector.c ****   uint8_t similar_areas_indexes[FACE_DETECTOR_MAX_FACE_AREAS];
 949              		.loc 1 213 1 is_stmt 0 view .LVU264
 950 0000 10B5     		push	{r4, lr}
 951              	.LCFI8:
 952              		.cfi_def_cfa_offset 8
 953              		.cfi_offset 4, -8
 954              		.cfi_offset 14, -4
 955 0002 8AB0     		sub	sp, sp, #40
 956              	.LCFI9:
 957              		.cfi_def_cfa_offset 48
 958 0004 0446     		mov	r4, r0
 214:External/FaceDetector/Src/face_detector.c ****   
 959              		.loc 1 214 3 is_stmt 1 view .LVU265
 216:External/FaceDetector/Src/face_detector.c ****     similar_areas_indexes
 960              		.loc 1 216 3 view .LVU266
 961 0006 6846     		mov	r0, sp
 962              	.LVL81:
 216:External/FaceDetector/Src/face_detector.c ****     similar_areas_indexes
 963              		.loc 1 216 3 is_stmt 0 view .LVU267
 964 0008 FFF7FEFF 		bl	face_detector_calculate_indexes_of_neighbours
 965              	.LVL82:
 219:External/FaceDetector/Src/face_detector.c ****     similar_areas_indexes,
 966              		.loc 1 219 3 is_stmt 1 view .LVU268
 967 000c 2146     		mov	r1, r4
 968 000e 6846     		mov	r0, sp
 969 0010 FFF7FEFF 		bl	face_detector_merge_neighbours
 970              	.LVL83:
 223:External/FaceDetector/Src/face_detector.c **** 
 971              		.loc 1 223 1 is_stmt 0 view .LVU269
 972 0014 0AB0     		add	sp, sp, #40
 973              	.LCFI10:
 974              		.cfi_def_cfa_offset 8
 975              		@ sp needed
 976 0016 10BD     		pop	{r4, pc}
 223:External/FaceDetector/Src/face_detector.c **** 
 977              		.loc 1 223 1 view .LVU270
 978              		.cfi_endproc
 979              	.LFE9:
 981              		.section	.text.face_detector_create,"ax",%progbits
 982              		.align	1
 983              		.global	face_detector_create
 984              		.syntax unified
 985              		.thumb
 986              		.thumb_func
 988              	face_detector_create:
 989              	.LVL84:
 990              	.LFB1:
  67:External/FaceDetector/Src/face_detector.c ****   stage_handler = handler;
 991              		.loc 1 67 1 is_stmt 1 view -0
 992              		.cfi_startproc
ARM GAS  /tmp/ccvcVqP0.s 			page 26


 993              		@ args = 12, pretend = 8, frame = 0
 994              		@ frame_needed = 0, uses_anonymous_args = 0
  67:External/FaceDetector/Src/face_detector.c ****   stage_handler = handler;
 995              		.loc 1 67 1 is_stmt 0 view .LVU272
 996 0000 82B0     		sub	sp, sp, #8
 997              	.LCFI11:
 998              		.cfi_def_cfa_offset 8
 999 0002 08B5     		push	{r3, lr}
 1000              	.LCFI12:
 1001              		.cfi_def_cfa_offset 16
 1002              		.cfi_offset 3, -16
 1003              		.cfi_offset 14, -12
 1004 0004 8646     		mov	lr, r0
 1005 0006 8C46     		mov	ip, r1
 1006 0008 02A9     		add	r1, sp, #8
 1007              	.LVL85:
  67:External/FaceDetector/Src/face_detector.c ****   stage_handler = handler;
 1008              		.loc 1 67 1 view .LVU273
 1009 000a 81E80C00 		stm	r1, {r2, r3}
  68:External/FaceDetector/Src/face_detector.c ****   current_stages_amount = stages_amount;
 1010              		.loc 1 68 3 is_stmt 1 view .LVU274
  68:External/FaceDetector/Src/face_detector.c ****   current_stages_amount = stages_amount;
 1011              		.loc 1 68 17 is_stmt 0 view .LVU275
 1012 000e 084B     		ldr	r3, .L67
 1013 0010 07C9     		ldm	r1, {r0, r1, r2}
 1014              	.LVL86:
  68:External/FaceDetector/Src/face_detector.c ****   current_stages_amount = stages_amount;
 1015              		.loc 1 68 17 view .LVU276
 1016 0012 83E80700 		stm	r3, {r0, r1, r2}
  69:External/FaceDetector/Src/face_detector.c **** 
 1017              		.loc 1 69 3 is_stmt 1 view .LVU277
  69:External/FaceDetector/Src/face_detector.c **** 
 1018              		.loc 1 69 25 is_stmt 0 view .LVU278
 1019 0016 074B     		ldr	r3, .L67+4
 1020 0018 83F800C0 		strb	ip, [r3]
  71:External/FaceDetector/Src/face_detector.c ****     binary_classifiers_source,
 1021              		.loc 1 71 3 is_stmt 1 view .LVU279
  71:External/FaceDetector/Src/face_detector.c ****     binary_classifiers_source,
 1022              		.loc 1 71 25 is_stmt 0 view .LVU280
 1023 001c 0346     		mov	r3, r0
  71:External/FaceDetector/Src/face_detector.c ****     binary_classifiers_source,
 1024              		.loc 1 71 12 view .LVU281
 1025 001e 6146     		mov	r1, ip
 1026 0020 7046     		mov	r0, lr
 1027 0022 9847     		blx	r3
 1028              	.LVL87:
  71:External/FaceDetector/Src/face_detector.c ****     binary_classifiers_source,
 1029              		.loc 1 71 10 discriminator 1 view .LVU282
 1030 0024 044B     		ldr	r3, .L67+8
 1031 0026 1860     		str	r0, [r3]
  75:External/FaceDetector/Src/face_detector.c **** 
 1032              		.loc 1 75 1 view .LVU283
 1033 0028 BDE80840 		pop	{r3, lr}
 1034              	.LCFI13:
 1035              		.cfi_restore 14
 1036              		.cfi_restore 3
 1037              		.cfi_def_cfa_offset 8
ARM GAS  /tmp/ccvcVqP0.s 			page 27


 1038 002c 02B0     		add	sp, sp, #8
 1039              	.LCFI14:
 1040              		.cfi_def_cfa_offset 0
 1041 002e 7047     		bx	lr
 1042              	.L68:
 1043              		.align	2
 1044              	.L67:
 1045 0030 00000000 		.word	stage_handler
 1046 0034 00000000 		.word	current_stages_amount
 1047 0038 00000000 		.word	stages
 1048              		.cfi_endproc
 1049              	.LFE1:
 1051              		.section	.text.face_detector_destroy,"ax",%progbits
 1052              		.align	1
 1053              		.global	face_detector_destroy
 1054              		.syntax unified
 1055              		.thumb
 1056              		.thumb_func
 1058              	face_detector_destroy:
 1059              	.LFB2:
  78:External/FaceDetector/Src/face_detector.c ****   stage_handler = (face_detector_stage_handler) { 0 };
 1060              		.loc 1 78 1 is_stmt 1 view -0
 1061              		.cfi_startproc
 1062              		@ args = 0, pretend = 0, frame = 0
 1063              		@ frame_needed = 0, uses_anonymous_args = 0
 1064 0000 10B5     		push	{r4, lr}
 1065              	.LCFI15:
 1066              		.cfi_def_cfa_offset 8
 1067              		.cfi_offset 4, -8
 1068              		.cfi_offset 14, -4
  79:External/FaceDetector/Src/face_detector.c ****   face_detector_reset_faces_arrays();
 1069              		.loc 1 79 3 view .LVU285
  79:External/FaceDetector/Src/face_detector.c ****   face_detector_reset_faces_arrays();
 1070              		.loc 1 79 17 is_stmt 0 view .LVU286
 1071 0002 064B     		ldr	r3, .L71
 1072 0004 0024     		movs	r4, #0
 1073 0006 1C60     		str	r4, [r3]
 1074 0008 5C60     		str	r4, [r3, #4]
 1075 000a 9C60     		str	r4, [r3, #8]
  80:External/FaceDetector/Src/face_detector.c **** 
 1076              		.loc 1 80 3 is_stmt 1 view .LVU287
 1077 000c FFF7FEFF 		bl	face_detector_reset_faces_arrays
 1078              	.LVL88:
  82:External/FaceDetector/Src/face_detector.c ****   scales_amount = 0;
 1079              		.loc 1 82 3 view .LVU288
  82:External/FaceDetector/Src/face_detector.c ****   scales_amount = 0;
 1080              		.loc 1 82 17 is_stmt 0 view .LVU289
 1081 0010 034B     		ldr	r3, .L71+4
 1082 0012 1C70     		strb	r4, [r3]
  83:External/FaceDetector/Src/face_detector.c ****   current_stages_amount = 0;
 1083              		.loc 1 83 3 is_stmt 1 view .LVU290
  84:External/FaceDetector/Src/face_detector.c **** }
 1084              		.loc 1 84 3 view .LVU291
  84:External/FaceDetector/Src/face_detector.c **** }
 1085              		.loc 1 84 25 is_stmt 0 view .LVU292
 1086 0014 034B     		ldr	r3, .L71+8
 1087 0016 1C70     		strb	r4, [r3]
ARM GAS  /tmp/ccvcVqP0.s 			page 28


  85:External/FaceDetector/Src/face_detector.c **** 
 1088              		.loc 1 85 1 view .LVU293
 1089 0018 10BD     		pop	{r4, pc}
 1090              	.L72:
 1091 001a 00BF     		.align	2
 1092              	.L71:
 1093 001c 00000000 		.word	stage_handler
 1094 0020 00000000 		.word	scales_amount
 1095 0024 00000000 		.word	current_stages_amount
 1096              		.cfi_endproc
 1097              	.LFE2:
 1099              		.section	.text.face_detector_detect,"ax",%progbits
 1100              		.align	1
 1101              		.global	face_detector_detect
 1102              		.syntax unified
 1103              		.thumb
 1104              		.thumb_func
 1106              	face_detector_detect:
 1107              	.LVL89:
 1108              	.LFB3:
  90:External/FaceDetector/Src/face_detector.c ****   face_detector_reset_faces_arrays();
 1109              		.loc 1 90 1 is_stmt 1 view -0
 1110              		.cfi_startproc
 1111              		@ args = 0, pretend = 0, frame = 0
 1112              		@ frame_needed = 0, uses_anonymous_args = 0
  90:External/FaceDetector/Src/face_detector.c ****   face_detector_reset_faces_arrays();
 1113              		.loc 1 90 1 is_stmt 0 view .LVU295
 1114 0000 10B5     		push	{r4, lr}
 1115              	.LCFI16:
 1116              		.cfi_def_cfa_offset 8
 1117              		.cfi_offset 4, -8
 1118              		.cfi_offset 14, -4
 1119 0002 0446     		mov	r4, r0
  91:External/FaceDetector/Src/face_detector.c **** 
 1120              		.loc 1 91 3 is_stmt 1 view .LVU296
 1121 0004 FFF7FEFF 		bl	face_detector_reset_faces_arrays
 1122              	.LVL90:
  93:External/FaceDetector/Src/face_detector.c ****     arguments->base_scale,
 1123              		.loc 1 93 3 view .LVU297
 1124 0008 6178     		ldrb	r1, [r4, #1]	@ zero_extendqisi2
 1125 000a 2078     		ldrb	r0, [r4]	@ zero_extendqisi2
 1126 000c D4ED020A 		vldr.32	s1, [r4, #8]
 1127 0010 94ED010A 		vldr.32	s0, [r4, #4]
 1128 0014 FFF7FEFF 		bl	face_detector_calculate_scales
 1129              	.LVL91:
  99:External/FaceDetector/Src/face_detector.c **** 
 1130              		.loc 1 99 3 view .LVU298
 1131 0018 FFF7FEFF 		bl	face_detector_calculate_scaled_features
 1132              	.LVL92:
 101:External/FaceDetector/Src/face_detector.c ****   face_detector_merge_faces_areas(arguments->min_neighbours);
 1133              		.loc 1 101 3 view .LVU299
 1134 001c 2046     		mov	r0, r4
 1135 001e FFF7FEFF 		bl	face_detector_detect_faces
 1136              	.LVL93:
 102:External/FaceDetector/Src/face_detector.c **** 
 1137              		.loc 1 102 3 view .LVU300
 1138 0022 207C     		ldrb	r0, [r4, #16]	@ zero_extendqisi2
ARM GAS  /tmp/ccvcVqP0.s 			page 29


 1139 0024 FFF7FEFF 		bl	face_detector_merge_faces_areas
 1140              	.LVL94:
 104:External/FaceDetector/Src/face_detector.c ****   integral_image_destroy();
 1141              		.loc 1 104 3 view .LVU301
 104:External/FaceDetector/Src/face_detector.c ****   integral_image_destroy();
 1142              		.loc 1 104 17 is_stmt 0 view .LVU302
 1143 0028 024B     		ldr	r3, .L75
 1144 002a 0022     		movs	r2, #0
 1145 002c 1A70     		strb	r2, [r3]
 105:External/FaceDetector/Src/face_detector.c **** }
 1146              		.loc 1 105 3 is_stmt 1 view .LVU303
 1147 002e FFF7FEFF 		bl	integral_image_destroy
 1148              	.LVL95:
 106:External/FaceDetector/Src/face_detector.c **** 
 1149              		.loc 1 106 1 is_stmt 0 view .LVU304
 1150 0032 10BD     		pop	{r4, pc}
 1151              	.LVL96:
 1152              	.L76:
 106:External/FaceDetector/Src/face_detector.c **** 
 1153              		.loc 1 106 1 view .LVU305
 1154              		.align	2
 1155              	.L75:
 1156 0034 00000000 		.word	scales_amount
 1157              		.cfi_endproc
 1158              	.LFE3:
 1160              		.section	.text.face_detector_get_result,"ax",%progbits
 1161              		.align	1
 1162              		.global	face_detector_get_result
 1163              		.syntax unified
 1164              		.thumb
 1165              		.thumb_func
 1167              	face_detector_get_result:
 1168              	.LVL97:
 1169              	.LFB13:
 327:External/FaceDetector/Src/face_detector.c ****   };
 328:External/FaceDetector/Src/face_detector.c **** }
 329:External/FaceDetector/Src/face_detector.c **** 
 330:External/FaceDetector/Src/face_detector.c **** face_detector_result face_detector_get_result(void)
 331:External/FaceDetector/Src/face_detector.c **** {
 1170              		.loc 1 331 1 is_stmt 1 view -0
 1171              		.cfi_startproc
 1172              		@ args = 0, pretend = 0, frame = 0
 1173              		@ frame_needed = 0, uses_anonymous_args = 0
 1174              		@ link register save eliminated.
 332:External/FaceDetector/Src/face_detector.c ****   return (face_detector_result) {
 1175              		.loc 1 332 3 view .LVU307
 1176              		.loc 1 332 10 is_stmt 0 view .LVU308
 1177 0000 024A     		ldr	r2, .L78
 1178 0002 1278     		ldrb	r2, [r2]	@ zero_extendqisi2
 1179 0004 0249     		ldr	r1, .L78+4
 1180 0006 0160     		str	r1, [r0]
 1181 0008 0271     		strb	r2, [r0, #4]
 333:External/FaceDetector/Src/face_detector.c ****     .faces = result_faces,
 334:External/FaceDetector/Src/face_detector.c ****     .faces_amount = result_faces_amount
 335:External/FaceDetector/Src/face_detector.c ****   };
 336:External/FaceDetector/Src/face_detector.c **** }
 1182              		.loc 1 336 1 view .LVU309
ARM GAS  /tmp/ccvcVqP0.s 			page 30


 1183 000a 7047     		bx	lr
 1184              	.L79:
 1185              		.align	2
 1186              	.L78:
 1187 000c 00000000 		.word	result_faces_amount
 1188 0010 00000000 		.word	result_faces
 1189              		.cfi_endproc
 1190              	.LFE13:
 1192              		.section	.bss.result_faces_amount,"aw",%nobits
 1195              	result_faces_amount:
 1196 0000 00       		.space	1
 1197              		.section	.bss.result_faces,"aw",%nobits
 1198              		.align	2
 1201              	result_faces:
 1202 0000 00000000 		.space	120
 1202      00000000 
 1202      00000000 
 1202      00000000 
 1202      00000000 
 1203              		.section	.bss.faces_amount,"aw",%nobits
 1206              	faces_amount:
 1207 0000 00       		.space	1
 1208              		.section	.bss.faces_areas,"aw",%nobits
 1209              		.align	2
 1212              	faces_areas:
 1213 0000 00000000 		.space	120
 1213      00000000 
 1213      00000000 
 1213      00000000 
 1213      00000000 
 1214              		.section	.bss.scales_amount,"aw",%nobits
 1217              	scales_amount:
 1218 0000 00       		.space	1
 1219              		.section	.bss.scales,"aw",%nobits
 1220              		.align	2
 1223              	scales:
 1224 0000 00000000 		.space	160
 1224      00000000 
 1224      00000000 
 1224      00000000 
 1224      00000000 
 1225              		.section	.bss.current_stages_amount,"aw",%nobits
 1228              	current_stages_amount:
 1229 0000 00       		.space	1
 1230              		.section	.bss.stages,"aw",%nobits
 1231              		.align	2
 1234              	stages:
 1235 0000 00000000 		.space	4
 1236              		.section	.bss.stage_handler,"aw",%nobits
 1237              		.align	2
 1240              	stage_handler:
 1241 0000 00000000 		.space	12
 1241      00000000 
 1241      00000000 
 1242              		.text
 1243              	.Letext0:
 1244              		.file 3 "/usr/src/arm-gnu-toolchain-13.3/arm-none-eabi/include/machine/_default_types.h"
ARM GAS  /tmp/ccvcVqP0.s 			page 31


 1245              		.file 4 "/usr/src/arm-gnu-toolchain-13.3/arm-none-eabi/include/sys/_stdint.h"
 1246              		.file 5 "External/LBPFeature/Inc/lbp_feature_defs.h"
 1247              		.file 6 "External/Stage/Inc/stage_defs.h"
 1248              		.file 7 "External/FaceDetector/Inc/face_detector_defs.h"
 1249              		.file 8 "External/IntegralImage/Inc/integral_image.h"
ARM GAS  /tmp/ccvcVqP0.s 			page 32


DEFINED SYMBOLS
                            *ABS*:00000000 face_detector.c
     /tmp/ccvcVqP0.s:21     .text.face_detector_reset_faces_arrays:00000000 $t
     /tmp/ccvcVqP0.s:26     .text.face_detector_reset_faces_arrays:00000000 face_detector_reset_faces_arrays
     /tmp/ccvcVqP0.s:47     .text.face_detector_reset_faces_arrays:0000000c $d
     /tmp/ccvcVqP0.s:1206   .bss.faces_amount:00000000 faces_amount
     /tmp/ccvcVqP0.s:1195   .bss.result_faces_amount:00000000 result_faces_amount
     /tmp/ccvcVqP0.s:53     .text.face_detector_calculate_scales:00000000 $t
     /tmp/ccvcVqP0.s:58     .text.face_detector_calculate_scales:00000000 face_detector_calculate_scales
     /tmp/ccvcVqP0.s:152    .text.face_detector_calculate_scales:00000064 $d
     /tmp/ccvcVqP0.s:1217   .bss.scales_amount:00000000 scales_amount
     /tmp/ccvcVqP0.s:1223   .bss.scales:00000000 scales
     /tmp/ccvcVqP0.s:159    .text.face_detector_calculate_scaled_features:00000000 $t
     /tmp/ccvcVqP0.s:164    .text.face_detector_calculate_scaled_features:00000000 face_detector_calculate_scaled_features
     /tmp/ccvcVqP0.s:218    .text.face_detector_calculate_scaled_features:00000028 $d
     /tmp/ccvcVqP0.s:1240   .bss.stage_handler:00000000 stage_handler
     /tmp/ccvcVqP0.s:1234   .bss.stages:00000000 stages
     /tmp/ccvcVqP0.s:1228   .bss.current_stages_amount:00000000 current_stages_amount
     /tmp/ccvcVqP0.s:227    .text.face_detector_detect_faces:00000000 $t
     /tmp/ccvcVqP0.s:232    .text.face_detector_detect_faces:00000000 face_detector_detect_faces
     /tmp/ccvcVqP0.s:447    .text.face_detector_detect_faces:000000f0 $d
     /tmp/ccvcVqP0.s:1212   .bss.faces_areas:00000000 faces_areas
     /tmp/ccvcVqP0.s:459    .text.face_detector_calculate_indexes_of_neighbours:00000000 $t
     /tmp/ccvcVqP0.s:464    .text.face_detector_calculate_indexes_of_neighbours:00000000 face_detector_calculate_indexes_of_neighbours
     /tmp/ccvcVqP0.s:684    .text.face_detector_calculate_indexes_of_neighbours:000000dc $d
     /tmp/ccvcVqP0.s:691    .text.face_detector_merge_neighbours:00000000 $t
     /tmp/ccvcVqP0.s:696    .text.face_detector_merge_neighbours:00000000 face_detector_merge_neighbours
     /tmp/ccvcVqP0.s:929    .text.face_detector_merge_neighbours:000000e4 $d
     /tmp/ccvcVqP0.s:1201   .bss.result_faces:00000000 result_faces
     /tmp/ccvcVqP0.s:937    .text.face_detector_merge_faces_areas:00000000 $t
     /tmp/ccvcVqP0.s:942    .text.face_detector_merge_faces_areas:00000000 face_detector_merge_faces_areas
     /tmp/ccvcVqP0.s:982    .text.face_detector_create:00000000 $t
     /tmp/ccvcVqP0.s:988    .text.face_detector_create:00000000 face_detector_create
     /tmp/ccvcVqP0.s:1045   .text.face_detector_create:00000030 $d
     /tmp/ccvcVqP0.s:1052   .text.face_detector_destroy:00000000 $t
     /tmp/ccvcVqP0.s:1058   .text.face_detector_destroy:00000000 face_detector_destroy
     /tmp/ccvcVqP0.s:1093   .text.face_detector_destroy:0000001c $d
     /tmp/ccvcVqP0.s:1100   .text.face_detector_detect:00000000 $t
     /tmp/ccvcVqP0.s:1106   .text.face_detector_detect:00000000 face_detector_detect
     /tmp/ccvcVqP0.s:1156   .text.face_detector_detect:00000034 $d
     /tmp/ccvcVqP0.s:1161   .text.face_detector_get_result:00000000 $t
     /tmp/ccvcVqP0.s:1167   .text.face_detector_get_result:00000000 face_detector_get_result
     /tmp/ccvcVqP0.s:1187   .text.face_detector_get_result:0000000c $d
     /tmp/ccvcVqP0.s:1196   .bss.result_faces_amount:00000000 $d
     /tmp/ccvcVqP0.s:1198   .bss.result_faces:00000000 $d
     /tmp/ccvcVqP0.s:1207   .bss.faces_amount:00000000 $d
     /tmp/ccvcVqP0.s:1209   .bss.faces_areas:00000000 $d
     /tmp/ccvcVqP0.s:1218   .bss.scales_amount:00000000 $d
     /tmp/ccvcVqP0.s:1220   .bss.scales:00000000 $d
     /tmp/ccvcVqP0.s:1229   .bss.current_stages_amount:00000000 $d
     /tmp/ccvcVqP0.s:1231   .bss.stages:00000000 $d
     /tmp/ccvcVqP0.s:1237   .bss.stage_handler:00000000 $d

UNDEFINED SYMBOLS
integral_image_destroy
