ARM GAS  /tmp/cc1b5866.s 			page 1


   1              		.cpu cortex-m4
   2              		.arch armv7e-m
   3              		.fpu fpv4-sp-d16
   4              		.eabi_attribute 27, 1
   5              		.eabi_attribute 28, 1
   6              		.eabi_attribute 20, 1
   7              		.eabi_attribute 21, 1
   8              		.eabi_attribute 23, 3
   9              		.eabi_attribute 24, 1
  10              		.eabi_attribute 25, 1
  11              		.eabi_attribute 26, 1
  12              		.eabi_attribute 30, 1
  13              		.eabi_attribute 34, 1
  14              		.eabi_attribute 18, 4
  15              		.file	"ov7670.c"
  16              		.text
  17              	.Ltext0:
  18              		.cfi_sections	.debug_frame
  19              		.file 1 "External/ov7670/Src/ov7670.c"
  20              		.section	.text.ov7670_set_fast_auto_exposure_and_gain_control,"ax",%progbits
  21              		.align	1
  22              		.syntax unified
  23              		.thumb
  24              		.thumb_func
  26              	ov7670_set_fast_auto_exposure_and_gain_control:
  27              	.LFB140:
   1:External/ov7670/Src/ov7670.c **** #include "ov7670.h"
   2:External/ov7670/Src/ov7670.c **** #include <stdbool.h>
   3:External/ov7670/Src/ov7670.c **** #include <string.h>
   4:External/ov7670/Src/ov7670.c **** #include "ov7670_defs.h"
   5:External/ov7670/Src/ov7670.c **** #include "ili9341_tft_driver.h"
   6:External/ov7670/Src/ov7670.c **** #include "main.h"
   7:External/ov7670/Src/ov7670.c **** 
   8:External/ov7670/Src/ov7670.c **** // Static variables ----------------------------------------------------------
   9:External/ov7670/Src/ov7670.c **** 
  10:External/ov7670/Src/ov7670.c **** static I2C_HandleTypeDef *i2c_io;
  11:External/ov7670/Src/ov7670.c **** static uint16_t pixel_buffer[PIXEL_BUFFER_SIZE];
  12:External/ov7670/Src/ov7670.c **** extern DCMI_HandleTypeDef hdcmi;
  13:External/ov7670/Src/ov7670.c **** static volatile bool is_frame_captured = false;
  14:External/ov7670/Src/ov7670.c **** static ili9341_draw_area area;
  15:External/ov7670/Src/ov7670.c **** 
  16:External/ov7670/Src/ov7670.c **** // Static functions prototypes -----------------------------------------------
  17:External/ov7670/Src/ov7670.c **** 
  18:External/ov7670/Src/ov7670.c **** static HAL_StatusTypeDef ov7670_set_fast_auto_exposure_and_gain_control(void);
  19:External/ov7670/Src/ov7670.c **** static HAL_StatusTypeDef ov7670_set_edge_enhancement_factor(void);
  20:External/ov7670/Src/ov7670.c **** static HAL_StatusTypeDef ov7670_set_uv_auto_adjustment(void);
  21:External/ov7670/Src/ov7670.c **** static HAL_StatusTypeDef ov7670_enable_color_image(void);
  22:External/ov7670/Src/ov7670.c **** __attribute__((always_inline))
  23:External/ov7670/Src/ov7670.c **** static inline 
  24:External/ov7670/Src/ov7670.c **** HAL_StatusTypeDef ov7670_add_byte(
  25:External/ov7670/Src/ov7670.c **** 	I2C_HandleTypeDef *i2c,
  26:External/ov7670/Src/ov7670.c **** 	const uint8_t sub_addr,
  27:External/ov7670/Src/ov7670.c **** 	const uint8_t data
  28:External/ov7670/Src/ov7670.c **** );
  29:External/ov7670/Src/ov7670.c **** __attribute__((always_inline))
  30:External/ov7670/Src/ov7670.c **** static inline HAL_StatusTypeDef ov7670_read_byte(
  31:External/ov7670/Src/ov7670.c **** 	I2C_HandleTypeDef *i2c,
ARM GAS  /tmp/cc1b5866.s 			page 2


  32:External/ov7670/Src/ov7670.c **** 	const uint8_t sub_addr,
  33:External/ov7670/Src/ov7670.c **** 	uint8_t *const data
  34:External/ov7670/Src/ov7670.c **** );
  35:External/ov7670/Src/ov7670.c **** __attribute__((always_inline))
  36:External/ov7670/Src/ov7670.c **** static inline HAL_StatusTypeDef ov7670_write_addr(
  37:External/ov7670/Src/ov7670.c **** 	I2C_HandleTypeDef *i2c,
  38:External/ov7670/Src/ov7670.c **** 	const uint8_t sub_addr
  39:External/ov7670/Src/ov7670.c **** );
  40:External/ov7670/Src/ov7670.c **** __attribute__((always_inline))
  41:External/ov7670/Src/ov7670.c **** static inline HAL_StatusTypeDef ov7670_write_byte(
  42:External/ov7670/Src/ov7670.c **** 	I2C_HandleTypeDef *i2c,
  43:External/ov7670/Src/ov7670.c **** 	const uint8_t sub_addr,
  44:External/ov7670/Src/ov7670.c **** 	const uint8_t data
  45:External/ov7670/Src/ov7670.c **** );
  46:External/ov7670/Src/ov7670.c **** 
  47:External/ov7670/Src/ov7670.c **** // Functions implementations -------------------------------------------------
  48:External/ov7670/Src/ov7670.c **** 
  49:External/ov7670/Src/ov7670.c **** void ov7670_create(
  50:External/ov7670/Src/ov7670.c **** 	I2C_HandleTypeDef *const i2c,
  51:External/ov7670/Src/ov7670.c **** 	const ov7670_window_size window
  52:External/ov7670/Src/ov7670.c **** )
  53:External/ov7670/Src/ov7670.c **** {
  54:External/ov7670/Src/ov7670.c **** 	i2c_io = i2c;
  55:External/ov7670/Src/ov7670.c **** 	area = (ili9341_draw_area) {
  56:External/ov7670/Src/ov7670.c **** 		.start = 0,
  57:External/ov7670/Src/ov7670.c **** 		.end = window.width - 1,
  58:External/ov7670/Src/ov7670.c **** 		.top = 0,
  59:External/ov7670/Src/ov7670.c **** 		.bottom = window.height - 1
  60:External/ov7670/Src/ov7670.c **** 	};
  61:External/ov7670/Src/ov7670.c **** }
  62:External/ov7670/Src/ov7670.c **** 
  63:External/ov7670/Src/ov7670.c **** void ov7670_destroy(void)
  64:External/ov7670/Src/ov7670.c **** {
  65:External/ov7670/Src/ov7670.c **** 	i2c_io = NULL;
  66:External/ov7670/Src/ov7670.c **** }
  67:External/ov7670/Src/ov7670.c **** 
  68:External/ov7670/Src/ov7670.c **** HAL_StatusTypeDef ov7670_check_link()
  69:External/ov7670/Src/ov7670.c **** {
  70:External/ov7670/Src/ov7670.c **** 	uint8_t received_data = 0x0;
  71:External/ov7670/Src/ov7670.c **** 
  72:External/ov7670/Src/ov7670.c **** 	HAL_StatusTypeDef status = ov7670_read_byte(i2c_io, PID, &received_data);
  73:External/ov7670/Src/ov7670.c **** 	status |= (received_data == 0x76) ? HAL_OK : HAL_ERROR;
  74:External/ov7670/Src/ov7670.c **** 	
  75:External/ov7670/Src/ov7670.c **** 	return status;
  76:External/ov7670/Src/ov7670.c **** }
  77:External/ov7670/Src/ov7670.c **** 
  78:External/ov7670/Src/ov7670.c **** HAL_StatusTypeDef ov7670_reset()
  79:External/ov7670/Src/ov7670.c **** {
  80:External/ov7670/Src/ov7670.c **** 	// 7 bit - reset
  81:External/ov7670/Src/ov7670.c **** 	HAL_StatusTypeDef status = ov7670_write_byte(i2c_io, COM_7, 0x80);
  82:External/ov7670/Src/ov7670.c **** 	HAL_Delay(1); // Datasheet pg. 6
  83:External/ov7670/Src/ov7670.c **** 	
  84:External/ov7670/Src/ov7670.c **** 	return status;
  85:External/ov7670/Src/ov7670.c **** }
  86:External/ov7670/Src/ov7670.c **** 
  87:External/ov7670/Src/ov7670.c **** HAL_StatusTypeDef ov7670_start_capture()
  88:External/ov7670/Src/ov7670.c **** {
ARM GAS  /tmp/cc1b5866.s 			page 3


  89:External/ov7670/Src/ov7670.c **** 	is_frame_captured = false;
  90:External/ov7670/Src/ov7670.c **** 	
  91:External/ov7670/Src/ov7670.c **** 	// The size is specified in uint32_t
  92:External/ov7670/Src/ov7670.c **** 	HAL_DCMI_Start_DMA(
  93:External/ov7670/Src/ov7670.c **** 		&hdcmi,
  94:External/ov7670/Src/ov7670.c **** 		DCMI_MODE_CONTINUOUS,
  95:External/ov7670/Src/ov7670.c **** 		(uint32_t)pixel_buffer,
  96:External/ov7670/Src/ov7670.c **** 		PIXEL_BUFFER_SIZE / 2U
  97:External/ov7670/Src/ov7670.c **** 	);
  98:External/ov7670/Src/ov7670.c **** 	
  99:External/ov7670/Src/ov7670.c **** 	return HAL_OK;
 100:External/ov7670/Src/ov7670.c **** }
 101:External/ov7670/Src/ov7670.c **** 
 102:External/ov7670/Src/ov7670.c **** void ov7670_frame_received(DCMI_HandleTypeDef *hdcmi)
 103:External/ov7670/Src/ov7670.c **** {
 104:External/ov7670/Src/ov7670.c **** 	is_frame_captured = true;
 105:External/ov7670/Src/ov7670.c **** }
 106:External/ov7670/Src/ov7670.c **** 
 107:External/ov7670/Src/ov7670.c **** void ov7670_send_captured_frame(DCMI_HandleTypeDef *hdcmi)
 108:External/ov7670/Src/ov7670.c **** {
 109:External/ov7670/Src/ov7670.c **** 	if (!is_frame_captured)
 110:External/ov7670/Src/ov7670.c **** 		return;
 111:External/ov7670/Src/ov7670.c **** 
 112:External/ov7670/Src/ov7670.c **** 	ili9341_tft_driver_draw_image(&area, (uint16_t*)pixel_buffer);
 113:External/ov7670/Src/ov7670.c **** 	
 114:External/ov7670/Src/ov7670.c **** 	is_frame_captured = false;
 115:External/ov7670/Src/ov7670.c **** }
 116:External/ov7670/Src/ov7670.c **** 
 117:External/ov7670/Src/ov7670.c **** // Enable 8-bar color bar
 118:External/ov7670/Src/ov7670.c **** // TEST PATTERN - datasheet pg. 21
 119:External/ov7670/Src/ov7670.c **** HAL_StatusTypeDef ov7670_set_test_pattern()
 120:External/ov7670/Src/ov7670.c **** {
 121:External/ov7670/Src/ov7670.c **** 	HAL_StatusTypeDef status = ov7670_add_byte(i2c_io, SCALING_YSC, 0x80);
 122:External/ov7670/Src/ov7670.c **** 	
 123:External/ov7670/Src/ov7670.c **** 	return status;
 124:External/ov7670/Src/ov7670.c **** }
 125:External/ov7670/Src/ov7670.c **** 
 126:External/ov7670/Src/ov7670.c **** // VGA processed bayer rgb mode (565)
 127:External/ov7670/Src/ov7670.c **** // Implementation Guide pg. 8
 128:External/ov7670/Src/ov7670.c **** HAL_StatusTypeDef ov7670_set_rgb_format()
 129:External/ov7670/Src/ov7670.c **** {
 130:External/ov7670/Src/ov7670.c **** 	HAL_StatusTypeDef status = ov7670_add_byte(i2c_io, COM_7, 0x4);
 131:External/ov7670/Src/ov7670.c **** 	status |= ov7670_add_byte(i2c_io, COM_15, 0x10);
 132:External/ov7670/Src/ov7670.c **** 	
 133:External/ov7670/Src/ov7670.c **** 	return status;
 134:External/ov7670/Src/ov7670.c **** }
 135:External/ov7670/Src/ov7670.c **** 
 136:External/ov7670/Src/ov7670.c **** HAL_StatusTypeDef ov7670_send_default_registers()
 137:External/ov7670/Src/ov7670.c **** {
 138:External/ov7670/Src/ov7670.c **** 	HAL_StatusTypeDef status = ov7670_set_fast_auto_exposure_and_gain_control();
 139:External/ov7670/Src/ov7670.c **** 	status |= ov7670_set_edge_enhancement_factor();
 140:External/ov7670/Src/ov7670.c **** 	status |= ov7670_set_uv_auto_adjustment();
 141:External/ov7670/Src/ov7670.c **** 	status |= ov7670_enable_color_image();
 142:External/ov7670/Src/ov7670.c **** 	
 143:External/ov7670/Src/ov7670.c **** 	return status;
 144:External/ov7670/Src/ov7670.c **** }
 145:External/ov7670/Src/ov7670.c **** 
ARM GAS  /tmp/cc1b5866.s 			page 4


 146:External/ov7670/Src/ov7670.c **** static HAL_StatusTypeDef ov7670_set_fast_auto_exposure_and_gain_control()
 147:External/ov7670/Src/ov7670.c **** {
  28              		.loc 1 147 1 view -0
  29              		.cfi_startproc
  30              		@ args = 0, pretend = 0, frame = 8
  31              		@ frame_needed = 0, uses_anonymous_args = 0
  32 0000 00B5     		push	{lr}
  33              	.LCFI0:
  34              		.cfi_def_cfa_offset 4
  35              		.cfi_offset 14, -4
  36 0002 85B0     		sub	sp, sp, #20
  37              	.LCFI1:
  38              		.cfi_def_cfa_offset 24
 148:External/ov7670/Src/ov7670.c **** 	return ov7670_write_byte(i2c_io, COM_8, 0x81);
  39              		.loc 1 148 2 view .LVU1
  40              	.LVL0:
  41              	.LBB54:
  42              	.LBI54:
 149:External/ov7670/Src/ov7670.c **** }
 150:External/ov7670/Src/ov7670.c **** 
 151:External/ov7670/Src/ov7670.c **** static HAL_StatusTypeDef ov7670_set_edge_enhancement_factor()
 152:External/ov7670/Src/ov7670.c **** {
 153:External/ov7670/Src/ov7670.c **** 	return ov7670_write_byte(i2c_io, EDGE, 0x01);
 154:External/ov7670/Src/ov7670.c **** }
 155:External/ov7670/Src/ov7670.c **** 
 156:External/ov7670/Src/ov7670.c **** static HAL_StatusTypeDef ov7670_set_uv_auto_adjustment()
 157:External/ov7670/Src/ov7670.c **** {
 158:External/ov7670/Src/ov7670.c **** 	return ov7670_write_byte(i2c_io, COM_13, 0xd9); 
 159:External/ov7670/Src/ov7670.c **** }
 160:External/ov7670/Src/ov7670.c **** 
 161:External/ov7670/Src/ov7670.c **** static HAL_StatusTypeDef ov7670_enable_color_image()
 162:External/ov7670/Src/ov7670.c **** {
 163:External/ov7670/Src/ov7670.c **** 	return ov7670_write_byte(i2c_io, 0xb0, 0x84); // Undocumented register
 164:External/ov7670/Src/ov7670.c **** }
 165:External/ov7670/Src/ov7670.c **** 
 166:External/ov7670/Src/ov7670.c **** uint32_t *ov7670_get_captured_data()
 167:External/ov7670/Src/ov7670.c **** {
 168:External/ov7670/Src/ov7670.c **** 	return (uint32_t*)pixel_buffer;
 169:External/ov7670/Src/ov7670.c **** }
 170:External/ov7670/Src/ov7670.c **** 
 171:External/ov7670/Src/ov7670.c **** HAL_StatusTypeDef ov7670_set_plck_prescalar(uint8_t pre_scalar)
 172:External/ov7670/Src/ov7670.c **** {
 173:External/ov7670/Src/ov7670.c **** 	return ov7670_write_byte(i2c_io, CLKRC, pre_scalar & 0x1f);
 174:External/ov7670/Src/ov7670.c **** }
 175:External/ov7670/Src/ov7670.c **** 
 176:External/ov7670/Src/ov7670.c **** HAL_StatusTypeDef ov7670_set_qcif()
 177:External/ov7670/Src/ov7670.c **** {
 178:External/ov7670/Src/ov7670.c **** 	HAL_StatusTypeDef status = ov7670_write_byte(i2c_io, COM_3, 0x8);
 179:External/ov7670/Src/ov7670.c **** 	status |= ov7670_write_byte(i2c_io, COM_7, 0x8);
 180:External/ov7670/Src/ov7670.c **** 	
 181:External/ov7670/Src/ov7670.c **** 	return status;
 182:External/ov7670/Src/ov7670.c **** }
 183:External/ov7670/Src/ov7670.c **** 
 184:External/ov7670/Src/ov7670.c **** __attribute__((always_inline))
 185:External/ov7670/Src/ov7670.c **** static inline 
 186:External/ov7670/Src/ov7670.c **** HAL_StatusTypeDef ov7670_add_byte(
 187:External/ov7670/Src/ov7670.c **** 	I2C_HandleTypeDef *i2c,
ARM GAS  /tmp/cc1b5866.s 			page 5


 188:External/ov7670/Src/ov7670.c **** 	const uint8_t sub_addr,
 189:External/ov7670/Src/ov7670.c **** 	const uint8_t data
 190:External/ov7670/Src/ov7670.c **** )
 191:External/ov7670/Src/ov7670.c **** {
 192:External/ov7670/Src/ov7670.c **** 	uint8_t received_data = 0;
 193:External/ov7670/Src/ov7670.c **** 	HAL_StatusTypeDef status = ov7670_read_byte(i2c, sub_addr, &received_data);
 194:External/ov7670/Src/ov7670.c **** 	if (status)
 195:External/ov7670/Src/ov7670.c **** 		return status;
 196:External/ov7670/Src/ov7670.c **** 	
 197:External/ov7670/Src/ov7670.c **** 	return ov7670_write_byte(i2c, sub_addr, received_data | data);
 198:External/ov7670/Src/ov7670.c **** }
 199:External/ov7670/Src/ov7670.c **** 
 200:External/ov7670/Src/ov7670.c **** __attribute__((always_inline))
 201:External/ov7670/Src/ov7670.c **** static inline HAL_StatusTypeDef ov7670_read_byte(
 202:External/ov7670/Src/ov7670.c **** 	I2C_HandleTypeDef *i2c,
 203:External/ov7670/Src/ov7670.c **** 	const uint8_t sub_addr,
 204:External/ov7670/Src/ov7670.c **** 	uint8_t *const data
 205:External/ov7670/Src/ov7670.c **** )
 206:External/ov7670/Src/ov7670.c **** {
 207:External/ov7670/Src/ov7670.c **** 	HAL_StatusTypeDef status = ov7670_write_addr(i2c, sub_addr);
 208:External/ov7670/Src/ov7670.c **** 	status |= HAL_I2C_Master_Receive(
 209:External/ov7670/Src/ov7670.c **** 		i2c,
 210:External/ov7670/Src/ov7670.c **** 		READ_ADDR,
 211:External/ov7670/Src/ov7670.c **** 		data,
 212:External/ov7670/Src/ov7670.c **** 		sizeof(data),
 213:External/ov7670/Src/ov7670.c **** 		OV7670_TIMEOUT
 214:External/ov7670/Src/ov7670.c **** 	);
 215:External/ov7670/Src/ov7670.c **** 		
 216:External/ov7670/Src/ov7670.c **** 	return status;
 217:External/ov7670/Src/ov7670.c **** }
 218:External/ov7670/Src/ov7670.c **** 
 219:External/ov7670/Src/ov7670.c **** __attribute__((always_inline))
 220:External/ov7670/Src/ov7670.c **** static inline HAL_StatusTypeDef ov7670_write_addr(
 221:External/ov7670/Src/ov7670.c **** 	I2C_HandleTypeDef *i2c,
 222:External/ov7670/Src/ov7670.c **** 	const uint8_t sub_addr
 223:External/ov7670/Src/ov7670.c **** )
 224:External/ov7670/Src/ov7670.c **** {
 225:External/ov7670/Src/ov7670.c **** 	return HAL_I2C_Master_Transmit(
 226:External/ov7670/Src/ov7670.c **** 		i2c,
 227:External/ov7670/Src/ov7670.c **** 		WRITE_ADDR,
 228:External/ov7670/Src/ov7670.c **** 		(uint8_t*)&sub_addr,
 229:External/ov7670/Src/ov7670.c **** 		sizeof(sub_addr),
 230:External/ov7670/Src/ov7670.c **** 		OV7670_TIMEOUT
 231:External/ov7670/Src/ov7670.c **** 	);
 232:External/ov7670/Src/ov7670.c **** }
 233:External/ov7670/Src/ov7670.c **** 
 234:External/ov7670/Src/ov7670.c **** __attribute__((always_inline))
 235:External/ov7670/Src/ov7670.c **** static inline HAL_StatusTypeDef ov7670_write_byte(
  43              		.loc 1 235 33 view .LVU2
  44              	.LBB55:
 236:External/ov7670/Src/ov7670.c **** 	I2C_HandleTypeDef *i2c,
 237:External/ov7670/Src/ov7670.c **** 	const uint8_t sub_addr,
 238:External/ov7670/Src/ov7670.c **** 	const uint8_t data
 239:External/ov7670/Src/ov7670.c **** )
 240:External/ov7670/Src/ov7670.c **** {
 241:External/ov7670/Src/ov7670.c **** 	uint8_t sent_data[] = { sub_addr, data };
  45              		.loc 1 241 2 view .LVU3
ARM GAS  /tmp/cc1b5866.s 			page 6


  46              		.loc 1 241 10 is_stmt 0 view .LVU4
  47 0004 1323     		movs	r3, #19
  48 0006 8DF80C30 		strb	r3, [sp, #12]
  49 000a 8123     		movs	r3, #129
  50 000c 8DF80D30 		strb	r3, [sp, #13]
 242:External/ov7670/Src/ov7670.c **** 	
 243:External/ov7670/Src/ov7670.c **** 	return HAL_I2C_Master_Transmit(
  51              		.loc 1 243 2 is_stmt 1 view .LVU5
  52              		.loc 1 243 9 is_stmt 0 view .LVU6
  53 0010 4FF4FA73 		mov	r3, #500
  54 0014 0093     		str	r3, [sp]
  55 0016 0223     		movs	r3, #2
  56 0018 03AA     		add	r2, sp, #12
  57 001a 4221     		movs	r1, #66
  58 001c 0348     		ldr	r0, .L3
  59              		.loc 1 243 9 view .LVU7
  60 001e 0068     		ldr	r0, [r0]
  61              	.LVL1:
  62              		.loc 1 243 9 view .LVU8
  63 0020 FFF7FEFF 		bl	HAL_I2C_Master_Transmit
  64              	.LVL2:
  65              		.loc 1 243 9 view .LVU9
  66              	.LBE55:
  67              	.LBE54:
 149:External/ov7670/Src/ov7670.c **** 
  68              		.loc 1 149 1 view .LVU10
  69 0024 05B0     		add	sp, sp, #20
  70              	.LCFI2:
  71              		.cfi_def_cfa_offset 4
  72              		@ sp needed
  73 0026 5DF804FB 		ldr	pc, [sp], #4
  74              	.L4:
  75 002a 00BF     		.align	2
  76              	.L3:
  77 002c 00000000 		.word	i2c_io
  78              		.cfi_endproc
  79              	.LFE140:
  81              		.section	.text.ov7670_set_edge_enhancement_factor,"ax",%progbits
  82              		.align	1
  83              		.syntax unified
  84              		.thumb
  85              		.thumb_func
  87              	ov7670_set_edge_enhancement_factor:
  88              	.LFB141:
 152:External/ov7670/Src/ov7670.c **** 	return ov7670_write_byte(i2c_io, EDGE, 0x01);
  89              		.loc 1 152 1 is_stmt 1 view -0
  90              		.cfi_startproc
  91              		@ args = 0, pretend = 0, frame = 8
  92              		@ frame_needed = 0, uses_anonymous_args = 0
  93 0000 00B5     		push	{lr}
  94              	.LCFI3:
  95              		.cfi_def_cfa_offset 4
  96              		.cfi_offset 14, -4
  97 0002 85B0     		sub	sp, sp, #20
  98              	.LCFI4:
  99              		.cfi_def_cfa_offset 24
 153:External/ov7670/Src/ov7670.c **** }
ARM GAS  /tmp/cc1b5866.s 			page 7


 100              		.loc 1 153 2 view .LVU12
 101              	.LVL3:
 102              	.LBB56:
 103              	.LBI56:
 235:External/ov7670/Src/ov7670.c **** 	I2C_HandleTypeDef *i2c,
 104              		.loc 1 235 33 view .LVU13
 105              	.LBB57:
 241:External/ov7670/Src/ov7670.c **** 	
 106              		.loc 1 241 2 view .LVU14
 241:External/ov7670/Src/ov7670.c **** 	
 107              		.loc 1 241 10 is_stmt 0 view .LVU15
 108 0004 3F23     		movs	r3, #63
 109 0006 8DF80C30 		strb	r3, [sp, #12]
 110 000a 0123     		movs	r3, #1
 111 000c 8DF80D30 		strb	r3, [sp, #13]
 112              		.loc 1 243 2 is_stmt 1 view .LVU16
 113              		.loc 1 243 9 is_stmt 0 view .LVU17
 114 0010 4FF4FA73 		mov	r3, #500
 115 0014 0093     		str	r3, [sp]
 116 0016 0223     		movs	r3, #2
 117 0018 03AA     		add	r2, sp, #12
 118 001a 4221     		movs	r1, #66
 119 001c 0348     		ldr	r0, .L7
 120              		.loc 1 243 9 view .LVU18
 121 001e 0068     		ldr	r0, [r0]
 122              	.LVL4:
 123              		.loc 1 243 9 view .LVU19
 124 0020 FFF7FEFF 		bl	HAL_I2C_Master_Transmit
 125              	.LVL5:
 126              		.loc 1 243 9 view .LVU20
 127              	.LBE57:
 128              	.LBE56:
 154:External/ov7670/Src/ov7670.c **** 
 129              		.loc 1 154 1 view .LVU21
 130 0024 05B0     		add	sp, sp, #20
 131              	.LCFI5:
 132              		.cfi_def_cfa_offset 4
 133              		@ sp needed
 134 0026 5DF804FB 		ldr	pc, [sp], #4
 135              	.L8:
 136 002a 00BF     		.align	2
 137              	.L7:
 138 002c 00000000 		.word	i2c_io
 139              		.cfi_endproc
 140              	.LFE141:
 142              		.section	.text.ov7670_set_uv_auto_adjustment,"ax",%progbits
 143              		.align	1
 144              		.syntax unified
 145              		.thumb
 146              		.thumb_func
 148              	ov7670_set_uv_auto_adjustment:
 149              	.LFB142:
 157:External/ov7670/Src/ov7670.c **** 	return ov7670_write_byte(i2c_io, COM_13, 0xd9); 
 150              		.loc 1 157 1 is_stmt 1 view -0
 151              		.cfi_startproc
 152              		@ args = 0, pretend = 0, frame = 8
 153              		@ frame_needed = 0, uses_anonymous_args = 0
ARM GAS  /tmp/cc1b5866.s 			page 8


 154 0000 00B5     		push	{lr}
 155              	.LCFI6:
 156              		.cfi_def_cfa_offset 4
 157              		.cfi_offset 14, -4
 158 0002 85B0     		sub	sp, sp, #20
 159              	.LCFI7:
 160              		.cfi_def_cfa_offset 24
 158:External/ov7670/Src/ov7670.c **** }
 161              		.loc 1 158 2 view .LVU23
 162              	.LVL6:
 163              	.LBB58:
 164              	.LBI58:
 235:External/ov7670/Src/ov7670.c **** 	I2C_HandleTypeDef *i2c,
 165              		.loc 1 235 33 view .LVU24
 166              	.LBB59:
 241:External/ov7670/Src/ov7670.c **** 	
 167              		.loc 1 241 2 view .LVU25
 241:External/ov7670/Src/ov7670.c **** 	
 168              		.loc 1 241 10 is_stmt 0 view .LVU26
 169 0004 3D23     		movs	r3, #61
 170 0006 8DF80C30 		strb	r3, [sp, #12]
 171 000a D923     		movs	r3, #217
 172 000c 8DF80D30 		strb	r3, [sp, #13]
 173              		.loc 1 243 2 is_stmt 1 view .LVU27
 174              		.loc 1 243 9 is_stmt 0 view .LVU28
 175 0010 4FF4FA73 		mov	r3, #500
 176 0014 0093     		str	r3, [sp]
 177 0016 0223     		movs	r3, #2
 178 0018 03AA     		add	r2, sp, #12
 179 001a 4221     		movs	r1, #66
 180 001c 0348     		ldr	r0, .L11
 181              		.loc 1 243 9 view .LVU29
 182 001e 0068     		ldr	r0, [r0]
 183              	.LVL7:
 184              		.loc 1 243 9 view .LVU30
 185 0020 FFF7FEFF 		bl	HAL_I2C_Master_Transmit
 186              	.LVL8:
 187              		.loc 1 243 9 view .LVU31
 188              	.LBE59:
 189              	.LBE58:
 159:External/ov7670/Src/ov7670.c **** 
 190              		.loc 1 159 1 view .LVU32
 191 0024 05B0     		add	sp, sp, #20
 192              	.LCFI8:
 193              		.cfi_def_cfa_offset 4
 194              		@ sp needed
 195 0026 5DF804FB 		ldr	pc, [sp], #4
 196              	.L12:
 197 002a 00BF     		.align	2
 198              	.L11:
 199 002c 00000000 		.word	i2c_io
 200              		.cfi_endproc
 201              	.LFE142:
 203              		.section	.text.ov7670_enable_color_image,"ax",%progbits
 204              		.align	1
 205              		.syntax unified
 206              		.thumb
ARM GAS  /tmp/cc1b5866.s 			page 9


 207              		.thumb_func
 209              	ov7670_enable_color_image:
 210              	.LFB143:
 162:External/ov7670/Src/ov7670.c **** 	return ov7670_write_byte(i2c_io, 0xb0, 0x84); // Undocumented register
 211              		.loc 1 162 1 is_stmt 1 view -0
 212              		.cfi_startproc
 213              		@ args = 0, pretend = 0, frame = 8
 214              		@ frame_needed = 0, uses_anonymous_args = 0
 215 0000 00B5     		push	{lr}
 216              	.LCFI9:
 217              		.cfi_def_cfa_offset 4
 218              		.cfi_offset 14, -4
 219 0002 85B0     		sub	sp, sp, #20
 220              	.LCFI10:
 221              		.cfi_def_cfa_offset 24
 163:External/ov7670/Src/ov7670.c **** }
 222              		.loc 1 163 2 view .LVU34
 223              	.LVL9:
 224              	.LBB60:
 225              	.LBI60:
 235:External/ov7670/Src/ov7670.c **** 	I2C_HandleTypeDef *i2c,
 226              		.loc 1 235 33 view .LVU35
 227              	.LBB61:
 241:External/ov7670/Src/ov7670.c **** 	
 228              		.loc 1 241 2 view .LVU36
 241:External/ov7670/Src/ov7670.c **** 	
 229              		.loc 1 241 10 is_stmt 0 view .LVU37
 230 0004 B023     		movs	r3, #176
 231 0006 8DF80C30 		strb	r3, [sp, #12]
 232 000a 8423     		movs	r3, #132
 233 000c 8DF80D30 		strb	r3, [sp, #13]
 234              		.loc 1 243 2 is_stmt 1 view .LVU38
 235              		.loc 1 243 9 is_stmt 0 view .LVU39
 236 0010 4FF4FA73 		mov	r3, #500
 237 0014 0093     		str	r3, [sp]
 238 0016 0223     		movs	r3, #2
 239 0018 03AA     		add	r2, sp, #12
 240 001a 4221     		movs	r1, #66
 241 001c 0348     		ldr	r0, .L15
 242              		.loc 1 243 9 view .LVU40
 243 001e 0068     		ldr	r0, [r0]
 244              	.LVL10:
 245              		.loc 1 243 9 view .LVU41
 246 0020 FFF7FEFF 		bl	HAL_I2C_Master_Transmit
 247              	.LVL11:
 248              		.loc 1 243 9 view .LVU42
 249              	.LBE61:
 250              	.LBE60:
 164:External/ov7670/Src/ov7670.c **** 
 251              		.loc 1 164 1 view .LVU43
 252 0024 05B0     		add	sp, sp, #20
 253              	.LCFI11:
 254              		.cfi_def_cfa_offset 4
 255              		@ sp needed
 256 0026 5DF804FB 		ldr	pc, [sp], #4
 257              	.L16:
 258 002a 00BF     		.align	2
ARM GAS  /tmp/cc1b5866.s 			page 10


 259              	.L15:
 260 002c 00000000 		.word	i2c_io
 261              		.cfi_endproc
 262              	.LFE143:
 264              		.section	.text.ov7670_create,"ax",%progbits
 265              		.align	1
 266              		.global	ov7670_create
 267              		.syntax unified
 268              		.thumb
 269              		.thumb_func
 271              	ov7670_create:
 272              	.LVL12:
 273              	.LFB130:
  53:External/ov7670/Src/ov7670.c **** 	i2c_io = i2c;
 274              		.loc 1 53 1 is_stmt 1 view -0
 275              		.cfi_startproc
 276              		@ args = 0, pretend = 0, frame = 8
 277              		@ frame_needed = 0, uses_anonymous_args = 0
 278              		@ link register save eliminated.
  53:External/ov7670/Src/ov7670.c **** 	i2c_io = i2c;
 279              		.loc 1 53 1 is_stmt 0 view .LVU45
 280 0000 82B0     		sub	sp, sp, #8
 281              	.LCFI12:
 282              		.cfi_def_cfa_offset 8
 283 0002 0191     		str	r1, [sp, #4]
  54:External/ov7670/Src/ov7670.c **** 	area = (ili9341_draw_area) {
 284              		.loc 1 54 2 is_stmt 1 view .LVU46
  54:External/ov7670/Src/ov7670.c **** 	area = (ili9341_draw_area) {
 285              		.loc 1 54 9 is_stmt 0 view .LVU47
 286 0004 074B     		ldr	r3, .L19
 287 0006 1860     		str	r0, [r3]
  55:External/ov7670/Src/ov7670.c **** 		.start = 0,
 288              		.loc 1 55 2 is_stmt 1 view .LVU48
  57:External/ov7670/Src/ov7670.c **** 		.top = 0,
 289              		.loc 1 57 16 is_stmt 0 view .LVU49
 290 0008 BDF80410 		ldrh	r1, [sp, #4]
  57:External/ov7670/Src/ov7670.c **** 		.top = 0,
 291              		.loc 1 57 23 view .LVU50
 292 000c 0139     		subs	r1, r1, #1
  59:External/ov7670/Src/ov7670.c **** 	};
 293              		.loc 1 59 19 view .LVU51
 294 000e BDF80620 		ldrh	r2, [sp, #6]
  59:External/ov7670/Src/ov7670.c **** 	};
 295              		.loc 1 59 27 view .LVU52
 296 0012 013A     		subs	r2, r2, #1
  55:External/ov7670/Src/ov7670.c **** 		.start = 0,
 297              		.loc 1 55 7 view .LVU53
 298 0014 044B     		ldr	r3, .L19+4
 299 0016 0020     		movs	r0, #0
 300              	.LVL13:
  55:External/ov7670/Src/ov7670.c **** 		.start = 0,
 301              		.loc 1 55 7 view .LVU54
 302 0018 1880     		strh	r0, [r3]	@ movhi
 303 001a 5980     		strh	r1, [r3, #2]	@ movhi
 304 001c 9880     		strh	r0, [r3, #4]	@ movhi
 305 001e DA80     		strh	r2, [r3, #6]	@ movhi
  61:External/ov7670/Src/ov7670.c **** 
ARM GAS  /tmp/cc1b5866.s 			page 11


 306              		.loc 1 61 1 view .LVU55
 307 0020 02B0     		add	sp, sp, #8
 308              	.LCFI13:
 309              		.cfi_def_cfa_offset 0
 310              		@ sp needed
 311 0022 7047     		bx	lr
 312              	.L20:
 313              		.align	2
 314              	.L19:
 315 0024 00000000 		.word	i2c_io
 316 0028 00000000 		.word	area
 317              		.cfi_endproc
 318              	.LFE130:
 320              		.section	.text.ov7670_destroy,"ax",%progbits
 321              		.align	1
 322              		.global	ov7670_destroy
 323              		.syntax unified
 324              		.thumb
 325              		.thumb_func
 327              	ov7670_destroy:
 328              	.LFB131:
  64:External/ov7670/Src/ov7670.c **** 	i2c_io = NULL;
 329              		.loc 1 64 1 is_stmt 1 view -0
 330              		.cfi_startproc
 331              		@ args = 0, pretend = 0, frame = 0
 332              		@ frame_needed = 0, uses_anonymous_args = 0
 333              		@ link register save eliminated.
  65:External/ov7670/Src/ov7670.c **** }
 334              		.loc 1 65 2 view .LVU57
  65:External/ov7670/Src/ov7670.c **** }
 335              		.loc 1 65 9 is_stmt 0 view .LVU58
 336 0000 014B     		ldr	r3, .L22
 337 0002 0022     		movs	r2, #0
 338 0004 1A60     		str	r2, [r3]
  66:External/ov7670/Src/ov7670.c **** 
 339              		.loc 1 66 1 view .LVU59
 340 0006 7047     		bx	lr
 341              	.L23:
 342              		.align	2
 343              	.L22:
 344 0008 00000000 		.word	i2c_io
 345              		.cfi_endproc
 346              	.LFE131:
 348              		.section	.text.ov7670_check_link,"ax",%progbits
 349              		.align	1
 350              		.global	ov7670_check_link
 351              		.syntax unified
 352              		.thumb
 353              		.thumb_func
 355              	ov7670_check_link:
 356              	.LFB132:
  69:External/ov7670/Src/ov7670.c **** 	uint8_t received_data = 0x0;
 357              		.loc 1 69 1 is_stmt 1 view -0
 358              		.cfi_startproc
 359              		@ args = 0, pretend = 0, frame = 8
 360              		@ frame_needed = 0, uses_anonymous_args = 0
 361 0000 70B5     		push	{r4, r5, r6, lr}
ARM GAS  /tmp/cc1b5866.s 			page 12


 362              	.LCFI14:
 363              		.cfi_def_cfa_offset 16
 364              		.cfi_offset 4, -16
 365              		.cfi_offset 5, -12
 366              		.cfi_offset 6, -8
 367              		.cfi_offset 14, -4
 368 0002 84B0     		sub	sp, sp, #16
 369              	.LCFI15:
 370              		.cfi_def_cfa_offset 32
  70:External/ov7670/Src/ov7670.c **** 
 371              		.loc 1 70 2 view .LVU61
  70:External/ov7670/Src/ov7670.c **** 
 372              		.loc 1 70 10 is_stmt 0 view .LVU62
 373 0004 0023     		movs	r3, #0
 374 0006 8DF80F30 		strb	r3, [sp, #15]
  72:External/ov7670/Src/ov7670.c **** 	status |= (received_data == 0x76) ? HAL_OK : HAL_ERROR;
 375              		.loc 1 72 2 is_stmt 1 view .LVU63
  72:External/ov7670/Src/ov7670.c **** 	status |= (received_data == 0x76) ? HAL_OK : HAL_ERROR;
 376              		.loc 1 72 29 is_stmt 0 view .LVU64
 377 000a 114B     		ldr	r3, .L26
 378 000c 1D68     		ldr	r5, [r3]
 379              	.LVL14:
 380              	.LBB62:
 381              	.LBI62:
 201:External/ov7670/Src/ov7670.c **** 	I2C_HandleTypeDef *i2c,
 382              		.loc 1 201 33 is_stmt 1 view .LVU65
 383              	.LBB63:
 207:External/ov7670/Src/ov7670.c **** 	status |= HAL_I2C_Master_Receive(
 384              		.loc 1 207 2 view .LVU66
 207:External/ov7670/Src/ov7670.c **** 	status |= HAL_I2C_Master_Receive(
 385              		.loc 1 207 2 is_stmt 0 view .LVU67
 386 000e 0A23     		movs	r3, #10
 387 0010 8DF80E30 		strb	r3, [sp, #14]
 388              	.LVL15:
 389              	.LBB64:
 390              	.LBI64:
 220:External/ov7670/Src/ov7670.c **** 	I2C_HandleTypeDef *i2c,
 391              		.loc 1 220 33 is_stmt 1 view .LVU68
 392              	.LBB65:
 225:External/ov7670/Src/ov7670.c **** 		i2c,
 393              		.loc 1 225 2 view .LVU69
 225:External/ov7670/Src/ov7670.c **** 		i2c,
 394              		.loc 1 225 9 is_stmt 0 view .LVU70
 395 0014 4FF4FA76 		mov	r6, #500
 396 0018 0096     		str	r6, [sp]
 397 001a 0123     		movs	r3, #1
 398              	.LVL16:
 225:External/ov7670/Src/ov7670.c **** 		i2c,
 399              		.loc 1 225 9 view .LVU71
 400 001c 0DF10E02 		add	r2, sp, #14
 401              	.LVL17:
 225:External/ov7670/Src/ov7670.c **** 		i2c,
 402              		.loc 1 225 9 view .LVU72
 403 0020 4221     		movs	r1, #66
 404 0022 2846     		mov	r0, r5
 405 0024 FFF7FEFF 		bl	HAL_I2C_Master_Transmit
 406              	.LVL18:
ARM GAS  /tmp/cc1b5866.s 			page 13


 225:External/ov7670/Src/ov7670.c **** 		i2c,
 407              		.loc 1 225 9 view .LVU73
 408 0028 0446     		mov	r4, r0
 409              	.LVL19:
 225:External/ov7670/Src/ov7670.c **** 		i2c,
 410              		.loc 1 225 9 view .LVU74
 411              	.LBE65:
 412              	.LBE64:
 208:External/ov7670/Src/ov7670.c **** 		i2c,
 413              		.loc 1 208 2 is_stmt 1 view .LVU75
 208:External/ov7670/Src/ov7670.c **** 		i2c,
 414              		.loc 1 208 12 is_stmt 0 view .LVU76
 415 002a 0096     		str	r6, [sp]
 416 002c 0423     		movs	r3, #4
 417 002e 0DF10F02 		add	r2, sp, #15
 418              	.LVL20:
 208:External/ov7670/Src/ov7670.c **** 		i2c,
 419              		.loc 1 208 12 view .LVU77
 420 0032 4321     		movs	r1, #67
 421 0034 2846     		mov	r0, r5
 422 0036 FFF7FEFF 		bl	HAL_I2C_Master_Receive
 423              	.LVL21:
 208:External/ov7670/Src/ov7670.c **** 		i2c,
 424              		.loc 1 208 9 discriminator 1 view .LVU78
 425 003a 2043     		orrs	r0, r0, r4
 426 003c C0B2     		uxtb	r0, r0
 427              	.LVL22:
 216:External/ov7670/Src/ov7670.c **** }
 428              		.loc 1 216 2 is_stmt 1 view .LVU79
 216:External/ov7670/Src/ov7670.c **** }
 429              		.loc 1 216 2 is_stmt 0 view .LVU80
 430              	.LBE63:
 431              	.LBE62:
  73:External/ov7670/Src/ov7670.c **** 	
 432              		.loc 1 73 2 is_stmt 1 view .LVU81
  73:External/ov7670/Src/ov7670.c **** 	
 433              		.loc 1 73 45 is_stmt 0 view .LVU82
 434 003e 9DF80F30 		ldrb	r3, [sp, #15]	@ zero_extendqisi2
 435              	.LVL23:
  75:External/ov7670/Src/ov7670.c **** }
 436              		.loc 1 75 2 is_stmt 1 view .LVU83
  76:External/ov7670/Src/ov7670.c **** 
 437              		.loc 1 76 1 is_stmt 0 view .LVU84
 438 0042 762B     		cmp	r3, #118
 439 0044 18BF     		it	ne
 440 0046 40F00100 		orrne	r0, r0, #1
 441              	.LVL24:
  76:External/ov7670/Src/ov7670.c **** 
 442              		.loc 1 76 1 view .LVU85
 443 004a 04B0     		add	sp, sp, #16
 444              	.LCFI16:
 445              		.cfi_def_cfa_offset 16
 446              		@ sp needed
 447 004c 70BD     		pop	{r4, r5, r6, pc}
 448              	.L27:
 449 004e 00BF     		.align	2
 450              	.L26:
ARM GAS  /tmp/cc1b5866.s 			page 14


 451 0050 00000000 		.word	i2c_io
 452              		.cfi_endproc
 453              	.LFE132:
 455              		.section	.text.ov7670_reset,"ax",%progbits
 456              		.align	1
 457              		.global	ov7670_reset
 458              		.syntax unified
 459              		.thumb
 460              		.thumb_func
 462              	ov7670_reset:
 463              	.LFB133:
  79:External/ov7670/Src/ov7670.c **** 	// 7 bit - reset
 464              		.loc 1 79 1 is_stmt 1 view -0
 465              		.cfi_startproc
 466              		@ args = 0, pretend = 0, frame = 8
 467              		@ frame_needed = 0, uses_anonymous_args = 0
 468 0000 10B5     		push	{r4, lr}
 469              	.LCFI17:
 470              		.cfi_def_cfa_offset 8
 471              		.cfi_offset 4, -8
 472              		.cfi_offset 14, -4
 473 0002 84B0     		sub	sp, sp, #16
 474              	.LCFI18:
 475              		.cfi_def_cfa_offset 24
  81:External/ov7670/Src/ov7670.c **** 	HAL_Delay(1); // Datasheet pg. 6
 476              		.loc 1 81 2 view .LVU87
 477              	.LVL25:
 478              	.LBB66:
 479              	.LBI66:
 235:External/ov7670/Src/ov7670.c **** 	I2C_HandleTypeDef *i2c,
 480              		.loc 1 235 33 view .LVU88
 481              	.LBB67:
 241:External/ov7670/Src/ov7670.c **** 	
 482              		.loc 1 241 2 view .LVU89
 241:External/ov7670/Src/ov7670.c **** 	
 483              		.loc 1 241 10 is_stmt 0 view .LVU90
 484 0004 1223     		movs	r3, #18
 485 0006 8DF80C30 		strb	r3, [sp, #12]
 486 000a 8023     		movs	r3, #128
 487 000c 8DF80D30 		strb	r3, [sp, #13]
 488              		.loc 1 243 2 is_stmt 1 view .LVU91
 489              		.loc 1 243 9 is_stmt 0 view .LVU92
 490 0010 4FF4FA73 		mov	r3, #500
 491 0014 0093     		str	r3, [sp]
 492 0016 0223     		movs	r3, #2
 493 0018 03AA     		add	r2, sp, #12
 494 001a 4221     		movs	r1, #66
 495 001c 0548     		ldr	r0, .L30
 496              		.loc 1 243 9 view .LVU93
 497 001e 0068     		ldr	r0, [r0]
 498              	.LVL26:
 499              		.loc 1 243 9 view .LVU94
 500 0020 FFF7FEFF 		bl	HAL_I2C_Master_Transmit
 501              	.LVL27:
 502              		.loc 1 243 9 view .LVU95
 503 0024 0446     		mov	r4, r0
 504              	.LVL28:
ARM GAS  /tmp/cc1b5866.s 			page 15


 505              		.loc 1 243 9 view .LVU96
 506              	.LBE67:
 507              	.LBE66:
  82:External/ov7670/Src/ov7670.c **** 	
 508              		.loc 1 82 2 is_stmt 1 view .LVU97
 509 0026 0120     		movs	r0, #1
 510 0028 FFF7FEFF 		bl	HAL_Delay
 511              	.LVL29:
  84:External/ov7670/Src/ov7670.c **** }
 512              		.loc 1 84 2 view .LVU98
  85:External/ov7670/Src/ov7670.c **** 
 513              		.loc 1 85 1 is_stmt 0 view .LVU99
 514 002c 2046     		mov	r0, r4
 515 002e 04B0     		add	sp, sp, #16
 516              	.LCFI19:
 517              		.cfi_def_cfa_offset 8
 518              		@ sp needed
 519 0030 10BD     		pop	{r4, pc}
 520              	.LVL30:
 521              	.L31:
  85:External/ov7670/Src/ov7670.c **** 
 522              		.loc 1 85 1 view .LVU100
 523 0032 00BF     		.align	2
 524              	.L30:
 525 0034 00000000 		.word	i2c_io
 526              		.cfi_endproc
 527              	.LFE133:
 529              		.section	.text.ov7670_start_capture,"ax",%progbits
 530              		.align	1
 531              		.global	ov7670_start_capture
 532              		.syntax unified
 533              		.thumb
 534              		.thumb_func
 536              	ov7670_start_capture:
 537              	.LFB134:
  88:External/ov7670/Src/ov7670.c **** 	is_frame_captured = false;
 538              		.loc 1 88 1 is_stmt 1 view -0
 539              		.cfi_startproc
 540              		@ args = 0, pretend = 0, frame = 0
 541              		@ frame_needed = 0, uses_anonymous_args = 0
 542 0000 10B5     		push	{r4, lr}
 543              	.LCFI20:
 544              		.cfi_def_cfa_offset 8
 545              		.cfi_offset 4, -8
 546              		.cfi_offset 14, -4
  89:External/ov7670/Src/ov7670.c **** 	
 547              		.loc 1 89 2 view .LVU102
  89:External/ov7670/Src/ov7670.c **** 	
 548              		.loc 1 89 20 is_stmt 0 view .LVU103
 549 0002 0024     		movs	r4, #0
 550 0004 054B     		ldr	r3, .L34
 551 0006 1C70     		strb	r4, [r3]
  92:External/ov7670/Src/ov7670.c **** 		&hdcmi,
 552              		.loc 1 92 2 is_stmt 1 view .LVU104
 553 0008 43F26003 		movw	r3, #12384
 554 000c 044A     		ldr	r2, .L34+4
 555 000e 2146     		mov	r1, r4
ARM GAS  /tmp/cc1b5866.s 			page 16


 556 0010 0448     		ldr	r0, .L34+8
 557 0012 FFF7FEFF 		bl	HAL_DCMI_Start_DMA
 558              	.LVL31:
  99:External/ov7670/Src/ov7670.c **** }
 559              		.loc 1 99 2 view .LVU105
 100:External/ov7670/Src/ov7670.c **** 
 560              		.loc 1 100 1 is_stmt 0 view .LVU106
 561 0016 2046     		mov	r0, r4
 562 0018 10BD     		pop	{r4, pc}
 563              	.L35:
 564 001a 00BF     		.align	2
 565              	.L34:
 566 001c 00000000 		.word	is_frame_captured
 567 0020 00000000 		.word	pixel_buffer
 568 0024 00000000 		.word	hdcmi
 569              		.cfi_endproc
 570              	.LFE134:
 572              		.section	.text.ov7670_frame_received,"ax",%progbits
 573              		.align	1
 574              		.global	ov7670_frame_received
 575              		.syntax unified
 576              		.thumb
 577              		.thumb_func
 579              	ov7670_frame_received:
 580              	.LVL32:
 581              	.LFB135:
 103:External/ov7670/Src/ov7670.c **** 	is_frame_captured = true;
 582              		.loc 1 103 1 is_stmt 1 view -0
 583              		.cfi_startproc
 584              		@ args = 0, pretend = 0, frame = 0
 585              		@ frame_needed = 0, uses_anonymous_args = 0
 586              		@ link register save eliminated.
 104:External/ov7670/Src/ov7670.c **** }
 587              		.loc 1 104 2 view .LVU108
 104:External/ov7670/Src/ov7670.c **** }
 588              		.loc 1 104 20 is_stmt 0 view .LVU109
 589 0000 014B     		ldr	r3, .L37
 590 0002 0122     		movs	r2, #1
 591 0004 1A70     		strb	r2, [r3]
 105:External/ov7670/Src/ov7670.c **** 
 592              		.loc 1 105 1 view .LVU110
 593 0006 7047     		bx	lr
 594              	.L38:
 595              		.align	2
 596              	.L37:
 597 0008 00000000 		.word	is_frame_captured
 598              		.cfi_endproc
 599              	.LFE135:
 601              		.section	.text.ov7670_send_captured_frame,"ax",%progbits
 602              		.align	1
 603              		.global	ov7670_send_captured_frame
 604              		.syntax unified
 605              		.thumb
 606              		.thumb_func
 608              	ov7670_send_captured_frame:
 609              	.LVL33:
 610              	.LFB136:
ARM GAS  /tmp/cc1b5866.s 			page 17


 108:External/ov7670/Src/ov7670.c **** 	if (!is_frame_captured)
 611              		.loc 1 108 1 is_stmt 1 view -0
 612              		.cfi_startproc
 613              		@ args = 0, pretend = 0, frame = 0
 614              		@ frame_needed = 0, uses_anonymous_args = 0
 108:External/ov7670/Src/ov7670.c **** 	if (!is_frame_captured)
 615              		.loc 1 108 1 is_stmt 0 view .LVU112
 616 0000 08B5     		push	{r3, lr}
 617              	.LCFI21:
 618              		.cfi_def_cfa_offset 8
 619              		.cfi_offset 3, -8
 620              		.cfi_offset 14, -4
 109:External/ov7670/Src/ov7670.c **** 		return;
 621              		.loc 1 109 2 is_stmt 1 view .LVU113
 109:External/ov7670/Src/ov7670.c **** 		return;
 622              		.loc 1 109 6 is_stmt 0 view .LVU114
 623 0002 064B     		ldr	r3, .L43
 624 0004 1B78     		ldrb	r3, [r3]	@ zero_extendqisi2
 109:External/ov7670/Src/ov7670.c **** 		return;
 625              		.loc 1 109 5 view .LVU115
 626 0006 03B9     		cbnz	r3, .L42
 627              	.LVL34:
 628              	.L39:
 115:External/ov7670/Src/ov7670.c **** 
 629              		.loc 1 115 1 view .LVU116
 630 0008 08BD     		pop	{r3, pc}
 631              	.LVL35:
 632              	.L42:
 112:External/ov7670/Src/ov7670.c **** 	
 633              		.loc 1 112 2 is_stmt 1 view .LVU117
 634 000a 0549     		ldr	r1, .L43+4
 635 000c 0548     		ldr	r0, .L43+8
 636              	.LVL36:
 112:External/ov7670/Src/ov7670.c **** 	
 637              		.loc 1 112 2 is_stmt 0 view .LVU118
 638 000e FFF7FEFF 		bl	ili9341_tft_driver_draw_image
 639              	.LVL37:
 114:External/ov7670/Src/ov7670.c **** }
 640              		.loc 1 114 2 is_stmt 1 view .LVU119
 114:External/ov7670/Src/ov7670.c **** }
 641              		.loc 1 114 20 is_stmt 0 view .LVU120
 642 0012 024B     		ldr	r3, .L43
 643 0014 0022     		movs	r2, #0
 644 0016 1A70     		strb	r2, [r3]
 645 0018 F6E7     		b	.L39
 646              	.L44:
 647 001a 00BF     		.align	2
 648              	.L43:
 649 001c 00000000 		.word	is_frame_captured
 650 0020 00000000 		.word	pixel_buffer
 651 0024 00000000 		.word	area
 652              		.cfi_endproc
 653              	.LFE136:
 655              		.section	.text.ov7670_set_test_pattern,"ax",%progbits
 656              		.align	1
 657              		.global	ov7670_set_test_pattern
 658              		.syntax unified
ARM GAS  /tmp/cc1b5866.s 			page 18


 659              		.thumb
 660              		.thumb_func
 662              	ov7670_set_test_pattern:
 663              	.LFB137:
 120:External/ov7670/Src/ov7670.c **** 	HAL_StatusTypeDef status = ov7670_add_byte(i2c_io, SCALING_YSC, 0x80);
 664              		.loc 1 120 1 is_stmt 1 view -0
 665              		.cfi_startproc
 666              		@ args = 0, pretend = 0, frame = 8
 667              		@ frame_needed = 0, uses_anonymous_args = 0
 668 0000 70B5     		push	{r4, r5, r6, lr}
 669              	.LCFI22:
 670              		.cfi_def_cfa_offset 16
 671              		.cfi_offset 4, -16
 672              		.cfi_offset 5, -12
 673              		.cfi_offset 6, -8
 674              		.cfi_offset 14, -4
 675 0002 84B0     		sub	sp, sp, #16
 676              	.LCFI23:
 677              		.cfi_def_cfa_offset 32
 121:External/ov7670/Src/ov7670.c **** 	
 678              		.loc 1 121 2 view .LVU122
 121:External/ov7670/Src/ov7670.c **** 	
 679              		.loc 1 121 29 is_stmt 0 view .LVU123
 680 0004 184B     		ldr	r3, .L49
 681 0006 1D68     		ldr	r5, [r3]
 682              	.LVL38:
 683              	.LBB68:
 684              	.LBI68:
 186:External/ov7670/Src/ov7670.c **** 	I2C_HandleTypeDef *i2c,
 685              		.loc 1 186 19 is_stmt 1 view .LVU124
 686              	.LBB69:
 192:External/ov7670/Src/ov7670.c **** 	HAL_StatusTypeDef status = ov7670_read_byte(i2c, sub_addr, &received_data);
 687              		.loc 1 192 2 view .LVU125
 192:External/ov7670/Src/ov7670.c **** 	HAL_StatusTypeDef status = ov7670_read_byte(i2c, sub_addr, &received_data);
 688              		.loc 1 192 10 is_stmt 0 view .LVU126
 689 0008 0023     		movs	r3, #0
 690 000a 8DF80B30 		strb	r3, [sp, #11]
 193:External/ov7670/Src/ov7670.c **** 	if (status)
 691              		.loc 1 193 2 is_stmt 1 view .LVU127
 692              	.LVL39:
 693              	.LBB70:
 694              	.LBI70:
 201:External/ov7670/Src/ov7670.c **** 	I2C_HandleTypeDef *i2c,
 695              		.loc 1 201 33 view .LVU128
 696              	.LBB71:
 207:External/ov7670/Src/ov7670.c **** 	status |= HAL_I2C_Master_Receive(
 697              		.loc 1 207 2 view .LVU129
 207:External/ov7670/Src/ov7670.c **** 	status |= HAL_I2C_Master_Receive(
 698              		.loc 1 207 2 is_stmt 0 view .LVU130
 699 000e 7123     		movs	r3, #113
 700 0010 8DF80C30 		strb	r3, [sp, #12]
 701              	.LVL40:
 702              	.LBB72:
 703              	.LBI72:
 220:External/ov7670/Src/ov7670.c **** 	I2C_HandleTypeDef *i2c,
 704              		.loc 1 220 33 is_stmt 1 view .LVU131
 705              	.LBB73:
ARM GAS  /tmp/cc1b5866.s 			page 19


 225:External/ov7670/Src/ov7670.c **** 		i2c,
 706              		.loc 1 225 2 view .LVU132
 225:External/ov7670/Src/ov7670.c **** 		i2c,
 707              		.loc 1 225 9 is_stmt 0 view .LVU133
 708 0014 4FF4FA76 		mov	r6, #500
 709 0018 0096     		str	r6, [sp]
 710 001a 0123     		movs	r3, #1
 711              	.LVL41:
 225:External/ov7670/Src/ov7670.c **** 		i2c,
 712              		.loc 1 225 9 view .LVU134
 713 001c 03AA     		add	r2, sp, #12
 714              	.LVL42:
 225:External/ov7670/Src/ov7670.c **** 		i2c,
 715              		.loc 1 225 9 view .LVU135
 716 001e 4221     		movs	r1, #66
 717 0020 2846     		mov	r0, r5
 718 0022 FFF7FEFF 		bl	HAL_I2C_Master_Transmit
 719              	.LVL43:
 225:External/ov7670/Src/ov7670.c **** 		i2c,
 720              		.loc 1 225 9 view .LVU136
 721 0026 0446     		mov	r4, r0
 722              	.LVL44:
 225:External/ov7670/Src/ov7670.c **** 		i2c,
 723              		.loc 1 225 9 view .LVU137
 724              	.LBE73:
 725              	.LBE72:
 208:External/ov7670/Src/ov7670.c **** 		i2c,
 726              		.loc 1 208 2 is_stmt 1 view .LVU138
 208:External/ov7670/Src/ov7670.c **** 		i2c,
 727              		.loc 1 208 12 is_stmt 0 view .LVU139
 728 0028 0096     		str	r6, [sp]
 729 002a 0423     		movs	r3, #4
 730 002c 0DF10B02 		add	r2, sp, #11
 731              	.LVL45:
 208:External/ov7670/Src/ov7670.c **** 		i2c,
 732              		.loc 1 208 12 view .LVU140
 733 0030 4321     		movs	r1, #67
 734 0032 2846     		mov	r0, r5
 735 0034 FFF7FEFF 		bl	HAL_I2C_Master_Receive
 736              	.LVL46:
 208:External/ov7670/Src/ov7670.c **** 		i2c,
 737              		.loc 1 208 9 discriminator 1 view .LVU141
 738 0038 2043     		orrs	r0, r0, r4
 739              	.LVL47:
 216:External/ov7670/Src/ov7670.c **** }
 740              		.loc 1 216 2 is_stmt 1 view .LVU142
 216:External/ov7670/Src/ov7670.c **** }
 741              		.loc 1 216 2 is_stmt 0 view .LVU143
 742              	.LBE71:
 743              	.LBE70:
 194:External/ov7670/Src/ov7670.c **** 		return status;
 744              		.loc 1 194 2 is_stmt 1 view .LVU144
 194:External/ov7670/Src/ov7670.c **** 		return status;
 745              		.loc 1 194 5 is_stmt 0 view .LVU145
 746 003a 10F0FF00 		ands	r0, r0, #255
 747              	.LVL48:
 194:External/ov7670/Src/ov7670.c **** 		return status;
ARM GAS  /tmp/cc1b5866.s 			page 20


 748              		.loc 1 194 5 view .LVU146
 749 003e 01D0     		beq	.L48
 750              	.L46:
 751              	.LVL49:
 194:External/ov7670/Src/ov7670.c **** 		return status;
 752              		.loc 1 194 5 view .LVU147
 753              	.LBE69:
 754              	.LBE68:
 123:External/ov7670/Src/ov7670.c **** }
 755              		.loc 1 123 2 is_stmt 1 view .LVU148
 124:External/ov7670/Src/ov7670.c **** 
 756              		.loc 1 124 1 is_stmt 0 view .LVU149
 757 0040 04B0     		add	sp, sp, #16
 758              	.LCFI24:
 759              		.cfi_remember_state
 760              		.cfi_def_cfa_offset 16
 761              		@ sp needed
 762 0042 70BD     		pop	{r4, r5, r6, pc}
 763              	.LVL50:
 764              	.L48:
 765              	.LCFI25:
 766              		.cfi_restore_state
 767              	.LBB77:
 768              	.LBB76:
 197:External/ov7670/Src/ov7670.c **** }
 769              		.loc 1 197 2 is_stmt 1 view .LVU150
 197:External/ov7670/Src/ov7670.c **** }
 770              		.loc 1 197 9 is_stmt 0 view .LVU151
 771 0044 9DF80B30 		ldrb	r3, [sp, #11]	@ zero_extendqisi2
 772 0048 43F08003 		orr	r3, r3, #128
 773              	.LVL51:
 774              	.LBB74:
 775              	.LBI74:
 235:External/ov7670/Src/ov7670.c **** 	I2C_HandleTypeDef *i2c,
 776              		.loc 1 235 33 is_stmt 1 view .LVU152
 777              	.LBB75:
 241:External/ov7670/Src/ov7670.c **** 	
 778              		.loc 1 241 2 view .LVU153
 241:External/ov7670/Src/ov7670.c **** 	
 779              		.loc 1 241 10 is_stmt 0 view .LVU154
 780 004c 7122     		movs	r2, #113
 781 004e 8DF80C20 		strb	r2, [sp, #12]
 782 0052 8DF80D30 		strb	r3, [sp, #13]
 783              		.loc 1 243 2 is_stmt 1 view .LVU155
 784              		.loc 1 243 9 is_stmt 0 view .LVU156
 785 0056 0096     		str	r6, [sp]
 786 0058 0223     		movs	r3, #2
 787              	.LVL52:
 788              		.loc 1 243 9 view .LVU157
 789 005a 03AA     		add	r2, sp, #12
 790 005c 4221     		movs	r1, #66
 791 005e 2846     		mov	r0, r5
 792 0060 FFF7FEFF 		bl	HAL_I2C_Master_Transmit
 793              	.LVL53:
 794              		.loc 1 243 9 view .LVU158
 795              	.LBE75:
 796              	.LBE74:
ARM GAS  /tmp/cc1b5866.s 			page 21


 197:External/ov7670/Src/ov7670.c **** }
 797              		.loc 1 197 9 view .LVU159
 798 0064 ECE7     		b	.L46
 799              	.L50:
 800 0066 00BF     		.align	2
 801              	.L49:
 802 0068 00000000 		.word	i2c_io
 803              	.LBE76:
 804              	.LBE77:
 805              		.cfi_endproc
 806              	.LFE137:
 808              		.section	.text.ov7670_set_rgb_format,"ax",%progbits
 809              		.align	1
 810              		.global	ov7670_set_rgb_format
 811              		.syntax unified
 812              		.thumb
 813              		.thumb_func
 815              	ov7670_set_rgb_format:
 816              	.LFB138:
 129:External/ov7670/Src/ov7670.c **** 	HAL_StatusTypeDef status = ov7670_add_byte(i2c_io, COM_7, 0x4);
 817              		.loc 1 129 1 is_stmt 1 view -0
 818              		.cfi_startproc
 819              		@ args = 0, pretend = 0, frame = 8
 820              		@ frame_needed = 0, uses_anonymous_args = 0
 821 0000 F0B5     		push	{r4, r5, r6, r7, lr}
 822              	.LCFI26:
 823              		.cfi_def_cfa_offset 20
 824              		.cfi_offset 4, -20
 825              		.cfi_offset 5, -16
 826              		.cfi_offset 6, -12
 827              		.cfi_offset 7, -8
 828              		.cfi_offset 14, -4
 829 0002 85B0     		sub	sp, sp, #20
 830              	.LCFI27:
 831              		.cfi_def_cfa_offset 40
 130:External/ov7670/Src/ov7670.c **** 	status |= ov7670_add_byte(i2c_io, COM_15, 0x10);
 832              		.loc 1 130 2 view .LVU161
 130:External/ov7670/Src/ov7670.c **** 	status |= ov7670_add_byte(i2c_io, COM_15, 0x10);
 833              		.loc 1 130 29 is_stmt 0 view .LVU162
 834 0004 324B     		ldr	r3, .L57
 835 0006 1E68     		ldr	r6, [r3]
 836              	.LVL54:
 837              	.LBB78:
 838              	.LBI78:
 186:External/ov7670/Src/ov7670.c **** 	I2C_HandleTypeDef *i2c,
 839              		.loc 1 186 19 is_stmt 1 view .LVU163
 840              	.LBB79:
 192:External/ov7670/Src/ov7670.c **** 	HAL_StatusTypeDef status = ov7670_read_byte(i2c, sub_addr, &received_data);
 841              		.loc 1 192 2 view .LVU164
 192:External/ov7670/Src/ov7670.c **** 	HAL_StatusTypeDef status = ov7670_read_byte(i2c, sub_addr, &received_data);
 842              		.loc 1 192 10 is_stmt 0 view .LVU165
 843 0008 0023     		movs	r3, #0
 844 000a 8DF80B30 		strb	r3, [sp, #11]
 193:External/ov7670/Src/ov7670.c **** 	if (status)
 845              		.loc 1 193 2 is_stmt 1 view .LVU166
 846              	.LVL55:
 847              	.LBB80:
ARM GAS  /tmp/cc1b5866.s 			page 22


 848              	.LBI80:
 201:External/ov7670/Src/ov7670.c **** 	I2C_HandleTypeDef *i2c,
 849              		.loc 1 201 33 view .LVU167
 850              	.LBB81:
 207:External/ov7670/Src/ov7670.c **** 	status |= HAL_I2C_Master_Receive(
 851              		.loc 1 207 2 view .LVU168
 207:External/ov7670/Src/ov7670.c **** 	status |= HAL_I2C_Master_Receive(
 852              		.loc 1 207 2 is_stmt 0 view .LVU169
 853 000e 1223     		movs	r3, #18
 854 0010 8DF80C30 		strb	r3, [sp, #12]
 855              	.LVL56:
 856              	.LBB82:
 857              	.LBI82:
 220:External/ov7670/Src/ov7670.c **** 	I2C_HandleTypeDef *i2c,
 858              		.loc 1 220 33 is_stmt 1 view .LVU170
 859              	.LBB83:
 225:External/ov7670/Src/ov7670.c **** 		i2c,
 860              		.loc 1 225 2 view .LVU171
 225:External/ov7670/Src/ov7670.c **** 		i2c,
 861              		.loc 1 225 9 is_stmt 0 view .LVU172
 862 0014 4FF4FA75 		mov	r5, #500
 863 0018 0095     		str	r5, [sp]
 864 001a 0123     		movs	r3, #1
 865              	.LVL57:
 225:External/ov7670/Src/ov7670.c **** 		i2c,
 866              		.loc 1 225 9 view .LVU173
 867 001c 03AA     		add	r2, sp, #12
 868              	.LVL58:
 225:External/ov7670/Src/ov7670.c **** 		i2c,
 869              		.loc 1 225 9 view .LVU174
 870 001e 4221     		movs	r1, #66
 871 0020 3046     		mov	r0, r6
 872 0022 FFF7FEFF 		bl	HAL_I2C_Master_Transmit
 873              	.LVL59:
 225:External/ov7670/Src/ov7670.c **** 		i2c,
 874              		.loc 1 225 9 view .LVU175
 875 0026 0446     		mov	r4, r0
 876              	.LVL60:
 225:External/ov7670/Src/ov7670.c **** 		i2c,
 877              		.loc 1 225 9 view .LVU176
 878              	.LBE83:
 879              	.LBE82:
 208:External/ov7670/Src/ov7670.c **** 		i2c,
 880              		.loc 1 208 2 is_stmt 1 view .LVU177
 208:External/ov7670/Src/ov7670.c **** 		i2c,
 881              		.loc 1 208 12 is_stmt 0 view .LVU178
 882 0028 0095     		str	r5, [sp]
 883 002a 0423     		movs	r3, #4
 884 002c 0DF10B02 		add	r2, sp, #11
 885              	.LVL61:
 208:External/ov7670/Src/ov7670.c **** 		i2c,
 886              		.loc 1 208 12 view .LVU179
 887 0030 4321     		movs	r1, #67
 888 0032 3046     		mov	r0, r6
 889 0034 FFF7FEFF 		bl	HAL_I2C_Master_Receive
 890              	.LVL62:
 208:External/ov7670/Src/ov7670.c **** 		i2c,
ARM GAS  /tmp/cc1b5866.s 			page 23


 891              		.loc 1 208 9 discriminator 1 view .LVU180
 892 0038 2043     		orrs	r0, r0, r4
 893              	.LVL63:
 216:External/ov7670/Src/ov7670.c **** }
 894              		.loc 1 216 2 is_stmt 1 view .LVU181
 216:External/ov7670/Src/ov7670.c **** }
 895              		.loc 1 216 2 is_stmt 0 view .LVU182
 896              	.LBE81:
 897              	.LBE80:
 194:External/ov7670/Src/ov7670.c **** 		return status;
 898              		.loc 1 194 2 is_stmt 1 view .LVU183
 194:External/ov7670/Src/ov7670.c **** 		return status;
 899              		.loc 1 194 5 is_stmt 0 view .LVU184
 900 003a 10F0FF05 		ands	r5, r0, #255
 901 003e 21D0     		beq	.L55
 902              	.LVL64:
 903              	.L52:
 194:External/ov7670/Src/ov7670.c **** 		return status;
 904              		.loc 1 194 5 view .LVU185
 905              	.LBE79:
 906              	.LBE78:
 131:External/ov7670/Src/ov7670.c **** 	
 907              		.loc 1 131 2 is_stmt 1 view .LVU186
 131:External/ov7670/Src/ov7670.c **** 	
 908              		.loc 1 131 12 is_stmt 0 view .LVU187
 909 0040 234B     		ldr	r3, .L57
 910 0042 1E68     		ldr	r6, [r3]
 911              	.LVL65:
 912              	.LBB87:
 913              	.LBI87:
 186:External/ov7670/Src/ov7670.c **** 	I2C_HandleTypeDef *i2c,
 914              		.loc 1 186 19 is_stmt 1 view .LVU188
 915              	.LBB88:
 192:External/ov7670/Src/ov7670.c **** 	HAL_StatusTypeDef status = ov7670_read_byte(i2c, sub_addr, &received_data);
 916              		.loc 1 192 2 view .LVU189
 192:External/ov7670/Src/ov7670.c **** 	HAL_StatusTypeDef status = ov7670_read_byte(i2c, sub_addr, &received_data);
 917              		.loc 1 192 10 is_stmt 0 view .LVU190
 918 0044 0023     		movs	r3, #0
 919 0046 8DF80B30 		strb	r3, [sp, #11]
 193:External/ov7670/Src/ov7670.c **** 	if (status)
 920              		.loc 1 193 2 is_stmt 1 view .LVU191
 921              	.LVL66:
 922              	.LBB89:
 923              	.LBI89:
 201:External/ov7670/Src/ov7670.c **** 	I2C_HandleTypeDef *i2c,
 924              		.loc 1 201 33 view .LVU192
 925              	.LBB90:
 207:External/ov7670/Src/ov7670.c **** 	status |= HAL_I2C_Master_Receive(
 926              		.loc 1 207 2 view .LVU193
 207:External/ov7670/Src/ov7670.c **** 	status |= HAL_I2C_Master_Receive(
 927              		.loc 1 207 2 is_stmt 0 view .LVU194
 928 004a 4023     		movs	r3, #64
 929 004c 8DF80C30 		strb	r3, [sp, #12]
 930              	.LVL67:
 931              	.LBB91:
 932              	.LBI91:
 220:External/ov7670/Src/ov7670.c **** 	I2C_HandleTypeDef *i2c,
ARM GAS  /tmp/cc1b5866.s 			page 24


 933              		.loc 1 220 33 is_stmt 1 view .LVU195
 934              	.LBB92:
 225:External/ov7670/Src/ov7670.c **** 		i2c,
 935              		.loc 1 225 2 view .LVU196
 225:External/ov7670/Src/ov7670.c **** 		i2c,
 936              		.loc 1 225 9 is_stmt 0 view .LVU197
 937 0050 4FF4FA77 		mov	r7, #500
 938 0054 0097     		str	r7, [sp]
 939 0056 0123     		movs	r3, #1
 940              	.LVL68:
 225:External/ov7670/Src/ov7670.c **** 		i2c,
 941              		.loc 1 225 9 view .LVU198
 942 0058 03AA     		add	r2, sp, #12
 943              	.LVL69:
 225:External/ov7670/Src/ov7670.c **** 		i2c,
 944              		.loc 1 225 9 view .LVU199
 945 005a 4221     		movs	r1, #66
 946 005c 3046     		mov	r0, r6
 947 005e FFF7FEFF 		bl	HAL_I2C_Master_Transmit
 948              	.LVL70:
 225:External/ov7670/Src/ov7670.c **** 		i2c,
 949              		.loc 1 225 9 view .LVU200
 950 0062 0446     		mov	r4, r0
 951              	.LVL71:
 225:External/ov7670/Src/ov7670.c **** 		i2c,
 952              		.loc 1 225 9 view .LVU201
 953              	.LBE92:
 954              	.LBE91:
 208:External/ov7670/Src/ov7670.c **** 		i2c,
 955              		.loc 1 208 2 is_stmt 1 view .LVU202
 208:External/ov7670/Src/ov7670.c **** 		i2c,
 956              		.loc 1 208 12 is_stmt 0 view .LVU203
 957 0064 0097     		str	r7, [sp]
 958 0066 0423     		movs	r3, #4
 959 0068 0DF10B02 		add	r2, sp, #11
 960              	.LVL72:
 208:External/ov7670/Src/ov7670.c **** 		i2c,
 961              		.loc 1 208 12 view .LVU204
 962 006c 4321     		movs	r1, #67
 963 006e 3046     		mov	r0, r6
 964 0070 FFF7FEFF 		bl	HAL_I2C_Master_Receive
 965              	.LVL73:
 208:External/ov7670/Src/ov7670.c **** 		i2c,
 966              		.loc 1 208 9 discriminator 1 view .LVU205
 967 0074 2043     		orrs	r0, r0, r4
 968              	.LVL74:
 216:External/ov7670/Src/ov7670.c **** }
 969              		.loc 1 216 2 is_stmt 1 view .LVU206
 216:External/ov7670/Src/ov7670.c **** }
 970              		.loc 1 216 2 is_stmt 0 view .LVU207
 971              	.LBE90:
 972              	.LBE89:
 194:External/ov7670/Src/ov7670.c **** 		return status;
 973              		.loc 1 194 2 is_stmt 1 view .LVU208
 194:External/ov7670/Src/ov7670.c **** 		return status;
 974              		.loc 1 194 5 is_stmt 0 view .LVU209
 975 0076 10F0FF00 		ands	r0, r0, #255
ARM GAS  /tmp/cc1b5866.s 			page 25


 976              	.LVL75:
 194:External/ov7670/Src/ov7670.c **** 		return status;
 977              		.loc 1 194 5 view .LVU210
 978 007a 17D0     		beq	.L56
 979              	.L53:
 980              	.LVL76:
 194:External/ov7670/Src/ov7670.c **** 		return status;
 981              		.loc 1 194 5 view .LVU211
 982              	.LBE88:
 983              	.LBE87:
 131:External/ov7670/Src/ov7670.c **** 	
 984              		.loc 1 131 9 discriminator 1 view .LVU212
 985 007c 2843     		orrs	r0, r0, r5
 986              	.LVL77:
 133:External/ov7670/Src/ov7670.c **** }
 987              		.loc 1 133 2 is_stmt 1 view .LVU213
 134:External/ov7670/Src/ov7670.c **** 
 988              		.loc 1 134 1 is_stmt 0 view .LVU214
 989 007e C0B2     		uxtb	r0, r0
 134:External/ov7670/Src/ov7670.c **** 
 990              		.loc 1 134 1 view .LVU215
 991 0080 05B0     		add	sp, sp, #20
 992              	.LCFI28:
 993              		.cfi_remember_state
 994              		.cfi_def_cfa_offset 20
 995              		@ sp needed
 996 0082 F0BD     		pop	{r4, r5, r6, r7, pc}
 997              	.LVL78:
 998              	.L55:
 999              	.LCFI29:
 1000              		.cfi_restore_state
 1001              	.LBB96:
 1002              	.LBB86:
 197:External/ov7670/Src/ov7670.c **** }
 1003              		.loc 1 197 2 is_stmt 1 view .LVU216
 197:External/ov7670/Src/ov7670.c **** }
 1004              		.loc 1 197 9 is_stmt 0 view .LVU217
 1005 0084 9DF80B30 		ldrb	r3, [sp, #11]	@ zero_extendqisi2
 1006 0088 43F00403 		orr	r3, r3, #4
 1007              	.LVL79:
 1008              	.LBB84:
 1009              	.LBI84:
 235:External/ov7670/Src/ov7670.c **** 	I2C_HandleTypeDef *i2c,
 1010              		.loc 1 235 33 is_stmt 1 view .LVU218
 1011              	.LBB85:
 241:External/ov7670/Src/ov7670.c **** 	
 1012              		.loc 1 241 2 view .LVU219
 241:External/ov7670/Src/ov7670.c **** 	
 1013              		.loc 1 241 10 is_stmt 0 view .LVU220
 1014 008c 1222     		movs	r2, #18
 1015 008e 8DF80C20 		strb	r2, [sp, #12]
 1016 0092 8DF80D30 		strb	r3, [sp, #13]
 1017              		.loc 1 243 2 is_stmt 1 view .LVU221
 1018              		.loc 1 243 9 is_stmt 0 view .LVU222
 1019 0096 4FF4FA73 		mov	r3, #500
 1020              	.LVL80:
 1021              		.loc 1 243 9 view .LVU223
ARM GAS  /tmp/cc1b5866.s 			page 26


 1022 009a 0093     		str	r3, [sp]
 1023 009c 0223     		movs	r3, #2
 1024 009e 03AA     		add	r2, sp, #12
 1025 00a0 4221     		movs	r1, #66
 1026 00a2 3046     		mov	r0, r6
 1027              	.LVL81:
 1028              		.loc 1 243 9 view .LVU224
 1029 00a4 FFF7FEFF 		bl	HAL_I2C_Master_Transmit
 1030              	.LVL82:
 1031              		.loc 1 243 9 view .LVU225
 1032 00a8 0546     		mov	r5, r0
 1033              	.LVL83:
 1034              		.loc 1 243 9 view .LVU226
 1035              	.LBE85:
 1036              	.LBE84:
 197:External/ov7670/Src/ov7670.c **** }
 1037              		.loc 1 197 9 view .LVU227
 1038 00aa C9E7     		b	.L52
 1039              	.LVL84:
 1040              	.L56:
 197:External/ov7670/Src/ov7670.c **** }
 1041              		.loc 1 197 9 view .LVU228
 1042              	.LBE86:
 1043              	.LBE96:
 1044              	.LBB97:
 1045              	.LBB95:
 197:External/ov7670/Src/ov7670.c **** }
 1046              		.loc 1 197 2 is_stmt 1 view .LVU229
 197:External/ov7670/Src/ov7670.c **** }
 1047              		.loc 1 197 9 is_stmt 0 view .LVU230
 1048 00ac 9DF80B30 		ldrb	r3, [sp, #11]	@ zero_extendqisi2
 1049 00b0 43F01003 		orr	r3, r3, #16
 1050              	.LVL85:
 1051              	.LBB93:
 1052              	.LBI93:
 235:External/ov7670/Src/ov7670.c **** 	I2C_HandleTypeDef *i2c,
 1053              		.loc 1 235 33 is_stmt 1 view .LVU231
 1054              	.LBB94:
 241:External/ov7670/Src/ov7670.c **** 	
 1055              		.loc 1 241 2 view .LVU232
 241:External/ov7670/Src/ov7670.c **** 	
 1056              		.loc 1 241 10 is_stmt 0 view .LVU233
 1057 00b4 4022     		movs	r2, #64
 1058 00b6 8DF80C20 		strb	r2, [sp, #12]
 1059 00ba 8DF80D30 		strb	r3, [sp, #13]
 1060              		.loc 1 243 2 is_stmt 1 view .LVU234
 1061              		.loc 1 243 9 is_stmt 0 view .LVU235
 1062 00be 0097     		str	r7, [sp]
 1063 00c0 0223     		movs	r3, #2
 1064              	.LVL86:
 1065              		.loc 1 243 9 view .LVU236
 1066 00c2 03AA     		add	r2, sp, #12
 1067 00c4 4221     		movs	r1, #66
 1068 00c6 3046     		mov	r0, r6
 1069 00c8 FFF7FEFF 		bl	HAL_I2C_Master_Transmit
 1070              	.LVL87:
 1071              		.loc 1 243 9 view .LVU237
ARM GAS  /tmp/cc1b5866.s 			page 27


 1072              	.LBE94:
 1073              	.LBE93:
 197:External/ov7670/Src/ov7670.c **** }
 1074              		.loc 1 197 9 view .LVU238
 1075 00cc D6E7     		b	.L53
 1076              	.L58:
 1077 00ce 00BF     		.align	2
 1078              	.L57:
 1079 00d0 00000000 		.word	i2c_io
 1080              	.LBE95:
 1081              	.LBE97:
 1082              		.cfi_endproc
 1083              	.LFE138:
 1085              		.section	.text.ov7670_send_default_registers,"ax",%progbits
 1086              		.align	1
 1087              		.global	ov7670_send_default_registers
 1088              		.syntax unified
 1089              		.thumb
 1090              		.thumb_func
 1092              	ov7670_send_default_registers:
 1093              	.LFB139:
 137:External/ov7670/Src/ov7670.c **** 	HAL_StatusTypeDef status = ov7670_set_fast_auto_exposure_and_gain_control();
 1094              		.loc 1 137 1 is_stmt 1 view -0
 1095              		.cfi_startproc
 1096              		@ args = 0, pretend = 0, frame = 0
 1097              		@ frame_needed = 0, uses_anonymous_args = 0
 1098 0000 10B5     		push	{r4, lr}
 1099              	.LCFI30:
 1100              		.cfi_def_cfa_offset 8
 1101              		.cfi_offset 4, -8
 1102              		.cfi_offset 14, -4
 138:External/ov7670/Src/ov7670.c **** 	status |= ov7670_set_edge_enhancement_factor();
 1103              		.loc 1 138 2 view .LVU240
 138:External/ov7670/Src/ov7670.c **** 	status |= ov7670_set_edge_enhancement_factor();
 1104              		.loc 1 138 29 is_stmt 0 view .LVU241
 1105 0002 FFF7FEFF 		bl	ov7670_set_fast_auto_exposure_and_gain_control
 1106              	.LVL88:
 1107 0006 0446     		mov	r4, r0
 1108              	.LVL89:
 139:External/ov7670/Src/ov7670.c **** 	status |= ov7670_set_uv_auto_adjustment();
 1109              		.loc 1 139 2 is_stmt 1 view .LVU242
 139:External/ov7670/Src/ov7670.c **** 	status |= ov7670_set_uv_auto_adjustment();
 1110              		.loc 1 139 12 is_stmt 0 view .LVU243
 1111 0008 FFF7FEFF 		bl	ov7670_set_edge_enhancement_factor
 1112              	.LVL90:
 139:External/ov7670/Src/ov7670.c **** 	status |= ov7670_set_uv_auto_adjustment();
 1113              		.loc 1 139 9 discriminator 1 view .LVU244
 1114 000c 0443     		orrs	r4, r4, r0
 1115              	.LVL91:
 139:External/ov7670/Src/ov7670.c **** 	status |= ov7670_set_uv_auto_adjustment();
 1116              		.loc 1 139 9 discriminator 1 view .LVU245
 1117 000e E4B2     		uxtb	r4, r4
 1118              	.LVL92:
 140:External/ov7670/Src/ov7670.c **** 	status |= ov7670_enable_color_image();
 1119              		.loc 1 140 2 is_stmt 1 view .LVU246
 140:External/ov7670/Src/ov7670.c **** 	status |= ov7670_enable_color_image();
 1120              		.loc 1 140 12 is_stmt 0 view .LVU247
ARM GAS  /tmp/cc1b5866.s 			page 28


 1121 0010 FFF7FEFF 		bl	ov7670_set_uv_auto_adjustment
 1122              	.LVL93:
 140:External/ov7670/Src/ov7670.c **** 	status |= ov7670_enable_color_image();
 1123              		.loc 1 140 9 discriminator 1 view .LVU248
 1124 0014 0443     		orrs	r4, r4, r0
 1125              	.LVL94:
 140:External/ov7670/Src/ov7670.c **** 	status |= ov7670_enable_color_image();
 1126              		.loc 1 140 9 discriminator 1 view .LVU249
 1127 0016 E4B2     		uxtb	r4, r4
 1128              	.LVL95:
 141:External/ov7670/Src/ov7670.c **** 	
 1129              		.loc 1 141 2 is_stmt 1 view .LVU250
 141:External/ov7670/Src/ov7670.c **** 	
 1130              		.loc 1 141 12 is_stmt 0 view .LVU251
 1131 0018 FFF7FEFF 		bl	ov7670_enable_color_image
 1132              	.LVL96:
 141:External/ov7670/Src/ov7670.c **** 	
 1133              		.loc 1 141 9 discriminator 1 view .LVU252
 1134 001c 2043     		orrs	r0, r0, r4
 1135              	.LVL97:
 143:External/ov7670/Src/ov7670.c **** }
 1136              		.loc 1 143 2 is_stmt 1 view .LVU253
 144:External/ov7670/Src/ov7670.c **** 
 1137              		.loc 1 144 1 is_stmt 0 view .LVU254
 1138 001e C0B2     		uxtb	r0, r0
 144:External/ov7670/Src/ov7670.c **** 
 1139              		.loc 1 144 1 view .LVU255
 1140 0020 10BD     		pop	{r4, pc}
 1141              		.cfi_endproc
 1142              	.LFE139:
 1144              		.section	.text.ov7670_get_captured_data,"ax",%progbits
 1145              		.align	1
 1146              		.global	ov7670_get_captured_data
 1147              		.syntax unified
 1148              		.thumb
 1149              		.thumb_func
 1151              	ov7670_get_captured_data:
 1152              	.LFB144:
 167:External/ov7670/Src/ov7670.c **** 	return (uint32_t*)pixel_buffer;
 1153              		.loc 1 167 1 is_stmt 1 view -0
 1154              		.cfi_startproc
 1155              		@ args = 0, pretend = 0, frame = 0
 1156              		@ frame_needed = 0, uses_anonymous_args = 0
 1157              		@ link register save eliminated.
 168:External/ov7670/Src/ov7670.c **** }
 1158              		.loc 1 168 2 view .LVU257
 169:External/ov7670/Src/ov7670.c **** 
 1159              		.loc 1 169 1 is_stmt 0 view .LVU258
 1160 0000 0048     		ldr	r0, .L62
 1161 0002 7047     		bx	lr
 1162              	.L63:
 1163              		.align	2
 1164              	.L62:
 1165 0004 00000000 		.word	pixel_buffer
 1166              		.cfi_endproc
 1167              	.LFE144:
 1169              		.section	.text.ov7670_set_plck_prescalar,"ax",%progbits
ARM GAS  /tmp/cc1b5866.s 			page 29


 1170              		.align	1
 1171              		.global	ov7670_set_plck_prescalar
 1172              		.syntax unified
 1173              		.thumb
 1174              		.thumb_func
 1176              	ov7670_set_plck_prescalar:
 1177              	.LVL98:
 1178              	.LFB145:
 172:External/ov7670/Src/ov7670.c **** 	return ov7670_write_byte(i2c_io, CLKRC, pre_scalar & 0x1f);
 1179              		.loc 1 172 1 is_stmt 1 view -0
 1180              		.cfi_startproc
 1181              		@ args = 0, pretend = 0, frame = 8
 1182              		@ frame_needed = 0, uses_anonymous_args = 0
 172:External/ov7670/Src/ov7670.c **** 	return ov7670_write_byte(i2c_io, CLKRC, pre_scalar & 0x1f);
 1183              		.loc 1 172 1 is_stmt 0 view .LVU260
 1184 0000 00B5     		push	{lr}
 1185              	.LCFI31:
 1186              		.cfi_def_cfa_offset 4
 1187              		.cfi_offset 14, -4
 1188 0002 85B0     		sub	sp, sp, #20
 1189              	.LCFI32:
 1190              		.cfi_def_cfa_offset 24
 173:External/ov7670/Src/ov7670.c **** }
 1191              		.loc 1 173 2 is_stmt 1 view .LVU261
 173:External/ov7670/Src/ov7670.c **** }
 1192              		.loc 1 173 9 is_stmt 0 view .LVU262
 1193 0004 00F01F00 		and	r0, r0, #31
 1194              	.LVL99:
 1195              	.LBB98:
 1196              	.LBI98:
 235:External/ov7670/Src/ov7670.c **** 	I2C_HandleTypeDef *i2c,
 1197              		.loc 1 235 33 is_stmt 1 view .LVU263
 1198              	.LBB99:
 241:External/ov7670/Src/ov7670.c **** 	
 1199              		.loc 1 241 2 view .LVU264
 241:External/ov7670/Src/ov7670.c **** 	
 1200              		.loc 1 241 10 is_stmt 0 view .LVU265
 1201 0008 1123     		movs	r3, #17
 1202 000a 8DF80C30 		strb	r3, [sp, #12]
 1203 000e 8DF80D00 		strb	r0, [sp, #13]
 1204              		.loc 1 243 2 is_stmt 1 view .LVU266
 1205              		.loc 1 243 9 is_stmt 0 view .LVU267
 1206 0012 4FF4FA73 		mov	r3, #500
 1207 0016 0093     		str	r3, [sp]
 1208 0018 0223     		movs	r3, #2
 1209 001a 03AA     		add	r2, sp, #12
 1210 001c 4221     		movs	r1, #66
 1211 001e 0348     		ldr	r0, .L66
 1212              	.LVL100:
 1213              		.loc 1 243 9 view .LVU268
 1214 0020 0068     		ldr	r0, [r0]
 1215              	.LVL101:
 1216              		.loc 1 243 9 view .LVU269
 1217 0022 FFF7FEFF 		bl	HAL_I2C_Master_Transmit
 1218              	.LVL102:
 1219              		.loc 1 243 9 view .LVU270
 1220              	.LBE99:
ARM GAS  /tmp/cc1b5866.s 			page 30


 1221              	.LBE98:
 174:External/ov7670/Src/ov7670.c **** 
 1222              		.loc 1 174 1 view .LVU271
 1223 0026 05B0     		add	sp, sp, #20
 1224              	.LCFI33:
 1225              		.cfi_def_cfa_offset 4
 1226              		@ sp needed
 1227 0028 5DF804FB 		ldr	pc, [sp], #4
 1228              	.L67:
 1229              		.align	2
 1230              	.L66:
 1231 002c 00000000 		.word	i2c_io
 1232              		.cfi_endproc
 1233              	.LFE145:
 1235              		.section	.text.ov7670_set_qcif,"ax",%progbits
 1236              		.align	1
 1237              		.global	ov7670_set_qcif
 1238              		.syntax unified
 1239              		.thumb
 1240              		.thumb_func
 1242              	ov7670_set_qcif:
 1243              	.LFB146:
 177:External/ov7670/Src/ov7670.c **** 	HAL_StatusTypeDef status = ov7670_write_byte(i2c_io, COM_3, 0x8);
 1244              		.loc 1 177 1 is_stmt 1 view -0
 1245              		.cfi_startproc
 1246              		@ args = 0, pretend = 0, frame = 8
 1247              		@ frame_needed = 0, uses_anonymous_args = 0
 1248 0000 F0B5     		push	{r4, r5, r6, r7, lr}
 1249              	.LCFI34:
 1250              		.cfi_def_cfa_offset 20
 1251              		.cfi_offset 4, -20
 1252              		.cfi_offset 5, -16
 1253              		.cfi_offset 6, -12
 1254              		.cfi_offset 7, -8
 1255              		.cfi_offset 14, -4
 1256 0002 85B0     		sub	sp, sp, #20
 1257              	.LCFI35:
 1258              		.cfi_def_cfa_offset 40
 178:External/ov7670/Src/ov7670.c **** 	status |= ov7670_write_byte(i2c_io, COM_7, 0x8);
 1259              		.loc 1 178 2 view .LVU273
 178:External/ov7670/Src/ov7670.c **** 	status |= ov7670_write_byte(i2c_io, COM_7, 0x8);
 1260              		.loc 1 178 29 is_stmt 0 view .LVU274
 1261 0004 104D     		ldr	r5, .L70
 1262              	.LVL103:
 1263              	.LBB100:
 1264              	.LBI100:
 235:External/ov7670/Src/ov7670.c **** 	I2C_HandleTypeDef *i2c,
 1265              		.loc 1 235 33 is_stmt 1 view .LVU275
 1266              	.LBB101:
 241:External/ov7670/Src/ov7670.c **** 	
 1267              		.loc 1 241 2 view .LVU276
 241:External/ov7670/Src/ov7670.c **** 	
 1268              		.loc 1 241 10 is_stmt 0 view .LVU277
 1269 0006 0C23     		movs	r3, #12
 1270 0008 8DF80C30 		strb	r3, [sp, #12]
 1271 000c 0827     		movs	r7, #8
 1272 000e 8DF80D70 		strb	r7, [sp, #13]
ARM GAS  /tmp/cc1b5866.s 			page 31


 1273              		.loc 1 243 2 is_stmt 1 view .LVU278
 1274              		.loc 1 243 9 is_stmt 0 view .LVU279
 1275 0012 4FF4FA76 		mov	r6, #500
 1276 0016 0096     		str	r6, [sp]
 1277 0018 0223     		movs	r3, #2
 1278 001a 03AA     		add	r2, sp, #12
 1279 001c 4221     		movs	r1, #66
 1280 001e 2868     		ldr	r0, [r5]
 1281 0020 FFF7FEFF 		bl	HAL_I2C_Master_Transmit
 1282              	.LVL104:
 1283              		.loc 1 243 9 view .LVU280
 1284 0024 0446     		mov	r4, r0
 1285              	.LVL105:
 1286              		.loc 1 243 9 view .LVU281
 1287              	.LBE101:
 1288              	.LBE100:
 179:External/ov7670/Src/ov7670.c **** 	
 1289              		.loc 1 179 2 is_stmt 1 view .LVU282
 1290              	.LBB102:
 1291              	.LBI102:
 235:External/ov7670/Src/ov7670.c **** 	I2C_HandleTypeDef *i2c,
 1292              		.loc 1 235 33 view .LVU283
 1293              	.LBB103:
 241:External/ov7670/Src/ov7670.c **** 	
 1294              		.loc 1 241 2 view .LVU284
 241:External/ov7670/Src/ov7670.c **** 	
 1295              		.loc 1 241 10 is_stmt 0 view .LVU285
 1296 0026 1223     		movs	r3, #18
 1297 0028 8DF80C30 		strb	r3, [sp, #12]
 1298 002c 8DF80D70 		strb	r7, [sp, #13]
 1299              		.loc 1 243 2 is_stmt 1 view .LVU286
 1300              		.loc 1 243 9 is_stmt 0 view .LVU287
 1301 0030 0096     		str	r6, [sp]
 1302 0032 0223     		movs	r3, #2
 1303 0034 03AA     		add	r2, sp, #12
 1304 0036 4221     		movs	r1, #66
 1305 0038 2868     		ldr	r0, [r5]
 1306 003a FFF7FEFF 		bl	HAL_I2C_Master_Transmit
 1307              	.LVL106:
 1308              		.loc 1 243 9 view .LVU288
 1309              	.LBE103:
 1310              	.LBE102:
 179:External/ov7670/Src/ov7670.c **** 	
 1311              		.loc 1 179 9 discriminator 1 view .LVU289
 1312 003e 2043     		orrs	r0, r0, r4
 1313              	.LVL107:
 181:External/ov7670/Src/ov7670.c **** }
 1314              		.loc 1 181 2 is_stmt 1 view .LVU290
 182:External/ov7670/Src/ov7670.c **** 
 1315              		.loc 1 182 1 is_stmt 0 view .LVU291
 1316 0040 C0B2     		uxtb	r0, r0
 182:External/ov7670/Src/ov7670.c **** 
 1317              		.loc 1 182 1 view .LVU292
 1318 0042 05B0     		add	sp, sp, #20
 1319              	.LCFI36:
 1320              		.cfi_def_cfa_offset 20
 1321              		@ sp needed
ARM GAS  /tmp/cc1b5866.s 			page 32


 1322 0044 F0BD     		pop	{r4, r5, r6, r7, pc}
 1323              	.L71:
 1324 0046 00BF     		.align	2
 1325              	.L70:
 1326 0048 00000000 		.word	i2c_io
 1327              		.cfi_endproc
 1328              	.LFE146:
 1330              		.section	.bss.area,"aw",%nobits
 1331              		.align	2
 1334              	area:
 1335 0000 00000000 		.space	8
 1335      00000000 
 1336              		.section	.bss.is_frame_captured,"aw",%nobits
 1339              	is_frame_captured:
 1340 0000 00       		.space	1
 1341              		.section	.bss.pixel_buffer,"aw",%nobits
 1342              		.align	2
 1345              	pixel_buffer:
 1346 0000 00000000 		.space	49536
 1346      00000000 
 1346      00000000 
 1346      00000000 
 1346      00000000 
 1347              		.section	.bss.i2c_io,"aw",%nobits
 1348              		.align	2
 1351              	i2c_io:
 1352 0000 00000000 		.space	4
 1353              		.text
 1354              	.Letext0:
 1355              		.file 2 "/usr/src/arm-gnu-toolchain-13.3/arm-none-eabi/include/machine/_default_types.h"
 1356              		.file 3 "/usr/src/arm-gnu-toolchain-13.3/arm-none-eabi/include/sys/_stdint.h"
 1357              		.file 4 "Drivers/CMSIS/Device/ST/STM32F4xx/Include/stm32f407xx.h"
 1358              		.file 5 "Drivers/STM32F4xx_HAL_Driver/Inc/stm32f4xx_hal_def.h"
 1359              		.file 6 "Drivers/STM32F4xx_HAL_Driver/Inc/stm32f4xx_hal_dma.h"
 1360              		.file 7 "Drivers/STM32F4xx_HAL_Driver/Inc/stm32f4xx_hal_dcmi_ex.h"
 1361              		.file 8 "Drivers/STM32F4xx_HAL_Driver/Inc/stm32f4xx_hal_dcmi.h"
 1362              		.file 9 "Drivers/STM32F4xx_HAL_Driver/Inc/stm32f4xx_hal_i2c.h"
 1363              		.file 10 "External/ov7670/Inc/ov7670.h"
 1364              		.file 11 "External/ov7670/Inc/ov7670_defs.h"
 1365              		.file 12 "External/ili9341_tft_driver/Inc/ili9341_tft_driver_defs.h"
 1366              		.file 13 "External/ili9341_tft_driver/Inc/ili9341_tft_driver.h"
 1367              		.file 14 "Drivers/STM32F4xx_HAL_Driver/Inc/stm32f4xx_hal.h"
ARM GAS  /tmp/cc1b5866.s 			page 33


DEFINED SYMBOLS
                            *ABS*:00000000 ov7670.c
     /tmp/cc1b5866.s:21     .text.ov7670_set_fast_auto_exposure_and_gain_control:00000000 $t
     /tmp/cc1b5866.s:26     .text.ov7670_set_fast_auto_exposure_and_gain_control:00000000 ov7670_set_fast_auto_exposure_and_gain_control
     /tmp/cc1b5866.s:77     .text.ov7670_set_fast_auto_exposure_and_gain_control:0000002c $d
     /tmp/cc1b5866.s:1351   .bss.i2c_io:00000000 i2c_io
     /tmp/cc1b5866.s:82     .text.ov7670_set_edge_enhancement_factor:00000000 $t
     /tmp/cc1b5866.s:87     .text.ov7670_set_edge_enhancement_factor:00000000 ov7670_set_edge_enhancement_factor
     /tmp/cc1b5866.s:138    .text.ov7670_set_edge_enhancement_factor:0000002c $d
     /tmp/cc1b5866.s:143    .text.ov7670_set_uv_auto_adjustment:00000000 $t
     /tmp/cc1b5866.s:148    .text.ov7670_set_uv_auto_adjustment:00000000 ov7670_set_uv_auto_adjustment
     /tmp/cc1b5866.s:199    .text.ov7670_set_uv_auto_adjustment:0000002c $d
     /tmp/cc1b5866.s:204    .text.ov7670_enable_color_image:00000000 $t
     /tmp/cc1b5866.s:209    .text.ov7670_enable_color_image:00000000 ov7670_enable_color_image
     /tmp/cc1b5866.s:260    .text.ov7670_enable_color_image:0000002c $d
     /tmp/cc1b5866.s:265    .text.ov7670_create:00000000 $t
     /tmp/cc1b5866.s:271    .text.ov7670_create:00000000 ov7670_create
     /tmp/cc1b5866.s:315    .text.ov7670_create:00000024 $d
     /tmp/cc1b5866.s:1334   .bss.area:00000000 area
     /tmp/cc1b5866.s:321    .text.ov7670_destroy:00000000 $t
     /tmp/cc1b5866.s:327    .text.ov7670_destroy:00000000 ov7670_destroy
     /tmp/cc1b5866.s:344    .text.ov7670_destroy:00000008 $d
     /tmp/cc1b5866.s:349    .text.ov7670_check_link:00000000 $t
     /tmp/cc1b5866.s:355    .text.ov7670_check_link:00000000 ov7670_check_link
     /tmp/cc1b5866.s:451    .text.ov7670_check_link:00000050 $d
     /tmp/cc1b5866.s:456    .text.ov7670_reset:00000000 $t
     /tmp/cc1b5866.s:462    .text.ov7670_reset:00000000 ov7670_reset
     /tmp/cc1b5866.s:525    .text.ov7670_reset:00000034 $d
     /tmp/cc1b5866.s:530    .text.ov7670_start_capture:00000000 $t
     /tmp/cc1b5866.s:536    .text.ov7670_start_capture:00000000 ov7670_start_capture
     /tmp/cc1b5866.s:566    .text.ov7670_start_capture:0000001c $d
     /tmp/cc1b5866.s:1339   .bss.is_frame_captured:00000000 is_frame_captured
     /tmp/cc1b5866.s:1345   .bss.pixel_buffer:00000000 pixel_buffer
     /tmp/cc1b5866.s:573    .text.ov7670_frame_received:00000000 $t
     /tmp/cc1b5866.s:579    .text.ov7670_frame_received:00000000 ov7670_frame_received
     /tmp/cc1b5866.s:597    .text.ov7670_frame_received:00000008 $d
     /tmp/cc1b5866.s:602    .text.ov7670_send_captured_frame:00000000 $t
     /tmp/cc1b5866.s:608    .text.ov7670_send_captured_frame:00000000 ov7670_send_captured_frame
     /tmp/cc1b5866.s:649    .text.ov7670_send_captured_frame:0000001c $d
     /tmp/cc1b5866.s:656    .text.ov7670_set_test_pattern:00000000 $t
     /tmp/cc1b5866.s:662    .text.ov7670_set_test_pattern:00000000 ov7670_set_test_pattern
     /tmp/cc1b5866.s:802    .text.ov7670_set_test_pattern:00000068 $d
     /tmp/cc1b5866.s:809    .text.ov7670_set_rgb_format:00000000 $t
     /tmp/cc1b5866.s:815    .text.ov7670_set_rgb_format:00000000 ov7670_set_rgb_format
     /tmp/cc1b5866.s:1079   .text.ov7670_set_rgb_format:000000d0 $d
     /tmp/cc1b5866.s:1086   .text.ov7670_send_default_registers:00000000 $t
     /tmp/cc1b5866.s:1092   .text.ov7670_send_default_registers:00000000 ov7670_send_default_registers
     /tmp/cc1b5866.s:1145   .text.ov7670_get_captured_data:00000000 $t
     /tmp/cc1b5866.s:1151   .text.ov7670_get_captured_data:00000000 ov7670_get_captured_data
     /tmp/cc1b5866.s:1165   .text.ov7670_get_captured_data:00000004 $d
     /tmp/cc1b5866.s:1170   .text.ov7670_set_plck_prescalar:00000000 $t
     /tmp/cc1b5866.s:1176   .text.ov7670_set_plck_prescalar:00000000 ov7670_set_plck_prescalar
     /tmp/cc1b5866.s:1231   .text.ov7670_set_plck_prescalar:0000002c $d
     /tmp/cc1b5866.s:1236   .text.ov7670_set_qcif:00000000 $t
     /tmp/cc1b5866.s:1242   .text.ov7670_set_qcif:00000000 ov7670_set_qcif
     /tmp/cc1b5866.s:1326   .text.ov7670_set_qcif:00000048 $d
     /tmp/cc1b5866.s:1331   .bss.area:00000000 $d
ARM GAS  /tmp/cc1b5866.s 			page 34


     /tmp/cc1b5866.s:1340   .bss.is_frame_captured:00000000 $d
     /tmp/cc1b5866.s:1342   .bss.pixel_buffer:00000000 $d
     /tmp/cc1b5866.s:1348   .bss.i2c_io:00000000 $d

UNDEFINED SYMBOLS
HAL_I2C_Master_Transmit
HAL_I2C_Master_Receive
HAL_Delay
HAL_DCMI_Start_DMA
hdcmi
ili9341_tft_driver_draw_image
