ARM GAS  /tmp/ccb1UMpB.s 			page 1


   1              		.cpu cortex-m4
   2              		.arch armv7e-m
   3              		.fpu fpv4-sp-d16
   4              		.eabi_attribute 27, 1
   5              		.eabi_attribute 28, 1
   6              		.eabi_attribute 20, 1
   7              		.eabi_attribute 21, 1
   8              		.eabi_attribute 23, 3
   9              		.eabi_attribute 24, 1
  10              		.eabi_attribute 25, 1
  11              		.eabi_attribute 26, 1
  12              		.eabi_attribute 30, 1
  13              		.eabi_attribute 34, 1
  14              		.eabi_attribute 18, 4
  15              		.file	"stm32f4xx_hal_dcmi_ex.c"
  16              		.text
  17              	.Ltext0:
  18              		.cfi_sections	.debug_frame
  19              		.file 1 "Drivers/STM32F4xx_HAL_Driver/Src/stm32f4xx_hal_dcmi_ex.c"
  20              		.section	.text.HAL_DCMI_Init,"ax",%progbits
  21              		.align	1
  22              		.global	HAL_DCMI_Init
  23              		.syntax unified
  24              		.thumb
  25              		.thumb_func
  27              	HAL_DCMI_Init:
  28              	.LVL0:
  29              	.LFB130:
   1:Drivers/STM32F4xx_HAL_Driver/Src/stm32f4xx_hal_dcmi_ex.c **** /**
   2:Drivers/STM32F4xx_HAL_Driver/Src/stm32f4xx_hal_dcmi_ex.c ****   ******************************************************************************
   3:Drivers/STM32F4xx_HAL_Driver/Src/stm32f4xx_hal_dcmi_ex.c ****   * @file    stm32f4xx_hal_dcmi_ex.c
   4:Drivers/STM32F4xx_HAL_Driver/Src/stm32f4xx_hal_dcmi_ex.c ****   * @author  MCD Application Team
   5:Drivers/STM32F4xx_HAL_Driver/Src/stm32f4xx_hal_dcmi_ex.c ****   * @brief   DCMI Extension HAL module driver
   6:Drivers/STM32F4xx_HAL_Driver/Src/stm32f4xx_hal_dcmi_ex.c ****   *          This file provides firmware functions to manage the following
   7:Drivers/STM32F4xx_HAL_Driver/Src/stm32f4xx_hal_dcmi_ex.c ****   *          functionalities of DCMI extension peripheral:
   8:Drivers/STM32F4xx_HAL_Driver/Src/stm32f4xx_hal_dcmi_ex.c ****   *           + Extension features functions
   9:Drivers/STM32F4xx_HAL_Driver/Src/stm32f4xx_hal_dcmi_ex.c ****   *
  10:Drivers/STM32F4xx_HAL_Driver/Src/stm32f4xx_hal_dcmi_ex.c ****   ******************************************************************************
  11:Drivers/STM32F4xx_HAL_Driver/Src/stm32f4xx_hal_dcmi_ex.c ****   * @attention
  12:Drivers/STM32F4xx_HAL_Driver/Src/stm32f4xx_hal_dcmi_ex.c ****   *
  13:Drivers/STM32F4xx_HAL_Driver/Src/stm32f4xx_hal_dcmi_ex.c ****   * Copyright (c) 2017 STMicroelectronics.
  14:Drivers/STM32F4xx_HAL_Driver/Src/stm32f4xx_hal_dcmi_ex.c ****   * All rights reserved.
  15:Drivers/STM32F4xx_HAL_Driver/Src/stm32f4xx_hal_dcmi_ex.c ****   *
  16:Drivers/STM32F4xx_HAL_Driver/Src/stm32f4xx_hal_dcmi_ex.c ****   * This software is licensed under terms that can be found in the LICENSE file in
  17:Drivers/STM32F4xx_HAL_Driver/Src/stm32f4xx_hal_dcmi_ex.c ****   * the root directory of this software component.
  18:Drivers/STM32F4xx_HAL_Driver/Src/stm32f4xx_hal_dcmi_ex.c ****   * If no LICENSE file comes with this software, it is provided AS-IS.
  19:Drivers/STM32F4xx_HAL_Driver/Src/stm32f4xx_hal_dcmi_ex.c ****   ******************************************************************************
  20:Drivers/STM32F4xx_HAL_Driver/Src/stm32f4xx_hal_dcmi_ex.c ****   @verbatim
  21:Drivers/STM32F4xx_HAL_Driver/Src/stm32f4xx_hal_dcmi_ex.c ****   ==============================================================================
  22:Drivers/STM32F4xx_HAL_Driver/Src/stm32f4xx_hal_dcmi_ex.c ****                ##### DCMI peripheral extension features  #####
  23:Drivers/STM32F4xx_HAL_Driver/Src/stm32f4xx_hal_dcmi_ex.c ****   ==============================================================================
  24:Drivers/STM32F4xx_HAL_Driver/Src/stm32f4xx_hal_dcmi_ex.c **** 
  25:Drivers/STM32F4xx_HAL_Driver/Src/stm32f4xx_hal_dcmi_ex.c ****   [..] Comparing to other previous devices, the DCMI interface for STM32F446xx
  26:Drivers/STM32F4xx_HAL_Driver/Src/stm32f4xx_hal_dcmi_ex.c ****        devices contains the following additional features :
  27:Drivers/STM32F4xx_HAL_Driver/Src/stm32f4xx_hal_dcmi_ex.c **** 
  28:Drivers/STM32F4xx_HAL_Driver/Src/stm32f4xx_hal_dcmi_ex.c ****        (+) Support of Black and White cameras
  29:Drivers/STM32F4xx_HAL_Driver/Src/stm32f4xx_hal_dcmi_ex.c **** 
ARM GAS  /tmp/ccb1UMpB.s 			page 2


  30:Drivers/STM32F4xx_HAL_Driver/Src/stm32f4xx_hal_dcmi_ex.c ****                      ##### How to use this driver #####
  31:Drivers/STM32F4xx_HAL_Driver/Src/stm32f4xx_hal_dcmi_ex.c ****   ==============================================================================
  32:Drivers/STM32F4xx_HAL_Driver/Src/stm32f4xx_hal_dcmi_ex.c ****   [..] This driver provides functions to manage the Black and White feature
  33:Drivers/STM32F4xx_HAL_Driver/Src/stm32f4xx_hal_dcmi_ex.c **** 
  34:Drivers/STM32F4xx_HAL_Driver/Src/stm32f4xx_hal_dcmi_ex.c ****   @endverbatim
  35:Drivers/STM32F4xx_HAL_Driver/Src/stm32f4xx_hal_dcmi_ex.c ****   ******************************************************************************
  36:Drivers/STM32F4xx_HAL_Driver/Src/stm32f4xx_hal_dcmi_ex.c ****   */
  37:Drivers/STM32F4xx_HAL_Driver/Src/stm32f4xx_hal_dcmi_ex.c **** 
  38:Drivers/STM32F4xx_HAL_Driver/Src/stm32f4xx_hal_dcmi_ex.c **** /* Includes ------------------------------------------------------------------*/
  39:Drivers/STM32F4xx_HAL_Driver/Src/stm32f4xx_hal_dcmi_ex.c **** #include "stm32f4xx_hal.h"
  40:Drivers/STM32F4xx_HAL_Driver/Src/stm32f4xx_hal_dcmi_ex.c **** 
  41:Drivers/STM32F4xx_HAL_Driver/Src/stm32f4xx_hal_dcmi_ex.c **** /** @addtogroup STM32F4xx_HAL_Driver
  42:Drivers/STM32F4xx_HAL_Driver/Src/stm32f4xx_hal_dcmi_ex.c ****   * @{
  43:Drivers/STM32F4xx_HAL_Driver/Src/stm32f4xx_hal_dcmi_ex.c ****   */
  44:Drivers/STM32F4xx_HAL_Driver/Src/stm32f4xx_hal_dcmi_ex.c **** /** @defgroup DCMIEx DCMIEx
  45:Drivers/STM32F4xx_HAL_Driver/Src/stm32f4xx_hal_dcmi_ex.c ****   * @brief DCMI Extended HAL module driver
  46:Drivers/STM32F4xx_HAL_Driver/Src/stm32f4xx_hal_dcmi_ex.c ****   * @{
  47:Drivers/STM32F4xx_HAL_Driver/Src/stm32f4xx_hal_dcmi_ex.c ****   */
  48:Drivers/STM32F4xx_HAL_Driver/Src/stm32f4xx_hal_dcmi_ex.c **** 
  49:Drivers/STM32F4xx_HAL_Driver/Src/stm32f4xx_hal_dcmi_ex.c **** #ifdef HAL_DCMI_MODULE_ENABLED
  50:Drivers/STM32F4xx_HAL_Driver/Src/stm32f4xx_hal_dcmi_ex.c **** 
  51:Drivers/STM32F4xx_HAL_Driver/Src/stm32f4xx_hal_dcmi_ex.c **** #if defined(STM32F407xx) || defined(STM32F417xx) || defined(STM32F427xx) || defined(STM32F437xx) ||
  52:Drivers/STM32F4xx_HAL_Driver/Src/stm32f4xx_hal_dcmi_ex.c ****     defined(STM32F439xx) || defined(STM32F446xx) || defined(STM32F469xx) || defined(STM32F479xx)
  53:Drivers/STM32F4xx_HAL_Driver/Src/stm32f4xx_hal_dcmi_ex.c **** /* Private typedef -----------------------------------------------------------*/
  54:Drivers/STM32F4xx_HAL_Driver/Src/stm32f4xx_hal_dcmi_ex.c **** /* Private define ------------------------------------------------------------*/
  55:Drivers/STM32F4xx_HAL_Driver/Src/stm32f4xx_hal_dcmi_ex.c **** /* Private macro -------------------------------------------------------------*/
  56:Drivers/STM32F4xx_HAL_Driver/Src/stm32f4xx_hal_dcmi_ex.c **** /* Private variables ---------------------------------------------------------*/
  57:Drivers/STM32F4xx_HAL_Driver/Src/stm32f4xx_hal_dcmi_ex.c **** /* Private function prototypes -----------------------------------------------*/
  58:Drivers/STM32F4xx_HAL_Driver/Src/stm32f4xx_hal_dcmi_ex.c **** /* Exported functions --------------------------------------------------------*/
  59:Drivers/STM32F4xx_HAL_Driver/Src/stm32f4xx_hal_dcmi_ex.c **** 
  60:Drivers/STM32F4xx_HAL_Driver/Src/stm32f4xx_hal_dcmi_ex.c **** /** @defgroup DCMIEx_Exported_Functions DCMI Extended Exported Functions
  61:Drivers/STM32F4xx_HAL_Driver/Src/stm32f4xx_hal_dcmi_ex.c ****   * @{
  62:Drivers/STM32F4xx_HAL_Driver/Src/stm32f4xx_hal_dcmi_ex.c ****   */
  63:Drivers/STM32F4xx_HAL_Driver/Src/stm32f4xx_hal_dcmi_ex.c **** 
  64:Drivers/STM32F4xx_HAL_Driver/Src/stm32f4xx_hal_dcmi_ex.c **** /**
  65:Drivers/STM32F4xx_HAL_Driver/Src/stm32f4xx_hal_dcmi_ex.c ****   * @}
  66:Drivers/STM32F4xx_HAL_Driver/Src/stm32f4xx_hal_dcmi_ex.c ****   */
  67:Drivers/STM32F4xx_HAL_Driver/Src/stm32f4xx_hal_dcmi_ex.c **** 
  68:Drivers/STM32F4xx_HAL_Driver/Src/stm32f4xx_hal_dcmi_ex.c **** /** @addtogroup DCMI_Exported_Functions_Group1 Initialization and Configuration functions
  69:Drivers/STM32F4xx_HAL_Driver/Src/stm32f4xx_hal_dcmi_ex.c ****   * @{
  70:Drivers/STM32F4xx_HAL_Driver/Src/stm32f4xx_hal_dcmi_ex.c ****   */
  71:Drivers/STM32F4xx_HAL_Driver/Src/stm32f4xx_hal_dcmi_ex.c **** 
  72:Drivers/STM32F4xx_HAL_Driver/Src/stm32f4xx_hal_dcmi_ex.c **** /**
  73:Drivers/STM32F4xx_HAL_Driver/Src/stm32f4xx_hal_dcmi_ex.c ****   * @brief  Initializes the DCMI according to the specified
  74:Drivers/STM32F4xx_HAL_Driver/Src/stm32f4xx_hal_dcmi_ex.c ****   *         parameters in the DCMI_InitTypeDef and create the associated handle.
  75:Drivers/STM32F4xx_HAL_Driver/Src/stm32f4xx_hal_dcmi_ex.c ****   * @param  hdcmi pointer to a DCMI_HandleTypeDef structure that contains
  76:Drivers/STM32F4xx_HAL_Driver/Src/stm32f4xx_hal_dcmi_ex.c ****   *                the configuration information for DCMI.
  77:Drivers/STM32F4xx_HAL_Driver/Src/stm32f4xx_hal_dcmi_ex.c ****   * @retval HAL status
  78:Drivers/STM32F4xx_HAL_Driver/Src/stm32f4xx_hal_dcmi_ex.c ****   */
  79:Drivers/STM32F4xx_HAL_Driver/Src/stm32f4xx_hal_dcmi_ex.c **** HAL_StatusTypeDef HAL_DCMI_Init(DCMI_HandleTypeDef *hdcmi)
  80:Drivers/STM32F4xx_HAL_Driver/Src/stm32f4xx_hal_dcmi_ex.c **** {
  30              		.loc 1 80 1 view -0
  31              		.cfi_startproc
  32              		@ args = 0, pretend = 0, frame = 0
  33              		@ frame_needed = 0, uses_anonymous_args = 0
  81:Drivers/STM32F4xx_HAL_Driver/Src/stm32f4xx_hal_dcmi_ex.c ****   /* Check the DCMI peripheral state */
  82:Drivers/STM32F4xx_HAL_Driver/Src/stm32f4xx_hal_dcmi_ex.c ****   if(hdcmi == NULL)
ARM GAS  /tmp/ccb1UMpB.s 			page 3


  34              		.loc 1 82 3 view .LVU1
  35              		.loc 1 82 5 is_stmt 0 view .LVU2
  36 0000 0028     		cmp	r0, #0
  37 0002 40D0     		beq	.L5
  80:Drivers/STM32F4xx_HAL_Driver/Src/stm32f4xx_hal_dcmi_ex.c ****   /* Check the DCMI peripheral state */
  38              		.loc 1 80 1 view .LVU3
  39 0004 10B5     		push	{r4, lr}
  40              	.LCFI0:
  41              		.cfi_def_cfa_offset 8
  42              		.cfi_offset 4, -8
  43              		.cfi_offset 14, -4
  44 0006 0446     		mov	r4, r0
  83:Drivers/STM32F4xx_HAL_Driver/Src/stm32f4xx_hal_dcmi_ex.c ****   {
  84:Drivers/STM32F4xx_HAL_Driver/Src/stm32f4xx_hal_dcmi_ex.c ****      return HAL_ERROR;
  85:Drivers/STM32F4xx_HAL_Driver/Src/stm32f4xx_hal_dcmi_ex.c ****   }
  86:Drivers/STM32F4xx_HAL_Driver/Src/stm32f4xx_hal_dcmi_ex.c **** 
  87:Drivers/STM32F4xx_HAL_Driver/Src/stm32f4xx_hal_dcmi_ex.c ****   /* Check function parameters */
  88:Drivers/STM32F4xx_HAL_Driver/Src/stm32f4xx_hal_dcmi_ex.c ****   assert_param(IS_DCMI_ALL_INSTANCE(hdcmi->Instance));
  45              		.loc 1 88 3 is_stmt 1 view .LVU4
  89:Drivers/STM32F4xx_HAL_Driver/Src/stm32f4xx_hal_dcmi_ex.c ****   assert_param(IS_DCMI_PCKPOLARITY(hdcmi->Init.PCKPolarity));
  46              		.loc 1 89 3 view .LVU5
  90:Drivers/STM32F4xx_HAL_Driver/Src/stm32f4xx_hal_dcmi_ex.c ****   assert_param(IS_DCMI_VSPOLARITY(hdcmi->Init.VSPolarity));
  47              		.loc 1 90 3 view .LVU6
  91:Drivers/STM32F4xx_HAL_Driver/Src/stm32f4xx_hal_dcmi_ex.c ****   assert_param(IS_DCMI_HSPOLARITY(hdcmi->Init.HSPolarity));
  48              		.loc 1 91 3 view .LVU7
  92:Drivers/STM32F4xx_HAL_Driver/Src/stm32f4xx_hal_dcmi_ex.c ****   assert_param(IS_DCMI_SYNCHRO(hdcmi->Init.SynchroMode));
  49              		.loc 1 92 3 view .LVU8
  93:Drivers/STM32F4xx_HAL_Driver/Src/stm32f4xx_hal_dcmi_ex.c ****   assert_param(IS_DCMI_CAPTURE_RATE(hdcmi->Init.CaptureRate));
  50              		.loc 1 93 3 view .LVU9
  94:Drivers/STM32F4xx_HAL_Driver/Src/stm32f4xx_hal_dcmi_ex.c ****   assert_param(IS_DCMI_EXTENDED_DATA(hdcmi->Init.ExtendedDataMode));
  51              		.loc 1 94 3 view .LVU10
  95:Drivers/STM32F4xx_HAL_Driver/Src/stm32f4xx_hal_dcmi_ex.c ****   assert_param(IS_DCMI_MODE_JPEG(hdcmi->Init.JPEGMode));
  52              		.loc 1 95 3 view .LVU11
  96:Drivers/STM32F4xx_HAL_Driver/Src/stm32f4xx_hal_dcmi_ex.c **** #if defined(STM32F446xx) || defined(STM32F469xx) || defined(STM32F479xx)
  97:Drivers/STM32F4xx_HAL_Driver/Src/stm32f4xx_hal_dcmi_ex.c ****   assert_param(IS_DCMI_BYTE_SELECT_MODE(hdcmi->Init.ByteSelectMode));
  98:Drivers/STM32F4xx_HAL_Driver/Src/stm32f4xx_hal_dcmi_ex.c ****   assert_param(IS_DCMI_BYTE_SELECT_START(hdcmi->Init.ByteSelectStart));
  99:Drivers/STM32F4xx_HAL_Driver/Src/stm32f4xx_hal_dcmi_ex.c ****   assert_param(IS_DCMI_LINE_SELECT_MODE(hdcmi->Init.LineSelectMode));
 100:Drivers/STM32F4xx_HAL_Driver/Src/stm32f4xx_hal_dcmi_ex.c ****   assert_param(IS_DCMI_LINE_SELECT_START(hdcmi->Init.LineSelectStart));
 101:Drivers/STM32F4xx_HAL_Driver/Src/stm32f4xx_hal_dcmi_ex.c **** #endif /* STM32F446xx || STM32F469xx || STM32F479xx */
 102:Drivers/STM32F4xx_HAL_Driver/Src/stm32f4xx_hal_dcmi_ex.c ****   if(hdcmi->State == HAL_DCMI_STATE_RESET)
  53              		.loc 1 102 3 view .LVU12
  54              		.loc 1 102 11 is_stmt 0 view .LVU13
  55 0008 90F82530 		ldrb	r3, [r0, #37]	@ zero_extendqisi2
  56              		.loc 1 102 5 view .LVU14
  57 000c 33B3     		cbz	r3, .L10
  58              	.LVL1:
  59              	.L3:
 103:Drivers/STM32F4xx_HAL_Driver/Src/stm32f4xx_hal_dcmi_ex.c ****   {
 104:Drivers/STM32F4xx_HAL_Driver/Src/stm32f4xx_hal_dcmi_ex.c ****     /* Allocate lock resource and initialize it */
 105:Drivers/STM32F4xx_HAL_Driver/Src/stm32f4xx_hal_dcmi_ex.c ****     hdcmi->Lock = HAL_UNLOCKED;
 106:Drivers/STM32F4xx_HAL_Driver/Src/stm32f4xx_hal_dcmi_ex.c ****     /* Init the low level hardware */
 107:Drivers/STM32F4xx_HAL_Driver/Src/stm32f4xx_hal_dcmi_ex.c ****   /* Init the DCMI Callback settings */
 108:Drivers/STM32F4xx_HAL_Driver/Src/stm32f4xx_hal_dcmi_ex.c **** #if (USE_HAL_DCMI_REGISTER_CALLBACKS == 1)
 109:Drivers/STM32F4xx_HAL_Driver/Src/stm32f4xx_hal_dcmi_ex.c ****     hdcmi->FrameEventCallback = HAL_DCMI_FrameEventCallback; /* Legacy weak FrameEventCallback  */
 110:Drivers/STM32F4xx_HAL_Driver/Src/stm32f4xx_hal_dcmi_ex.c ****     hdcmi->VsyncEventCallback = HAL_DCMI_VsyncEventCallback; /* Legacy weak VsyncEventCallback  */
 111:Drivers/STM32F4xx_HAL_Driver/Src/stm32f4xx_hal_dcmi_ex.c ****     hdcmi->LineEventCallback  = HAL_DCMI_LineEventCallback;  /* Legacy weak LineEventCallback   */
 112:Drivers/STM32F4xx_HAL_Driver/Src/stm32f4xx_hal_dcmi_ex.c ****     hdcmi->ErrorCallback      = HAL_DCMI_ErrorCallback;      /* Legacy weak ErrorCallback       */
ARM GAS  /tmp/ccb1UMpB.s 			page 4


 113:Drivers/STM32F4xx_HAL_Driver/Src/stm32f4xx_hal_dcmi_ex.c **** 
 114:Drivers/STM32F4xx_HAL_Driver/Src/stm32f4xx_hal_dcmi_ex.c ****     if(hdcmi->MspInitCallback == NULL)
 115:Drivers/STM32F4xx_HAL_Driver/Src/stm32f4xx_hal_dcmi_ex.c ****     {
 116:Drivers/STM32F4xx_HAL_Driver/Src/stm32f4xx_hal_dcmi_ex.c ****       /* Legacy weak MspInit Callback        */
 117:Drivers/STM32F4xx_HAL_Driver/Src/stm32f4xx_hal_dcmi_ex.c ****       hdcmi->MspInitCallback = HAL_DCMI_MspInit;
 118:Drivers/STM32F4xx_HAL_Driver/Src/stm32f4xx_hal_dcmi_ex.c ****     }
 119:Drivers/STM32F4xx_HAL_Driver/Src/stm32f4xx_hal_dcmi_ex.c ****     /* Initialize the low level hardware (MSP) */
 120:Drivers/STM32F4xx_HAL_Driver/Src/stm32f4xx_hal_dcmi_ex.c ****     hdcmi->MspInitCallback(hdcmi);
 121:Drivers/STM32F4xx_HAL_Driver/Src/stm32f4xx_hal_dcmi_ex.c **** #else
 122:Drivers/STM32F4xx_HAL_Driver/Src/stm32f4xx_hal_dcmi_ex.c ****     /* Init the low level hardware : GPIO, CLOCK, NVIC and DMA */
 123:Drivers/STM32F4xx_HAL_Driver/Src/stm32f4xx_hal_dcmi_ex.c ****     HAL_DCMI_MspInit(hdcmi);
 124:Drivers/STM32F4xx_HAL_Driver/Src/stm32f4xx_hal_dcmi_ex.c **** #endif /* (USE_HAL_DCMI_REGISTER_CALLBACKS) */
 125:Drivers/STM32F4xx_HAL_Driver/Src/stm32f4xx_hal_dcmi_ex.c ****     HAL_DCMI_MspInit(hdcmi);
 126:Drivers/STM32F4xx_HAL_Driver/Src/stm32f4xx_hal_dcmi_ex.c ****   }
 127:Drivers/STM32F4xx_HAL_Driver/Src/stm32f4xx_hal_dcmi_ex.c **** 
 128:Drivers/STM32F4xx_HAL_Driver/Src/stm32f4xx_hal_dcmi_ex.c ****   /* Change the DCMI state */
 129:Drivers/STM32F4xx_HAL_Driver/Src/stm32f4xx_hal_dcmi_ex.c ****   hdcmi->State = HAL_DCMI_STATE_BUSY;
  60              		.loc 1 129 3 is_stmt 1 view .LVU15
  61              		.loc 1 129 16 is_stmt 0 view .LVU16
  62 000e 0223     		movs	r3, #2
  63 0010 84F82530 		strb	r3, [r4, #37]
 130:Drivers/STM32F4xx_HAL_Driver/Src/stm32f4xx_hal_dcmi_ex.c ****                           /* Configures the HS, VS, DE and PC polarity */
 131:Drivers/STM32F4xx_HAL_Driver/Src/stm32f4xx_hal_dcmi_ex.c ****   hdcmi->Instance->CR &= ~(DCMI_CR_PCKPOL | DCMI_CR_HSPOL  | DCMI_CR_VSPOL  | DCMI_CR_EDM_0 |\
  64              		.loc 1 131 3 is_stmt 1 view .LVU17
  65              		.loc 1 131 8 is_stmt 0 view .LVU18
  66 0014 2268     		ldr	r2, [r4]
  67              		.loc 1 131 18 view .LVU19
  68 0016 1368     		ldr	r3, [r2]
  69              		.loc 1 131 23 view .LVU20
  70 0018 6FF3CB03 		bfc	r3, #3, #9
  71 001c 1360     		str	r3, [r2]
 132:Drivers/STM32F4xx_HAL_Driver/Src/stm32f4xx_hal_dcmi_ex.c ****                            DCMI_CR_EDM_1  | DCMI_CR_FCRC_0 | DCMI_CR_FCRC_1 | DCMI_CR_JPEG  |\
 133:Drivers/STM32F4xx_HAL_Driver/Src/stm32f4xx_hal_dcmi_ex.c ****                            DCMI_CR_ESS
 134:Drivers/STM32F4xx_HAL_Driver/Src/stm32f4xx_hal_dcmi_ex.c **** #if defined(STM32F446xx) || defined(STM32F469xx) || defined(STM32F479xx)
 135:Drivers/STM32F4xx_HAL_Driver/Src/stm32f4xx_hal_dcmi_ex.c ****                            | DCMI_CR_BSM_0 | DCMI_CR_BSM_1 | DCMI_CR_OEBS |\
 136:Drivers/STM32F4xx_HAL_Driver/Src/stm32f4xx_hal_dcmi_ex.c ****                            DCMI_CR_LSM | DCMI_CR_OELS
 137:Drivers/STM32F4xx_HAL_Driver/Src/stm32f4xx_hal_dcmi_ex.c **** #endif /* STM32F446xx || STM32F469xx || STM32F479xx */
 138:Drivers/STM32F4xx_HAL_Driver/Src/stm32f4xx_hal_dcmi_ex.c ****                            );
 139:Drivers/STM32F4xx_HAL_Driver/Src/stm32f4xx_hal_dcmi_ex.c ****   hdcmi->Instance->CR |=  (uint32_t)(hdcmi->Init.SynchroMode | hdcmi->Init.CaptureRate |\
  72              		.loc 1 139 3 is_stmt 1 view .LVU21
  73              		.loc 1 139 8 is_stmt 0 view .LVU22
  74 001e 2168     		ldr	r1, [r4]
  75              		.loc 1 139 18 view .LVU23
  76 0020 0A68     		ldr	r2, [r1]
  77              		.loc 1 139 49 view .LVU24
  78 0022 6368     		ldr	r3, [r4, #4]
  79              		.loc 1 139 75 view .LVU25
  80 0024 6069     		ldr	r0, [r4, #20]
  81              		.loc 1 139 62 view .LVU26
  82 0026 0343     		orrs	r3, r3, r0
 140:Drivers/STM32F4xx_HAL_Driver/Src/stm32f4xx_hal_dcmi_ex.c ****                                      hdcmi->Init.VSPolarity  | hdcmi->Init.HSPolarity  |\
  83              		.loc 1 140 49 view .LVU27
  84 0028 E068     		ldr	r0, [r4, #12]
 139:Drivers/STM32F4xx_HAL_Driver/Src/stm32f4xx_hal_dcmi_ex.c ****                                      hdcmi->Init.VSPolarity  | hdcmi->Init.HSPolarity  |\
  85              		.loc 1 139 88 view .LVU28
  86 002a 0343     		orrs	r3, r3, r0
  87              		.loc 1 140 75 view .LVU29
ARM GAS  /tmp/ccb1UMpB.s 			page 5


  88 002c 2069     		ldr	r0, [r4, #16]
  89              		.loc 1 140 62 view .LVU30
  90 002e 0343     		orrs	r3, r3, r0
 141:Drivers/STM32F4xx_HAL_Driver/Src/stm32f4xx_hal_dcmi_ex.c ****                                      hdcmi->Init.PCKPolarity | hdcmi->Init.ExtendedDataMode |\
  91              		.loc 1 141 49 view .LVU31
  92 0030 A068     		ldr	r0, [r4, #8]
 140:Drivers/STM32F4xx_HAL_Driver/Src/stm32f4xx_hal_dcmi_ex.c ****                                      hdcmi->Init.VSPolarity  | hdcmi->Init.HSPolarity  |\
  93              		.loc 1 140 88 view .LVU32
  94 0032 0343     		orrs	r3, r3, r0
  95              		.loc 1 141 75 view .LVU33
  96 0034 A069     		ldr	r0, [r4, #24]
  97              		.loc 1 141 62 view .LVU34
  98 0036 0343     		orrs	r3, r3, r0
 142:Drivers/STM32F4xx_HAL_Driver/Src/stm32f4xx_hal_dcmi_ex.c ****                                      hdcmi->Init.JPEGMode
  99              		.loc 1 142 49 view .LVU35
 100 0038 206A     		ldr	r0, [r4, #32]
 141:Drivers/STM32F4xx_HAL_Driver/Src/stm32f4xx_hal_dcmi_ex.c ****                                      hdcmi->Init.PCKPolarity | hdcmi->Init.ExtendedDataMode |\
 101              		.loc 1 141 93 view .LVU36
 102 003a 0343     		orrs	r3, r3, r0
 139:Drivers/STM32F4xx_HAL_Driver/Src/stm32f4xx_hal_dcmi_ex.c ****                                      hdcmi->Init.VSPolarity  | hdcmi->Init.HSPolarity  |\
 103              		.loc 1 139 23 view .LVU37
 104 003c 1343     		orrs	r3, r3, r2
 105 003e 0B60     		str	r3, [r1]
 143:Drivers/STM32F4xx_HAL_Driver/Src/stm32f4xx_hal_dcmi_ex.c **** #if defined(STM32F446xx) || defined(STM32F469xx) || defined(STM32F479xx)
 144:Drivers/STM32F4xx_HAL_Driver/Src/stm32f4xx_hal_dcmi_ex.c ****                                      | hdcmi->Init.ByteSelectMode |\
 145:Drivers/STM32F4xx_HAL_Driver/Src/stm32f4xx_hal_dcmi_ex.c ****                                      hdcmi->Init.ByteSelectStart | hdcmi->Init.LineSelectMode |\
 146:Drivers/STM32F4xx_HAL_Driver/Src/stm32f4xx_hal_dcmi_ex.c ****                                      hdcmi->Init.LineSelectStart
 147:Drivers/STM32F4xx_HAL_Driver/Src/stm32f4xx_hal_dcmi_ex.c **** #endif /* STM32F446xx || STM32F469xx || STM32F479xx */
 148:Drivers/STM32F4xx_HAL_Driver/Src/stm32f4xx_hal_dcmi_ex.c ****                                      );
 149:Drivers/STM32F4xx_HAL_Driver/Src/stm32f4xx_hal_dcmi_ex.c ****   if(hdcmi->Init.SynchroMode == DCMI_SYNCHRO_EMBEDDED)
 106              		.loc 1 149 3 is_stmt 1 view .LVU38
 107              		.loc 1 149 17 is_stmt 0 view .LVU39
 108 0040 6368     		ldr	r3, [r4, #4]
 109              		.loc 1 149 5 view .LVU40
 110 0042 102B     		cmp	r3, #16
 111 0044 12D0     		beq	.L11
 112              	.L4:
 150:Drivers/STM32F4xx_HAL_Driver/Src/stm32f4xx_hal_dcmi_ex.c ****   {
 151:Drivers/STM32F4xx_HAL_Driver/Src/stm32f4xx_hal_dcmi_ex.c ****     hdcmi->Instance->ESCR = (((uint32_t)hdcmi->Init.SyncroCode.FrameStartCode)    |
 152:Drivers/STM32F4xx_HAL_Driver/Src/stm32f4xx_hal_dcmi_ex.c ****                              ((uint32_t)hdcmi->Init.SyncroCode.LineStartCode << DCMI_POSITION_ESCR_
 153:Drivers/STM32F4xx_HAL_Driver/Src/stm32f4xx_hal_dcmi_ex.c ****                              ((uint32_t)hdcmi->Init.SyncroCode.LineEndCode << DCMI_POSITION_ESCR_LE
 154:Drivers/STM32F4xx_HAL_Driver/Src/stm32f4xx_hal_dcmi_ex.c ****                              ((uint32_t)hdcmi->Init.SyncroCode.FrameEndCode << DCMI_POSITION_ESCR_F
 155:Drivers/STM32F4xx_HAL_Driver/Src/stm32f4xx_hal_dcmi_ex.c **** 
 156:Drivers/STM32F4xx_HAL_Driver/Src/stm32f4xx_hal_dcmi_ex.c ****   }
 157:Drivers/STM32F4xx_HAL_Driver/Src/stm32f4xx_hal_dcmi_ex.c **** 
 158:Drivers/STM32F4xx_HAL_Driver/Src/stm32f4xx_hal_dcmi_ex.c ****   /* Enable the Line, Vsync, Error and Overrun interrupts */
 159:Drivers/STM32F4xx_HAL_Driver/Src/stm32f4xx_hal_dcmi_ex.c ****   __HAL_DCMI_ENABLE_IT(hdcmi, DCMI_IT_LINE | DCMI_IT_VSYNC | DCMI_IT_ERR | DCMI_IT_OVR);
 113              		.loc 1 159 3 is_stmt 1 view .LVU41
 114 0046 2268     		ldr	r2, [r4]
 115 0048 D368     		ldr	r3, [r2, #12]
 116 004a 43F01E03 		orr	r3, r3, #30
 117 004e D360     		str	r3, [r2, #12]
 160:Drivers/STM32F4xx_HAL_Driver/Src/stm32f4xx_hal_dcmi_ex.c **** 
 161:Drivers/STM32F4xx_HAL_Driver/Src/stm32f4xx_hal_dcmi_ex.c ****   /* Update error code */
 162:Drivers/STM32F4xx_HAL_Driver/Src/stm32f4xx_hal_dcmi_ex.c ****   hdcmi->ErrorCode = HAL_DCMI_ERROR_NONE;
 118              		.loc 1 162 3 view .LVU42
 119              		.loc 1 162 20 is_stmt 0 view .LVU43
ARM GAS  /tmp/ccb1UMpB.s 			page 6


 120 0050 0020     		movs	r0, #0
 121 0052 E063     		str	r0, [r4, #60]
 163:Drivers/STM32F4xx_HAL_Driver/Src/stm32f4xx_hal_dcmi_ex.c **** 
 164:Drivers/STM32F4xx_HAL_Driver/Src/stm32f4xx_hal_dcmi_ex.c ****   /* Initialize the DCMI state*/
 165:Drivers/STM32F4xx_HAL_Driver/Src/stm32f4xx_hal_dcmi_ex.c ****   hdcmi->State  = HAL_DCMI_STATE_READY;
 122              		.loc 1 165 3 is_stmt 1 view .LVU44
 123              		.loc 1 165 17 is_stmt 0 view .LVU45
 124 0054 0123     		movs	r3, #1
 125 0056 84F82530 		strb	r3, [r4, #37]
 166:Drivers/STM32F4xx_HAL_Driver/Src/stm32f4xx_hal_dcmi_ex.c **** 
 167:Drivers/STM32F4xx_HAL_Driver/Src/stm32f4xx_hal_dcmi_ex.c ****   return HAL_OK;
 126              		.loc 1 167 3 is_stmt 1 view .LVU46
 168:Drivers/STM32F4xx_HAL_Driver/Src/stm32f4xx_hal_dcmi_ex.c **** }
 127              		.loc 1 168 1 is_stmt 0 view .LVU47
 128 005a 10BD     		pop	{r4, pc}
 129              	.LVL2:
 130              	.L10:
 105:Drivers/STM32F4xx_HAL_Driver/Src/stm32f4xx_hal_dcmi_ex.c ****     /* Init the low level hardware */
 131              		.loc 1 105 5 is_stmt 1 view .LVU48
 105:Drivers/STM32F4xx_HAL_Driver/Src/stm32f4xx_hal_dcmi_ex.c ****     /* Init the low level hardware */
 132              		.loc 1 105 17 is_stmt 0 view .LVU49
 133 005c 80F82430 		strb	r3, [r0, #36]
 123:Drivers/STM32F4xx_HAL_Driver/Src/stm32f4xx_hal_dcmi_ex.c **** #endif /* (USE_HAL_DCMI_REGISTER_CALLBACKS) */
 134              		.loc 1 123 5 is_stmt 1 view .LVU50
 135 0060 FFF7FEFF 		bl	HAL_DCMI_MspInit
 136              	.LVL3:
 125:Drivers/STM32F4xx_HAL_Driver/Src/stm32f4xx_hal_dcmi_ex.c ****   }
 137              		.loc 1 125 5 view .LVU51
 138 0064 2046     		mov	r0, r4
 139 0066 FFF7FEFF 		bl	HAL_DCMI_MspInit
 140              	.LVL4:
 141 006a D0E7     		b	.L3
 142              	.L11:
 151:Drivers/STM32F4xx_HAL_Driver/Src/stm32f4xx_hal_dcmi_ex.c ****                              ((uint32_t)hdcmi->Init.SyncroCode.LineStartCode << DCMI_POSITION_ESCR_
 143              		.loc 1 151 5 view .LVU52
 151:Drivers/STM32F4xx_HAL_Driver/Src/stm32f4xx_hal_dcmi_ex.c ****                              ((uint32_t)hdcmi->Init.SyncroCode.LineStartCode << DCMI_POSITION_ESCR_
 144              		.loc 1 151 63 is_stmt 0 view .LVU53
 145 006c 237F     		ldrb	r3, [r4, #28]	@ zero_extendqisi2
 152:Drivers/STM32F4xx_HAL_Driver/Src/stm32f4xx_hal_dcmi_ex.c ****                              ((uint32_t)hdcmi->Init.SyncroCode.LineEndCode << DCMI_POSITION_ESCR_LE
 146              		.loc 1 152 63 view .LVU54
 147 006e 627F     		ldrb	r2, [r4, #29]	@ zero_extendqisi2
 151:Drivers/STM32F4xx_HAL_Driver/Src/stm32f4xx_hal_dcmi_ex.c ****                              ((uint32_t)hdcmi->Init.SyncroCode.LineStartCode << DCMI_POSITION_ESCR_
 148              		.loc 1 151 83 view .LVU55
 149 0070 43EA0223 		orr	r3, r3, r2, lsl #8
 153:Drivers/STM32F4xx_HAL_Driver/Src/stm32f4xx_hal_dcmi_ex.c ****                              ((uint32_t)hdcmi->Init.SyncroCode.FrameEndCode << DCMI_POSITION_ESCR_F
 150              		.loc 1 153 63 view .LVU56
 151 0074 A27F     		ldrb	r2, [r4, #30]	@ zero_extendqisi2
 152:Drivers/STM32F4xx_HAL_Driver/Src/stm32f4xx_hal_dcmi_ex.c ****                              ((uint32_t)hdcmi->Init.SyncroCode.LineEndCode << DCMI_POSITION_ESCR_LE
 152              		.loc 1 152 104 view .LVU57
 153 0076 43EA0243 		orr	r3, r3, r2, lsl #16
 154:Drivers/STM32F4xx_HAL_Driver/Src/stm32f4xx_hal_dcmi_ex.c **** 
 154              		.loc 1 154 63 view .LVU58
 155 007a E17F     		ldrb	r1, [r4, #31]	@ zero_extendqisi2
 151:Drivers/STM32F4xx_HAL_Driver/Src/stm32f4xx_hal_dcmi_ex.c ****                              ((uint32_t)hdcmi->Init.SyncroCode.LineStartCode << DCMI_POSITION_ESCR_
 156              		.loc 1 151 10 view .LVU59
 157 007c 2268     		ldr	r2, [r4]
 153:Drivers/STM32F4xx_HAL_Driver/Src/stm32f4xx_hal_dcmi_ex.c ****                              ((uint32_t)hdcmi->Init.SyncroCode.FrameEndCode << DCMI_POSITION_ESCR_F
ARM GAS  /tmp/ccb1UMpB.s 			page 7


 158              		.loc 1 153 103 view .LVU60
 159 007e 43EA0163 		orr	r3, r3, r1, lsl #24
 151:Drivers/STM32F4xx_HAL_Driver/Src/stm32f4xx_hal_dcmi_ex.c ****                              ((uint32_t)hdcmi->Init.SyncroCode.LineStartCode << DCMI_POSITION_ESCR_
 160              		.loc 1 151 27 view .LVU61
 161 0082 9361     		str	r3, [r2, #24]
 162 0084 DFE7     		b	.L4
 163              	.LVL5:
 164              	.L5:
 165              	.LCFI1:
 166              		.cfi_def_cfa_offset 0
 167              		.cfi_restore 4
 168              		.cfi_restore 14
  84:Drivers/STM32F4xx_HAL_Driver/Src/stm32f4xx_hal_dcmi_ex.c ****   }
 169              		.loc 1 84 13 view .LVU62
 170 0086 0120     		movs	r0, #1
 171              	.LVL6:
 172              		.loc 1 168 1 view .LVU63
 173 0088 7047     		bx	lr
 174              		.cfi_endproc
 175              	.LFE130:
 177              		.text
 178              	.Letext0:
 179              		.file 2 "/usr/src/arm-gnu-toolchain-13.3/arm-none-eabi/include/machine/_default_types.h"
 180              		.file 3 "/usr/src/arm-gnu-toolchain-13.3/arm-none-eabi/include/sys/_stdint.h"
 181              		.file 4 "Drivers/CMSIS/Device/ST/STM32F4xx/Include/stm32f407xx.h"
 182              		.file 5 "Drivers/STM32F4xx_HAL_Driver/Inc/stm32f4xx_hal_def.h"
 183              		.file 6 "Drivers/STM32F4xx_HAL_Driver/Inc/stm32f4xx_hal_dma.h"
 184              		.file 7 "Drivers/STM32F4xx_HAL_Driver/Inc/stm32f4xx_hal_dcmi_ex.h"
 185              		.file 8 "Drivers/STM32F4xx_HAL_Driver/Inc/stm32f4xx_hal_dcmi.h"
ARM GAS  /tmp/ccb1UMpB.s 			page 8


DEFINED SYMBOLS
                            *ABS*:00000000 stm32f4xx_hal_dcmi_ex.c
     /tmp/ccb1UMpB.s:21     .text.HAL_DCMI_Init:00000000 $t
     /tmp/ccb1UMpB.s:27     .text.HAL_DCMI_Init:00000000 HAL_DCMI_Init

UNDEFINED SYMBOLS
HAL_DCMI_MspInit
